2018-06-27 16:20:02.9353|INFO|Microsoft.AspNetCore.DataProtection.KeyManagement.XmlKeyManager|User profile is available. Using 'C:\Users\wanis\AppData\Local\ASP.NET\DataProtection-Keys' as key repository and Windows DPAPI to encrypt keys at rest.
2018-06-27 16:20:08.8752|INFO|Microsoft.EntityFrameworkCore.Infrastructure|Entity Framework Core 2.0.0-rtm-26452 initialized 'LibraryContext' using provider 'Microsoft.EntityFrameworkCore.SqlServer' with options: None
2018-06-27 16:20:27.8057|INFO|Microsoft.EntityFrameworkCore.Database.Command|Executed DbCommand (59ms) [Parameters=[], CommandType='Text', CommandTimeout='30']
SELECT OBJECT_ID(N'__EFMigrationsHistory');
2018-06-27 16:20:27.8954|INFO|Microsoft.EntityFrameworkCore.Database.Command|Executed DbCommand (2ms) [Parameters=[], CommandType='Text', CommandTimeout='30']
SELECT OBJECT_ID(N'__EFMigrationsHistory');
2018-06-27 16:20:27.9958|INFO|Microsoft.EntityFrameworkCore.Database.Command|Executed DbCommand (4ms) [Parameters=[], CommandType='Text', CommandTimeout='30']
SELECT [MigrationId], [ProductVersion]
FROM [__EFMigrationsHistory]
ORDER BY [MigrationId];
2018-06-27 16:20:28.0370|INFO|Microsoft.EntityFrameworkCore.Migrations|No migrations were applied. The database is already up to date.
2018-06-27 16:41:43.2995|INFO|Microsoft.AspNetCore.Hosting.Internal.WebHost|Request starting HTTP/1.1 GET http://localhost:44368/api/users  
2018-06-27 16:41:44.3479|INFO|Microsoft.AspNetCore.Hosting.Internal.WebHost|Request starting HTTP/1.1 GET http://localhost:44368/api/users  
2018-06-27 16:41:45.5785|INFO|Marvin.Cache.Headers.HttpCacheHeadersMiddleware|Checking for conditional GET/HEAD.
2018-06-27 16:41:45.5976|INFO|Marvin.Cache.Headers.HttpCacheHeadersMiddleware|Checking for conditional GET/HEAD.
2018-06-27 16:41:45.6297|INFO|Marvin.Cache.Headers.HttpCacheHeadersMiddleware|Not valid - no If-None-Match or If-Modified-Since headers.
2018-06-27 16:41:45.6517|INFO|Marvin.Cache.Headers.HttpCacheHeadersMiddleware|Not valid - no If-None-Match or If-Modified-Since headers.
2018-06-27 16:41:45.6657|INFO|Marvin.Cache.Headers.HttpCacheHeadersMiddleware|Don't generate 304 - Not Modified.  Continue.
2018-06-27 16:41:45.6971|INFO|Marvin.Cache.Headers.HttpCacheHeadersMiddleware|Don't generate 304 - Not Modified.  Continue.
2018-06-27 16:41:45.7298|INFO|Marvin.Cache.Headers.HttpCacheHeadersMiddleware|Checking for conditional PUT/PATCH.
2018-06-27 16:41:45.7506|INFO|Marvin.Cache.Headers.HttpCacheHeadersMiddleware|Checking for conditional PUT/PATCH.
2018-06-27 16:41:45.7644|INFO|Marvin.Cache.Headers.HttpCacheHeadersMiddleware|Not valid - method isn't PUT or PATCH.
2018-06-27 16:41:45.7974|INFO|Marvin.Cache.Headers.HttpCacheHeadersMiddleware|Not valid - method isn't PUT or PATCH.
2018-06-27 16:41:45.8106|INFO|Marvin.Cache.Headers.HttpCacheHeadersMiddleware|Don't generate 412 - Precondition Failed.  Continue.
2018-06-27 16:41:45.8326|INFO|Marvin.Cache.Headers.HttpCacheHeadersMiddleware|Don't generate 412 - Precondition Failed.  Continue.
2018-06-27 16:41:48.0812|INFO|Microsoft.EntityFrameworkCore.Infrastructure|Entity Framework Core 2.0.0-rtm-26452 initialized 'LibraryContext' using provider 'Microsoft.EntityFrameworkCore.SqlServer' with options: None
2018-06-27 16:41:48.1438|INFO|Microsoft.EntityFrameworkCore.Infrastructure|Entity Framework Core 2.0.0-rtm-26452 initialized 'LibraryContext' using provider 'Microsoft.EntityFrameworkCore.SqlServer' with options: None
2018-06-27 16:42:03.1020|INFO|Microsoft.EntityFrameworkCore.Database.Command|Executed DbCommand (359ms) [Parameters=[], CommandType='Text', CommandTimeout='30']
SELECT OBJECT_ID(N'__EFMigrationsHistory');
2018-06-27 16:42:03.2203|INFO|Microsoft.EntityFrameworkCore.Database.Command|Executed DbCommand (359ms) [Parameters=[], CommandType='Text', CommandTimeout='30']
SELECT OBJECT_ID(N'__EFMigrationsHistory');
2018-06-27 16:42:03.2686|INFO|Microsoft.EntityFrameworkCore.Database.Command|Executed DbCommand (4ms) [Parameters=[], CommandType='Text', CommandTimeout='30']
SELECT OBJECT_ID(N'__EFMigrationsHistory');
2018-06-27 16:42:03.4475|INFO|Microsoft.EntityFrameworkCore.Database.Command|Executed DbCommand (4ms) [Parameters=[], CommandType='Text', CommandTimeout='30']
SELECT OBJECT_ID(N'__EFMigrationsHistory');
2018-06-27 16:42:03.5698|INFO|Microsoft.EntityFrameworkCore.Database.Command|Executed DbCommand (19ms) [Parameters=[], CommandType='Text', CommandTimeout='30']
SELECT [MigrationId], [ProductVersion]
FROM [__EFMigrationsHistory]
ORDER BY [MigrationId];
2018-06-27 16:42:03.6616|INFO|Microsoft.EntityFrameworkCore.Database.Command|Executed DbCommand (19ms) [Parameters=[], CommandType='Text', CommandTimeout='30']
SELECT [MigrationId], [ProductVersion]
FROM [__EFMigrationsHistory]
ORDER BY [MigrationId];
2018-06-27 16:42:03.7702|INFO|Microsoft.EntityFrameworkCore.Migrations|No migrations were applied. The database is already up to date.
2018-06-27 16:42:03.8727|INFO|Microsoft.EntityFrameworkCore.Migrations|No migrations were applied. The database is already up to date.
2018-06-27 16:42:05.0297|INFO|Microsoft.AspNetCore.Mvc.Internal.ControllerActionInvoker|Executing action method Library.API.Controllers.UsersController.GetUsers (Library.API) with arguments (Library.API.Helpers.UserResourceParameters, */*) - ModelState is Valid
2018-06-27 16:42:05.0570|INFO|Microsoft.AspNetCore.Mvc.Internal.ControllerActionInvoker|Executing action method Library.API.Controllers.UsersController.GetUsers (Library.API) with arguments (Library.API.Helpers.UserResourceParameters, */*) - ModelState is Valid
2018-06-27 16:42:25.2374|INFO|Microsoft.EntityFrameworkCore.Database.Command|Executed DbCommand (53ms) [Parameters=[], CommandType='Text', CommandTimeout='30']
SELECT COUNT(*)
FROM [Users] AS [u]
2018-06-27 16:42:25.2938|INFO|Microsoft.EntityFrameworkCore.Database.Command|Executed DbCommand (53ms) [Parameters=[], CommandType='Text', CommandTimeout='30']
SELECT COUNT(*)
FROM [Users] AS [u]
2018-06-27 16:42:25.7448|INFO|Microsoft.EntityFrameworkCore.Database.Command|Executed DbCommand (219ms) [Parameters=[@__p_0='?', @__p_1='?'], CommandType='Text', CommandTimeout='30']
SELECT [u].[Id], [u].[FirstName], [u].[IMEI], [u].[LastName], [u].[Password], [u].[UserName], [u].[UserType]
FROM [Users] AS [u]
ORDER BY [u].[FirstName], [u].[LastName]
OFFSET @__p_0 ROWS FETCH NEXT @__p_1 ROWS ONLY
2018-06-27 16:42:25.7610|INFO|Microsoft.EntityFrameworkCore.Database.Command|Executed DbCommand (219ms) [Parameters=[@__p_0='?', @__p_1='?'], CommandType='Text', CommandTimeout='30']
SELECT [u].[Id], [u].[FirstName], [u].[IMEI], [u].[LastName], [u].[Password], [u].[UserName], [u].[UserType]
FROM [Users] AS [u]
ORDER BY [u].[FirstName], [u].[LastName]
OFFSET @__p_0 ROWS FETCH NEXT @__p_1 ROWS ONLY
2018-06-27 16:42:26.8831|INFO|Microsoft.AspNetCore.Mvc.Internal.ObjectResultExecutor|Executing ObjectResult, writing value Microsoft.AspNetCore.Mvc.ControllerContext.
2018-06-27 16:42:26.9103|INFO|Microsoft.AspNetCore.Mvc.Internal.ObjectResultExecutor|Executing ObjectResult, writing value Microsoft.AspNetCore.Mvc.ControllerContext.
2018-06-27 16:42:27.4363|INFO|Microsoft.AspNetCore.Mvc.Internal.ControllerActionInvoker|Executed action Library.API.Controllers.UsersController.GetUsers (Library.API) in 39279.0725ms
2018-06-27 16:42:27.4931|INFO|Microsoft.AspNetCore.Mvc.Internal.ControllerActionInvoker|Executed action Library.API.Controllers.UsersController.GetUsers (Library.API) in 39279.0725ms
2018-06-27 16:42:27.5317|INFO|Marvin.Cache.Headers.HttpCacheHeadersMiddleware|Generating expiration headers.
2018-06-27 16:42:27.5516|INFO|Marvin.Cache.Headers.HttpCacheHeadersMiddleware|Generating expiration headers.
2018-06-27 16:42:27.5743|INFO|Marvin.Cache.Headers.HttpCacheHeadersMiddleware|Expiration headers generated. Expires: Wed, 27 Jun 2018 20:52:27 GMT.  Cache-Control: public,max-age=600,must-revalidate.
2018-06-27 16:42:27.5962|INFO|Marvin.Cache.Headers.HttpCacheHeadersMiddleware|Expiration headers generated. Expires: Wed, 27 Jun 2018 20:52:27 GMT.  Cache-Control: public,max-age=600,must-revalidate.
2018-06-27 16:42:27.6105|INFO|Marvin.Cache.Headers.HttpCacheHeadersMiddleware|Generating Validation headers.
2018-06-27 16:42:27.6459|INFO|Marvin.Cache.Headers.HttpCacheHeadersMiddleware|Generating Validation headers.
2018-06-27 16:42:27.7483|INFO|Marvin.Cache.Headers.HttpCacheHeadersMiddleware|Validation headers generated. ETag: AB75C3F1326EEFBB81E3199C07478719. Last-Modified: Wed, 27 Jun 2018 20:42:27 GMT
2018-06-27 16:42:27.7818|INFO|Marvin.Cache.Headers.HttpCacheHeadersMiddleware|Validation headers generated. ETag: AB75C3F1326EEFBB81E3199C07478719. Last-Modified: Wed, 27 Jun 2018 20:42:27 GMT
2018-06-27 16:42:27.7999|INFO|Marvin.Cache.Headers.HttpCacheHeadersMiddleware|Generating Vary header.
2018-06-27 16:42:27.8136|INFO|Marvin.Cache.Headers.HttpCacheHeadersMiddleware|Generating Vary header.
2018-06-27 16:42:27.8278|INFO|Marvin.Cache.Headers.HttpCacheHeadersMiddleware|Vary header generated: Accept, Accept-Language, Accept-Encoding.
2018-06-27 16:42:27.8603|INFO|Marvin.Cache.Headers.HttpCacheHeadersMiddleware|Vary header generated: Accept, Accept-Language, Accept-Encoding.
2018-06-27 16:42:28.0242|INFO|Microsoft.AspNetCore.Hosting.Internal.WebHost|Request finished in 44745.8365ms 200 application/json; charset=utf-8
2018-06-27 16:42:28.0489|INFO|Microsoft.AspNetCore.Hosting.Internal.WebHost|Request finished in 44745.8365ms 200 application/json; charset=utf-8
2018-06-27 17:19:06.4772|INFO|Microsoft.AspNetCore.DataProtection.KeyManagement.XmlKeyManager|User profile is available. Using 'C:\Users\wanis\AppData\Local\ASP.NET\DataProtection-Keys' as key repository and Windows DPAPI to encrypt keys at rest.
2018-06-27 17:19:09.8452|INFO|Microsoft.EntityFrameworkCore.Infrastructure|Entity Framework Core 2.0.0-rtm-26452 initialized 'LibraryContext' using provider 'Microsoft.EntityFrameworkCore.SqlServer' with options: None
2018-06-27 17:19:30.0755|INFO|Microsoft.EntityFrameworkCore.Database.Command|Executed DbCommand (596ms) [Parameters=[], CommandType='Text', CommandTimeout='30']
SELECT OBJECT_ID(N'__EFMigrationsHistory');
2018-06-27 17:19:30.1266|INFO|Microsoft.EntityFrameworkCore.Database.Command|Executed DbCommand (0ms) [Parameters=[], CommandType='Text', CommandTimeout='30']
SELECT OBJECT_ID(N'__EFMigrationsHistory');
2018-06-27 17:19:30.2833|INFO|Microsoft.EntityFrameworkCore.Database.Command|Executed DbCommand (18ms) [Parameters=[], CommandType='Text', CommandTimeout='30']
SELECT [MigrationId], [ProductVersion]
FROM [__EFMigrationsHistory]
ORDER BY [MigrationId];
2018-06-27 17:19:30.3228|INFO|Microsoft.EntityFrameworkCore.Migrations|No migrations were applied. The database is already up to date.
2018-06-27 17:19:37.4546|INFO|Microsoft.AspNetCore.Hosting.Internal.WebHost|Request starting HTTP/1.1 GET http://localhost:44368/  
2018-06-27 17:19:37.4546|INFO|Microsoft.AspNetCore.Hosting.Internal.WebHost|Request starting HTTP/1.1 GET http://localhost:44368/  
2018-06-27 17:19:37.8603|INFO|Microsoft.AspNetCore.Hosting.Internal.WebHost|Request starting HTTP/1.1 GET http://localhost:44368/  
2018-06-27 17:19:37.8603|INFO|Microsoft.AspNetCore.Hosting.Internal.WebHost|Request starting HTTP/1.1 GET http://localhost:44368/  
2018-06-27 17:19:38.1727|INFO|Microsoft.AspNetCore.ResponseCaching.ResponseCachingMiddleware|No cached response available for this request.
2018-06-27 17:19:38.1727|INFO|Microsoft.AspNetCore.ResponseCaching.ResponseCachingMiddleware|No cached response available for this request.
2018-06-27 17:19:38.1727|INFO|Microsoft.AspNetCore.ResponseCaching.ResponseCachingMiddleware|No cached response available for this request.
2018-06-27 17:19:38.1893|INFO|Microsoft.AspNetCore.ResponseCaching.ResponseCachingMiddleware|No cached response available for this request.
2018-06-27 17:19:38.2834|INFO|Marvin.Cache.Headers.HttpCacheHeadersMiddleware|Checking for conditional GET/HEAD.
2018-06-27 17:19:38.2834|INFO|Marvin.Cache.Headers.HttpCacheHeadersMiddleware|Checking for conditional GET/HEAD.
2018-06-27 17:19:38.3169|INFO|Marvin.Cache.Headers.HttpCacheHeadersMiddleware|Checking for conditional GET/HEAD.
2018-06-27 17:19:38.3169|INFO|Marvin.Cache.Headers.HttpCacheHeadersMiddleware|Checking for conditional GET/HEAD.
2018-06-27 17:19:38.3908|INFO|Marvin.Cache.Headers.HttpCacheHeadersMiddleware|Not valid - no If-None-Match or If-Modified-Since headers.
2018-06-27 17:19:38.3908|INFO|Marvin.Cache.Headers.HttpCacheHeadersMiddleware|Not valid - no If-None-Match or If-Modified-Since headers.
2018-06-27 17:19:38.4243|INFO|Marvin.Cache.Headers.HttpCacheHeadersMiddleware|Not valid - no If-None-Match or If-Modified-Since headers.
2018-06-27 17:19:38.4579|INFO|Marvin.Cache.Headers.HttpCacheHeadersMiddleware|Not valid - no If-None-Match or If-Modified-Since headers.
2018-06-27 17:19:38.4579|INFO|Marvin.Cache.Headers.HttpCacheHeadersMiddleware|Don't generate 304 - Not Modified.  Continue.
2018-06-27 17:19:38.4691|INFO|Marvin.Cache.Headers.HttpCacheHeadersMiddleware|Don't generate 304 - Not Modified.  Continue.
2018-06-27 17:19:38.4996|INFO|Marvin.Cache.Headers.HttpCacheHeadersMiddleware|Don't generate 304 - Not Modified.  Continue.
2018-06-27 17:19:38.4996|INFO|Marvin.Cache.Headers.HttpCacheHeadersMiddleware|Don't generate 304 - Not Modified.  Continue.
2018-06-27 17:19:38.5471|INFO|Marvin.Cache.Headers.HttpCacheHeadersMiddleware|Checking for conditional PUT/PATCH.
2018-06-27 17:19:38.5471|INFO|Marvin.Cache.Headers.HttpCacheHeadersMiddleware|Checking for conditional PUT/PATCH.
2018-06-27 17:19:38.6089|INFO|Marvin.Cache.Headers.HttpCacheHeadersMiddleware|Checking for conditional PUT/PATCH.
2018-06-27 17:19:38.6089|INFO|Marvin.Cache.Headers.HttpCacheHeadersMiddleware|Checking for conditional PUT/PATCH.
2018-06-27 17:19:38.6403|INFO|Marvin.Cache.Headers.HttpCacheHeadersMiddleware|Not valid - method isn't PUT or PATCH.
2018-06-27 17:19:38.6403|INFO|Marvin.Cache.Headers.HttpCacheHeadersMiddleware|Not valid - method isn't PUT or PATCH.
2018-06-27 17:19:38.7031|INFO|Marvin.Cache.Headers.HttpCacheHeadersMiddleware|Not valid - method isn't PUT or PATCH.
2018-06-27 17:19:38.7031|INFO|Marvin.Cache.Headers.HttpCacheHeadersMiddleware|Not valid - method isn't PUT or PATCH.
2018-06-27 17:19:38.7031|INFO|Marvin.Cache.Headers.HttpCacheHeadersMiddleware|Don't generate 412 - Precondition Failed.  Continue.
2018-06-27 17:19:38.7346|INFO|Marvin.Cache.Headers.HttpCacheHeadersMiddleware|Don't generate 412 - Precondition Failed.  Continue.
2018-06-27 17:19:38.7702|INFO|Marvin.Cache.Headers.HttpCacheHeadersMiddleware|Don't generate 412 - Precondition Failed.  Continue.
2018-06-27 17:19:38.7702|INFO|Marvin.Cache.Headers.HttpCacheHeadersMiddleware|Don't generate 412 - Precondition Failed.  Continue.
2018-06-27 17:19:40.0782|INFO|Marvin.Cache.Headers.HttpCacheHeadersMiddleware|Generating expiration headers.
2018-06-27 17:19:40.0782|INFO|Marvin.Cache.Headers.HttpCacheHeadersMiddleware|Generating expiration headers.
2018-06-27 17:19:40.1399|INFO|Marvin.Cache.Headers.HttpCacheHeadersMiddleware|Generating expiration headers.
2018-06-27 17:19:40.1710|INFO|Marvin.Cache.Headers.HttpCacheHeadersMiddleware|Generating expiration headers.
2018-06-27 17:19:40.1710|INFO|Marvin.Cache.Headers.HttpCacheHeadersMiddleware|Expiration headers generated. Expires: Wed, 27 Jun 2018 21:29:40 GMT.  Cache-Control: public,max-age=600,must-revalidate.
2018-06-27 17:19:40.2022|INFO|Marvin.Cache.Headers.HttpCacheHeadersMiddleware|Expiration headers generated. Expires: Wed, 27 Jun 2018 21:29:40 GMT.  Cache-Control: public,max-age=600,must-revalidate.
2018-06-27 17:19:40.2677|INFO|Marvin.Cache.Headers.HttpCacheHeadersMiddleware|Expiration headers generated. Expires: Wed, 27 Jun 2018 21:29:40 GMT.  Cache-Control: public,max-age=600,must-revalidate.
2018-06-27 17:19:40.3012|INFO|Marvin.Cache.Headers.HttpCacheHeadersMiddleware|Expiration headers generated. Expires: Wed, 27 Jun 2018 21:29:40 GMT.  Cache-Control: public,max-age=600,must-revalidate.
2018-06-27 17:19:40.3270|INFO|Marvin.Cache.Headers.HttpCacheHeadersMiddleware|Generating Validation headers.
2018-06-27 17:19:40.3270|INFO|Marvin.Cache.Headers.HttpCacheHeadersMiddleware|Generating Validation headers.
2018-06-27 17:19:40.3898|INFO|Marvin.Cache.Headers.HttpCacheHeadersMiddleware|Generating Validation headers.
2018-06-27 17:19:40.3898|INFO|Marvin.Cache.Headers.HttpCacheHeadersMiddleware|Generating Validation headers.
2018-06-27 17:19:40.4378|INFO|Marvin.Cache.Headers.HttpCacheHeadersMiddleware|Validation headers generated. ETag: F58FAE4EFEC0AF0229BC640655F7D23F. Last-Modified: Wed, 27 Jun 2018 21:19:40 GMT
2018-06-27 17:19:40.4378|INFO|Marvin.Cache.Headers.HttpCacheHeadersMiddleware|Validation headers generated. ETag: F58FAE4EFEC0AF0229BC640655F7D23F. Last-Modified: Wed, 27 Jun 2018 21:19:40 GMT
2018-06-27 17:19:40.4682|INFO|Marvin.Cache.Headers.HttpCacheHeadersMiddleware|Validation headers generated. ETag: F58FAE4EFEC0AF0229BC640655F7D23F. Last-Modified: Wed, 27 Jun 2018 21:19:40 GMT
2018-06-27 17:19:40.4906|INFO|Marvin.Cache.Headers.HttpCacheHeadersMiddleware|Validation headers generated. ETag: F58FAE4EFEC0AF0229BC640655F7D23F. Last-Modified: Wed, 27 Jun 2018 21:19:40 GMT
2018-06-27 17:19:40.4906|INFO|Marvin.Cache.Headers.HttpCacheHeadersMiddleware|Generating Vary header.
2018-06-27 17:19:40.5018|INFO|Marvin.Cache.Headers.HttpCacheHeadersMiddleware|Generating Vary header.
2018-06-27 17:19:40.5441|INFO|Marvin.Cache.Headers.HttpCacheHeadersMiddleware|Generating Vary header.
2018-06-27 17:19:40.5770|INFO|Marvin.Cache.Headers.HttpCacheHeadersMiddleware|Generating Vary header.
2018-06-27 17:19:40.5770|INFO|Marvin.Cache.Headers.HttpCacheHeadersMiddleware|Vary header generated: Accept, Accept-Language, Accept-Encoding.
2018-06-27 17:19:40.5770|INFO|Marvin.Cache.Headers.HttpCacheHeadersMiddleware|Vary header generated: Accept, Accept-Language, Accept-Encoding.
2018-06-27 17:19:40.6400|INFO|Marvin.Cache.Headers.HttpCacheHeadersMiddleware|Vary header generated: Accept, Accept-Language, Accept-Encoding.
2018-06-27 17:19:40.6773|INFO|Marvin.Cache.Headers.HttpCacheHeadersMiddleware|Vary header generated: Accept, Accept-Language, Accept-Encoding.
2018-06-27 17:19:40.8798|INFO|Microsoft.AspNetCore.ResponseCaching.ResponseCachingMiddleware|The response could not be cached for this request.
2018-06-27 17:19:40.8798|INFO|Microsoft.AspNetCore.ResponseCaching.ResponseCachingMiddleware|The response could not be cached for this request.
2018-06-27 17:19:40.9054|INFO|Microsoft.AspNetCore.ResponseCaching.ResponseCachingMiddleware|The response could not be cached for this request.
2018-06-27 17:19:40.9054|INFO|Microsoft.AspNetCore.ResponseCaching.ResponseCachingMiddleware|The response could not be cached for this request.
2018-06-27 17:19:40.9537|INFO|Microsoft.AspNetCore.Hosting.Internal.WebHost|Request finished in 3552.1011ms 404 
2018-06-27 17:19:40.9537|INFO|Microsoft.AspNetCore.Hosting.Internal.WebHost|Request finished in 3563.6637ms 404 
2018-06-27 17:19:40.9680|INFO|Microsoft.AspNetCore.Hosting.Internal.WebHost|Request finished in 3552.1011ms 404 
2018-06-27 17:19:41.0651|INFO|Microsoft.AspNetCore.Hosting.Internal.WebHost|Request finished in 3563.6637ms 404 
2018-06-27 18:18:00.9654|WARN|Microsoft.AspNetCore.Server.Kestrel|Heartbeat took longer than "00:00:01" at "06/27/2018 22:17:58 +00:00".
2018-06-27 18:18:03.8328|WARN|Microsoft.AspNetCore.Server.Kestrel|Heartbeat took longer than "00:00:01" at "06/27/2018 22:17:58 +00:00".
2018-06-27 22:00:58.9240|INFO|Microsoft.AspNetCore.Hosting.Internal.WebHost|Request starting HTTP/1.1 GET http://localhost:44368/api/users  
2018-06-27 22:01:03.4261|INFO|Microsoft.AspNetCore.Hosting.Internal.WebHost|Request starting HTTP/1.1 GET http://localhost:44368/api/users  
2018-06-27 22:01:08.1469|INFO|Marvin.Cache.Headers.HttpCacheHeadersMiddleware|Checking for conditional GET/HEAD.
2018-06-27 22:01:08.4570|INFO|Marvin.Cache.Headers.HttpCacheHeadersMiddleware|Checking for conditional GET/HEAD.
2018-06-27 22:01:08.5151|INFO|Marvin.Cache.Headers.HttpCacheHeadersMiddleware|Not valid - no If-None-Match or If-Modified-Since headers.
2018-06-27 22:01:08.7241|INFO|Marvin.Cache.Headers.HttpCacheHeadersMiddleware|Not valid - no If-None-Match or If-Modified-Since headers.
2018-06-27 22:01:08.8647|INFO|Marvin.Cache.Headers.HttpCacheHeadersMiddleware|Don't generate 304 - Not Modified.  Continue.
2018-06-27 22:01:08.9729|INFO|Marvin.Cache.Headers.HttpCacheHeadersMiddleware|Don't generate 304 - Not Modified.  Continue.
2018-06-27 22:01:08.9791|INFO|Marvin.Cache.Headers.HttpCacheHeadersMiddleware|Checking for conditional PUT/PATCH.
2018-06-27 22:01:09.0426|INFO|Marvin.Cache.Headers.HttpCacheHeadersMiddleware|Checking for conditional PUT/PATCH.
2018-06-27 22:01:09.1455|INFO|Marvin.Cache.Headers.HttpCacheHeadersMiddleware|Not valid - method isn't PUT or PATCH.
2018-06-27 22:01:09.1558|INFO|Marvin.Cache.Headers.HttpCacheHeadersMiddleware|Not valid - method isn't PUT or PATCH.
2018-06-27 22:01:09.1810|INFO|Marvin.Cache.Headers.HttpCacheHeadersMiddleware|Don't generate 412 - Precondition Failed.  Continue.
2018-06-27 22:01:09.2164|INFO|Marvin.Cache.Headers.HttpCacheHeadersMiddleware|Don't generate 412 - Precondition Failed.  Continue.
2018-06-27 22:01:44.9345|INFO|Microsoft.EntityFrameworkCore.Infrastructure|Entity Framework Core 2.0.0-rtm-26452 initialized 'LibraryContext' using provider 'Microsoft.EntityFrameworkCore.SqlServer' with options: None
2018-06-27 22:01:45.2851|INFO|Microsoft.EntityFrameworkCore.Infrastructure|Entity Framework Core 2.0.0-rtm-26452 initialized 'LibraryContext' using provider 'Microsoft.EntityFrameworkCore.SqlServer' with options: None
2018-06-27 22:02:46.7997|INFO|Microsoft.EntityFrameworkCore.Database.Command|Executed DbCommand (56ms) [Parameters=[], CommandType='Text', CommandTimeout='30']
SELECT OBJECT_ID(N'__EFMigrationsHistory');
2018-06-27 22:02:46.9434|INFO|Microsoft.EntityFrameworkCore.Database.Command|Executed DbCommand (56ms) [Parameters=[], CommandType='Text', CommandTimeout='30']
SELECT OBJECT_ID(N'__EFMigrationsHistory');
2018-06-27 22:02:47.2853|INFO|Microsoft.EntityFrameworkCore.Database.Command|Executed DbCommand (334ms) [Parameters=[], CommandType='Text', CommandTimeout='30']
SELECT OBJECT_ID(N'__EFMigrationsHistory');
2018-06-27 22:02:47.2935|INFO|Microsoft.EntityFrameworkCore.Database.Command|Executed DbCommand (334ms) [Parameters=[], CommandType='Text', CommandTimeout='30']
SELECT OBJECT_ID(N'__EFMigrationsHistory');
2018-06-27 22:02:53.6310|INFO|Microsoft.EntityFrameworkCore.Database.Command|Executed DbCommand (961ms) [Parameters=[], CommandType='Text', CommandTimeout='30']
SELECT [MigrationId], [ProductVersion]
FROM [__EFMigrationsHistory]
ORDER BY [MigrationId];
2018-06-27 22:02:53.9820|INFO|Microsoft.EntityFrameworkCore.Database.Command|Executed DbCommand (961ms) [Parameters=[], CommandType='Text', CommandTimeout='30']
SELECT [MigrationId], [ProductVersion]
FROM [__EFMigrationsHistory]
ORDER BY [MigrationId];
2018-06-27 22:02:55.3184|INFO|Microsoft.EntityFrameworkCore.Migrations|No migrations were applied. The database is already up to date.
2018-06-27 22:02:55.8136|INFO|Microsoft.EntityFrameworkCore.Migrations|No migrations were applied. The database is already up to date.
2018-06-27 22:03:04.5422|INFO|Microsoft.AspNetCore.Mvc.Internal.ControllerActionInvoker|Executing action method Library.API.Controllers.UsersController.GetUsers (Library.API) with arguments (Library.API.Helpers.UserResourceParameters, */*) - ModelState is Valid
2018-06-27 22:03:04.5422|INFO|Microsoft.AspNetCore.Mvc.Internal.ControllerActionInvoker|Executing action method Library.API.Controllers.UsersController.GetUsers (Library.API) with arguments (Library.API.Helpers.UserResourceParameters, */*) - ModelState is Valid
2018-06-27 22:03:37.1042|INFO|Microsoft.AspNetCore.Hosting.Internal.WebHost|Request starting HTTP/1.1 GET http://localhost:44368/api/users  
2018-06-27 22:03:37.3043|INFO|Microsoft.AspNetCore.Hosting.Internal.WebHost|Request starting HTTP/1.1 GET http://localhost:44368/api/users  
2018-06-27 22:03:37.7191|INFO|Marvin.Cache.Headers.HttpCacheHeadersMiddleware|Checking for conditional GET/HEAD.
2018-06-27 22:03:37.7318|INFO|Marvin.Cache.Headers.HttpCacheHeadersMiddleware|Checking for conditional GET/HEAD.
2018-06-27 22:03:37.7318|INFO|Marvin.Cache.Headers.HttpCacheHeadersMiddleware|Not valid - no If-None-Match or If-Modified-Since headers.
2018-06-27 22:03:37.7478|INFO|Marvin.Cache.Headers.HttpCacheHeadersMiddleware|Not valid - no If-None-Match or If-Modified-Since headers.
2018-06-27 22:03:37.7730|INFO|Marvin.Cache.Headers.HttpCacheHeadersMiddleware|Don't generate 304 - Not Modified.  Continue.
2018-06-27 22:03:37.7730|INFO|Marvin.Cache.Headers.HttpCacheHeadersMiddleware|Don't generate 304 - Not Modified.  Continue.
2018-06-27 22:03:37.8053|INFO|Marvin.Cache.Headers.HttpCacheHeadersMiddleware|Checking for conditional PUT/PATCH.
2018-06-27 22:03:37.8053|INFO|Marvin.Cache.Headers.HttpCacheHeadersMiddleware|Checking for conditional PUT/PATCH.
2018-06-27 22:03:37.8215|INFO|Marvin.Cache.Headers.HttpCacheHeadersMiddleware|Not valid - method isn't PUT or PATCH.
2018-06-27 22:03:37.8215|INFO|Marvin.Cache.Headers.HttpCacheHeadersMiddleware|Not valid - method isn't PUT or PATCH.
2018-06-27 22:03:37.8582|INFO|Marvin.Cache.Headers.HttpCacheHeadersMiddleware|Don't generate 412 - Precondition Failed.  Continue.
2018-06-27 22:03:37.8683|INFO|Marvin.Cache.Headers.HttpCacheHeadersMiddleware|Don't generate 412 - Precondition Failed.  Continue.
2018-06-27 22:03:38.1557|INFO|Microsoft.EntityFrameworkCore.Infrastructure|Entity Framework Core 2.0.0-rtm-26452 initialized 'LibraryContext' using provider 'Microsoft.EntityFrameworkCore.SqlServer' with options: None
2018-06-27 22:03:38.1852|INFO|Microsoft.EntityFrameworkCore.Infrastructure|Entity Framework Core 2.0.0-rtm-26452 initialized 'LibraryContext' using provider 'Microsoft.EntityFrameworkCore.SqlServer' with options: None
2018-06-27 22:03:38.2342|INFO|Microsoft.EntityFrameworkCore.Database.Command|Executed DbCommand (0ms) [Parameters=[], CommandType='Text', CommandTimeout='30']
SELECT OBJECT_ID(N'__EFMigrationsHistory');
2018-06-27 22:03:38.2600|INFO|Microsoft.EntityFrameworkCore.Database.Command|Executed DbCommand (0ms) [Parameters=[], CommandType='Text', CommandTimeout='30']
SELECT OBJECT_ID(N'__EFMigrationsHistory');
2018-06-27 22:03:38.3180|INFO|Microsoft.EntityFrameworkCore.Database.Command|Executed DbCommand (1ms) [Parameters=[], CommandType='Text', CommandTimeout='30']
SELECT OBJECT_ID(N'__EFMigrationsHistory');
2018-06-27 22:03:39.1882|INFO|Microsoft.EntityFrameworkCore.Database.Command|Executed DbCommand (1ms) [Parameters=[], CommandType='Text', CommandTimeout='30']
SELECT OBJECT_ID(N'__EFMigrationsHistory');
2018-06-27 22:03:39.2161|INFO|Microsoft.EntityFrameworkCore.Database.Command|Executed DbCommand (1ms) [Parameters=[], CommandType='Text', CommandTimeout='30']
SELECT [MigrationId], [ProductVersion]
FROM [__EFMigrationsHistory]
ORDER BY [MigrationId];
2018-06-27 22:03:39.2453|INFO|Microsoft.EntityFrameworkCore.Database.Command|Executed DbCommand (1ms) [Parameters=[], CommandType='Text', CommandTimeout='30']
SELECT [MigrationId], [ProductVersion]
FROM [__EFMigrationsHistory]
ORDER BY [MigrationId];
2018-06-27 22:03:39.2453|INFO|Microsoft.EntityFrameworkCore.Migrations|No migrations were applied. The database is already up to date.
2018-06-27 22:03:39.2789|INFO|Microsoft.EntityFrameworkCore.Migrations|No migrations were applied. The database is already up to date.
2018-06-27 22:03:39.2789|INFO|Microsoft.AspNetCore.Mvc.Internal.ControllerActionInvoker|Executing action method Library.API.Controllers.UsersController.GetUsers (Library.API) with arguments (Library.API.Helpers.UserResourceParameters, */*) - ModelState is Valid
2018-06-27 22:03:39.3126|INFO|Microsoft.AspNetCore.Mvc.Internal.ControllerActionInvoker|Executing action method Library.API.Controllers.UsersController.GetUsers (Library.API) with arguments (Library.API.Helpers.UserResourceParameters, */*) - ModelState is Valid
2018-06-27 22:03:56.0506|INFO|Microsoft.EntityFrameworkCore.Database.Command|Executed DbCommand (628ms) [Parameters=[], CommandType='Text', CommandTimeout='30']
SELECT COUNT(*)
FROM [Users] AS [u]
2018-06-27 22:03:56.0553|INFO|Microsoft.EntityFrameworkCore.Database.Command|Executed DbCommand (628ms) [Parameters=[], CommandType='Text', CommandTimeout='30']
SELECT COUNT(*)
FROM [Users] AS [u]
2018-06-27 22:03:56.1232|INFO|Microsoft.EntityFrameworkCore.Database.Command|Executed DbCommand (628ms) [Parameters=[], CommandType='Text', CommandTimeout='30']
SELECT COUNT(*)
FROM [Users] AS [u]
2018-06-27 22:03:56.1530|INFO|Microsoft.EntityFrameworkCore.Database.Command|Executed DbCommand (628ms) [Parameters=[], CommandType='Text', CommandTimeout='30']
SELECT COUNT(*)
FROM [Users] AS [u]
2018-06-27 22:03:57.2714|INFO|Microsoft.EntityFrameworkCore.Database.Command|Executed DbCommand (847ms) [Parameters=[@__p_0='?', @__p_1='?'], CommandType='Text', CommandTimeout='30']
SELECT [u].[Id], [u].[FirstName], [u].[IMEI], [u].[LastName], [u].[Password], [u].[UserName], [u].[UserType]
FROM [Users] AS [u]
ORDER BY [u].[FirstName], [u].[LastName]
OFFSET @__p_0 ROWS FETCH NEXT @__p_1 ROWS ONLY
2018-06-27 22:03:57.3650|INFO|Microsoft.EntityFrameworkCore.Database.Command|Executed DbCommand (853ms) [Parameters=[@__p_0='?', @__p_1='?'], CommandType='Text', CommandTimeout='30']
SELECT [u].[Id], [u].[FirstName], [u].[IMEI], [u].[LastName], [u].[Password], [u].[UserName], [u].[UserType]
FROM [Users] AS [u]
ORDER BY [u].[FirstName], [u].[LastName]
OFFSET @__p_0 ROWS FETCH NEXT @__p_1 ROWS ONLY
2018-06-27 22:03:57.3809|INFO|Microsoft.EntityFrameworkCore.Database.Command|Executed DbCommand (853ms) [Parameters=[@__p_0='?', @__p_1='?'], CommandType='Text', CommandTimeout='30']
SELECT [u].[Id], [u].[FirstName], [u].[IMEI], [u].[LastName], [u].[Password], [u].[UserName], [u].[UserType]
FROM [Users] AS [u]
ORDER BY [u].[FirstName], [u].[LastName]
OFFSET @__p_0 ROWS FETCH NEXT @__p_1 ROWS ONLY
2018-06-27 22:03:57.3950|INFO|Microsoft.EntityFrameworkCore.Database.Command|Executed DbCommand (847ms) [Parameters=[@__p_0='?', @__p_1='?'], CommandType='Text', CommandTimeout='30']
SELECT [u].[Id], [u].[FirstName], [u].[IMEI], [u].[LastName], [u].[Password], [u].[UserName], [u].[UserType]
FROM [Users] AS [u]
ORDER BY [u].[FirstName], [u].[LastName]
OFFSET @__p_0 ROWS FETCH NEXT @__p_1 ROWS ONLY
2018-06-27 22:03:59.2036|INFO|Microsoft.AspNetCore.Mvc.Internal.ObjectResultExecutor|Executing ObjectResult, writing value Microsoft.AspNetCore.Mvc.ControllerContext.
2018-06-27 22:03:59.2125|INFO|Microsoft.AspNetCore.Mvc.Internal.ObjectResultExecutor|Executing ObjectResult, writing value Microsoft.AspNetCore.Mvc.ControllerContext.
2018-06-27 22:03:59.2859|INFO|Microsoft.AspNetCore.Mvc.Internal.ObjectResultExecutor|Executing ObjectResult, writing value Microsoft.AspNetCore.Mvc.ControllerContext.
2018-06-27 22:03:59.2859|INFO|Microsoft.AspNetCore.Mvc.Internal.ObjectResultExecutor|Executing ObjectResult, writing value Microsoft.AspNetCore.Mvc.ControllerContext.
2018-06-27 22:04:02.1859|INFO|Microsoft.AspNetCore.Mvc.Internal.ControllerActionInvoker|Executed action Library.API.Controllers.UsersController.GetUsers (Library.API) in 24052.6891ms
2018-06-27 22:04:02.1859|INFO|Microsoft.AspNetCore.Mvc.Internal.ControllerActionInvoker|Executed action Library.API.Controllers.UsersController.GetUsers (Library.API) in 139821.7567ms
2018-06-27 22:04:02.3024|INFO|Microsoft.AspNetCore.Mvc.Internal.ControllerActionInvoker|Executed action Library.API.Controllers.UsersController.GetUsers (Library.API) in 24052.6891ms
2018-06-27 22:04:02.3264|INFO|Microsoft.AspNetCore.Mvc.Internal.ControllerActionInvoker|Executed action Library.API.Controllers.UsersController.GetUsers (Library.API) in 139821.7567ms
2018-06-27 22:04:02.3361|INFO|Marvin.Cache.Headers.HttpCacheHeadersMiddleware|Generating expiration headers.
2018-06-27 22:04:02.3622|INFO|Marvin.Cache.Headers.HttpCacheHeadersMiddleware|Generating expiration headers.
2018-06-27 22:04:02.3692|INFO|Marvin.Cache.Headers.HttpCacheHeadersMiddleware|Generating expiration headers.
2018-06-27 22:04:02.3974|INFO|Marvin.Cache.Headers.HttpCacheHeadersMiddleware|Generating expiration headers.
2018-06-27 22:04:02.4022|INFO|Marvin.Cache.Headers.HttpCacheHeadersMiddleware|Expiration headers generated. Expires: Thu, 28 Jun 2018 02:14:02 GMT.  Cache-Control: public,max-age=600,must-revalidate.
2018-06-27 22:04:02.4135|INFO|Marvin.Cache.Headers.HttpCacheHeadersMiddleware|Expiration headers generated. Expires: Thu, 28 Jun 2018 02:14:02 GMT.  Cache-Control: public,max-age=600,must-revalidate.
2018-06-27 22:04:02.4563|INFO|Marvin.Cache.Headers.HttpCacheHeadersMiddleware|Expiration headers generated. Expires: Thu, 28 Jun 2018 02:14:02 GMT.  Cache-Control: public,max-age=600,must-revalidate.
2018-06-27 22:04:02.4889|INFO|Marvin.Cache.Headers.HttpCacheHeadersMiddleware|Expiration headers generated. Expires: Thu, 28 Jun 2018 02:14:02 GMT.  Cache-Control: public,max-age=600,must-revalidate.
2018-06-27 22:04:02.4889|INFO|Marvin.Cache.Headers.HttpCacheHeadersMiddleware|Generating Validation headers.
2018-06-27 22:04:02.5026|INFO|Marvin.Cache.Headers.HttpCacheHeadersMiddleware|Generating Validation headers.
2018-06-27 22:04:02.5373|INFO|Marvin.Cache.Headers.HttpCacheHeadersMiddleware|Generating Validation headers.
2018-06-27 22:04:02.5511|INFO|Marvin.Cache.Headers.HttpCacheHeadersMiddleware|Generating Validation headers.
2018-06-27 22:04:02.6050|INFO|Marvin.Cache.Headers.HttpCacheHeadersMiddleware|Validation headers generated. ETag: AB75C3F1326EEFBB81E3199C07478719. Last-Modified: Thu, 28 Jun 2018 02:04:02 GMT
2018-06-27 22:04:02.6050|INFO|Marvin.Cache.Headers.HttpCacheHeadersMiddleware|Validation headers generated. ETag: AB75C3F1326EEFBB81E3199C07478719. Last-Modified: Thu, 28 Jun 2018 02:04:02 GMT
2018-06-27 22:04:02.6677|INFO|Marvin.Cache.Headers.HttpCacheHeadersMiddleware|Validation headers generated. ETag: AB75C3F1326EEFBB81E3199C07478719. Last-Modified: Thu, 28 Jun 2018 02:04:02 GMT
2018-06-27 22:04:02.6677|INFO|Marvin.Cache.Headers.HttpCacheHeadersMiddleware|Validation headers generated. ETag: AB75C3F1326EEFBB81E3199C07478719. Last-Modified: Thu, 28 Jun 2018 02:04:02 GMT
2018-06-27 22:04:02.6965|INFO|Marvin.Cache.Headers.HttpCacheHeadersMiddleware|Generating Vary header.
2018-06-27 22:04:02.7228|INFO|Marvin.Cache.Headers.HttpCacheHeadersMiddleware|Generating Vary header.
2018-06-27 22:04:02.9239|INFO|Marvin.Cache.Headers.HttpCacheHeadersMiddleware|Generating Vary header.
2018-06-27 22:04:02.9302|INFO|Marvin.Cache.Headers.HttpCacheHeadersMiddleware|Generating Vary header.
2018-06-27 22:04:02.9575|INFO|Marvin.Cache.Headers.HttpCacheHeadersMiddleware|Vary header generated: Accept, Accept-Language, Accept-Encoding.
2018-06-27 22:04:02.9649|INFO|Marvin.Cache.Headers.HttpCacheHeadersMiddleware|Vary header generated: Accept, Accept-Language, Accept-Encoding.
2018-06-27 22:04:02.9649|INFO|Marvin.Cache.Headers.HttpCacheHeadersMiddleware|Vary header generated: Accept, Accept-Language, Accept-Encoding.
2018-06-27 22:04:02.9839|INFO|Marvin.Cache.Headers.HttpCacheHeadersMiddleware|Vary header generated: Accept, Accept-Language, Accept-Encoding.
2018-06-27 22:04:03.2209|INFO|Microsoft.AspNetCore.Hosting.Internal.WebHost|Request finished in 185820.6719ms 200 application/json; charset=utf-8
2018-06-27 22:04:03.3982|INFO|Microsoft.AspNetCore.Hosting.Internal.WebHost|Request finished in 185820.6719ms 200 application/json; charset=utf-8
2018-06-27 22:04:03.5782|INFO|Microsoft.AspNetCore.Hosting.Internal.WebHost|Request finished in 26417.351ms 200 application/json; charset=utf-8
2018-06-27 22:04:03.5908|INFO|Microsoft.AspNetCore.Hosting.Internal.WebHost|Request finished in 26417.351ms 200 application/json; charset=utf-8
2018-06-27 22:26:53.6977|INFO|Microsoft.AspNetCore.DataProtection.KeyManagement.XmlKeyManager|User profile is available. Using 'C:\Users\wanis\AppData\Local\ASP.NET\DataProtection-Keys' as key repository and Windows DPAPI to encrypt keys at rest.
2018-06-27 22:27:04.3720|INFO|Microsoft.EntityFrameworkCore.Infrastructure|Entity Framework Core 2.0.0-rtm-26452 initialized 'LibraryContext' using provider 'Microsoft.EntityFrameworkCore.SqlServer' with options: None
2018-06-27 22:28:00.1037|INFO|Microsoft.EntityFrameworkCore.Database.Command|Executed DbCommand (999ms) [Parameters=[], CommandType='Text', CommandTimeout='30']
SELECT OBJECT_ID(N'__EFMigrationsHistory');
2018-06-27 22:28:00.2528|INFO|Microsoft.EntityFrameworkCore.Database.Command|Executed DbCommand (3ms) [Parameters=[], CommandType='Text', CommandTimeout='30']
SELECT OBJECT_ID(N'__EFMigrationsHistory');
2018-06-27 22:28:01.3182|INFO|Microsoft.EntityFrameworkCore.Database.Command|Executed DbCommand (488ms) [Parameters=[], CommandType='Text', CommandTimeout='30']
SELECT [MigrationId], [ProductVersion]
FROM [__EFMigrationsHistory]
ORDER BY [MigrationId];
2018-06-27 22:28:01.3713|INFO|Microsoft.EntityFrameworkCore.Migrations|No migrations were applied. The database is already up to date.
2018-06-27 22:29:49.1562|INFO|Microsoft.AspNetCore.Hosting.Internal.WebHost|Request starting HTTP/1.1 GET http://localhost:44368/api/users  
2018-06-27 22:29:49.4919|INFO|Microsoft.AspNetCore.Hosting.Internal.WebHost|Request starting HTTP/1.1 GET http://localhost:44368/api/users  
2018-06-27 22:29:50.2551|INFO|Marvin.Cache.Headers.HttpCacheHeadersMiddleware|Checking for conditional GET/HEAD.
2018-06-27 22:29:50.2754|INFO|Marvin.Cache.Headers.HttpCacheHeadersMiddleware|Checking for conditional GET/HEAD.
2018-06-27 22:29:50.5032|INFO|Marvin.Cache.Headers.HttpCacheHeadersMiddleware|Not valid - no If-None-Match or If-Modified-Since headers.
2018-06-27 22:29:50.5149|INFO|Marvin.Cache.Headers.HttpCacheHeadersMiddleware|Not valid - no If-None-Match or If-Modified-Since headers.
2018-06-27 22:29:50.5235|INFO|Marvin.Cache.Headers.HttpCacheHeadersMiddleware|Don't generate 304 - Not Modified.  Continue.
2018-06-27 22:29:50.5235|INFO|Marvin.Cache.Headers.HttpCacheHeadersMiddleware|Don't generate 304 - Not Modified.  Continue.
2018-06-27 22:29:50.5551|INFO|Marvin.Cache.Headers.HttpCacheHeadersMiddleware|Checking for conditional PUT/PATCH.
2018-06-27 22:29:50.5551|INFO|Marvin.Cache.Headers.HttpCacheHeadersMiddleware|Checking for conditional PUT/PATCH.
2018-06-27 22:29:50.5767|INFO|Marvin.Cache.Headers.HttpCacheHeadersMiddleware|Not valid - method isn't PUT or PATCH.
2018-06-27 22:29:50.6066|INFO|Marvin.Cache.Headers.HttpCacheHeadersMiddleware|Not valid - method isn't PUT or PATCH.
2018-06-27 22:29:50.6066|INFO|Marvin.Cache.Headers.HttpCacheHeadersMiddleware|Don't generate 412 - Precondition Failed.  Continue.
2018-06-27 22:29:50.6406|INFO|Marvin.Cache.Headers.HttpCacheHeadersMiddleware|Don't generate 412 - Precondition Failed.  Continue.
2018-06-27 22:29:54.1921|INFO|Microsoft.EntityFrameworkCore.Infrastructure|Entity Framework Core 2.0.0-rtm-26452 initialized 'LibraryContext' using provider 'Microsoft.EntityFrameworkCore.SqlServer' with options: None
2018-06-27 22:29:54.2134|INFO|Microsoft.EntityFrameworkCore.Infrastructure|Entity Framework Core 2.0.0-rtm-26452 initialized 'LibraryContext' using provider 'Microsoft.EntityFrameworkCore.SqlServer' with options: None
2018-06-27 22:29:54.2281|INFO|Microsoft.EntityFrameworkCore.Database.Command|Executed DbCommand (7ms) [Parameters=[], CommandType='Text', CommandTimeout='30']
SELECT OBJECT_ID(N'__EFMigrationsHistory');
2018-06-27 22:29:54.2460|INFO|Microsoft.EntityFrameworkCore.Database.Command|Executed DbCommand (7ms) [Parameters=[], CommandType='Text', CommandTimeout='30']
SELECT OBJECT_ID(N'__EFMigrationsHistory');
2018-06-27 22:29:54.2584|INFO|Microsoft.EntityFrameworkCore.Database.Command|Executed DbCommand (1ms) [Parameters=[], CommandType='Text', CommandTimeout='30']
SELECT OBJECT_ID(N'__EFMigrationsHistory');
2018-06-27 22:29:54.2584|INFO|Microsoft.EntityFrameworkCore.Database.Command|Executed DbCommand (1ms) [Parameters=[], CommandType='Text', CommandTimeout='30']
SELECT OBJECT_ID(N'__EFMigrationsHistory');
2018-06-27 22:29:54.2995|INFO|Microsoft.EntityFrameworkCore.Database.Command|Executed DbCommand (1ms) [Parameters=[], CommandType='Text', CommandTimeout='30']
SELECT [MigrationId], [ProductVersion]
FROM [__EFMigrationsHistory]
ORDER BY [MigrationId];
2018-06-27 22:29:54.3101|INFO|Microsoft.EntityFrameworkCore.Database.Command|Executed DbCommand (1ms) [Parameters=[], CommandType='Text', CommandTimeout='30']
SELECT [MigrationId], [ProductVersion]
FROM [__EFMigrationsHistory]
ORDER BY [MigrationId];
2018-06-27 22:29:54.3271|INFO|Microsoft.EntityFrameworkCore.Migrations|No migrations were applied. The database is already up to date.
2018-06-27 22:29:54.3437|INFO|Microsoft.EntityFrameworkCore.Migrations|No migrations were applied. The database is already up to date.
2018-06-27 22:29:54.8571|INFO|Microsoft.AspNetCore.Mvc.Internal.ControllerActionInvoker|Executing action method Library.API.Controllers.UsersController.GetUsers (Library.API) with arguments (Library.API.Helpers.UserResourceParameters, */*) - ModelState is Valid
2018-06-27 22:29:54.8759|INFO|Microsoft.AspNetCore.Mvc.Internal.ControllerActionInvoker|Executing action method Library.API.Controllers.UsersController.GetUsers (Library.API) with arguments (Library.API.Helpers.UserResourceParameters, */*) - ModelState is Valid
2018-06-27 22:30:07.2465|INFO|Microsoft.EntityFrameworkCore.Database.Command|Executed DbCommand (56ms) [Parameters=[], CommandType='Text', CommandTimeout='30']
SELECT COUNT(*)
FROM [Users] AS [u]
2018-06-27 22:30:07.2660|INFO|Microsoft.EntityFrameworkCore.Database.Command|Executed DbCommand (56ms) [Parameters=[], CommandType='Text', CommandTimeout='30']
SELECT COUNT(*)
FROM [Users] AS [u]
2018-06-27 22:30:08.3923|INFO|Microsoft.EntityFrameworkCore.Database.Command|Executed DbCommand (379ms) [Parameters=[@__p_0='?', @__p_1='?'], CommandType='Text', CommandTimeout='30']
SELECT [u].[Id], [u].[FirstName], [u].[IMEI], [u].[LastName], [u].[Password], [u].[UserName], [u].[UserType]
FROM [Users] AS [u]
ORDER BY [u].[FirstName], [u].[LastName]
OFFSET @__p_0 ROWS FETCH NEXT @__p_1 ROWS ONLY
2018-06-27 22:30:08.4251|INFO|Microsoft.EntityFrameworkCore.Database.Command|Executed DbCommand (379ms) [Parameters=[@__p_0='?', @__p_1='?'], CommandType='Text', CommandTimeout='30']
SELECT [u].[Id], [u].[FirstName], [u].[IMEI], [u].[LastName], [u].[Password], [u].[UserName], [u].[UserType]
FROM [Users] AS [u]
ORDER BY [u].[FirstName], [u].[LastName]
OFFSET @__p_0 ROWS FETCH NEXT @__p_1 ROWS ONLY
2018-06-27 22:30:09.4870|INFO|Microsoft.AspNetCore.Mvc.Internal.ObjectResultExecutor|Executing ObjectResult, writing value Microsoft.AspNetCore.Mvc.ControllerContext.
2018-06-27 22:30:09.5217|INFO|Microsoft.AspNetCore.Mvc.Internal.ObjectResultExecutor|Executing ObjectResult, writing value Microsoft.AspNetCore.Mvc.ControllerContext.
2018-06-27 22:30:09.7330|INFO|Microsoft.AspNetCore.Mvc.Internal.ControllerActionInvoker|Executed action Library.API.Controllers.UsersController.GetUsers (Library.API) in 15615.6427ms
2018-06-27 22:30:09.7447|INFO|Microsoft.AspNetCore.Mvc.Internal.ControllerActionInvoker|Executed action Library.API.Controllers.UsersController.GetUsers (Library.API) in 15615.6427ms
2018-06-27 22:30:09.7447|INFO|Marvin.Cache.Headers.HttpCacheHeadersMiddleware|Generating expiration headers.
2018-06-27 22:30:09.7858|INFO|Marvin.Cache.Headers.HttpCacheHeadersMiddleware|Generating expiration headers.
2018-06-27 22:30:09.7943|INFO|Marvin.Cache.Headers.HttpCacheHeadersMiddleware|Expiration headers generated. Expires: Thu, 28 Jun 2018 02:40:09 GMT.  Cache-Control: public,max-age=600,must-revalidate.
2018-06-27 22:30:09.8239|INFO|Marvin.Cache.Headers.HttpCacheHeadersMiddleware|Expiration headers generated. Expires: Thu, 28 Jun 2018 02:40:09 GMT.  Cache-Control: public,max-age=600,must-revalidate.
2018-06-27 22:30:09.8239|INFO|Marvin.Cache.Headers.HttpCacheHeadersMiddleware|Generating Validation headers.
2018-06-27 22:30:09.8463|INFO|Marvin.Cache.Headers.HttpCacheHeadersMiddleware|Generating Validation headers.
2018-06-27 22:30:09.8682|INFO|Marvin.Cache.Headers.HttpCacheHeadersMiddleware|Validation headers generated. ETag: AB75C3F1326EEFBB81E3199C07478719. Last-Modified: Thu, 28 Jun 2018 02:30:09 GMT
2018-06-27 22:30:09.9008|INFO|Marvin.Cache.Headers.HttpCacheHeadersMiddleware|Validation headers generated. ETag: AB75C3F1326EEFBB81E3199C07478719. Last-Modified: Thu, 28 Jun 2018 02:30:09 GMT
2018-06-27 22:30:09.9008|INFO|Marvin.Cache.Headers.HttpCacheHeadersMiddleware|Generating Vary header.
2018-06-27 22:30:09.9226|INFO|Marvin.Cache.Headers.HttpCacheHeadersMiddleware|Generating Vary header.
2018-06-27 22:30:09.9326|INFO|Marvin.Cache.Headers.HttpCacheHeadersMiddleware|Vary header generated: Accept, Accept-Language, Accept-Encoding.
2018-06-27 22:30:09.9457|INFO|Marvin.Cache.Headers.HttpCacheHeadersMiddleware|Vary header generated: Accept, Accept-Language, Accept-Encoding.
2018-06-27 22:30:10.2142|INFO|Microsoft.AspNetCore.Hosting.Internal.WebHost|Request finished in 21111.1108ms 200 application/json; charset=utf-8
2018-06-27 22:30:10.2277|INFO|Microsoft.AspNetCore.Hosting.Internal.WebHost|Request finished in 21111.1108ms 200 application/json; charset=utf-8
2018-06-27 22:32:00.9016|INFO|Microsoft.AspNetCore.Hosting.Internal.WebHost|Request starting HTTP/1.1 GET http://localhost:44368/api/users  
2018-06-27 22:32:00.9375|INFO|Microsoft.AspNetCore.Hosting.Internal.WebHost|Request starting HTTP/1.1 GET http://localhost:44368/api/users  
2018-06-27 22:32:01.0133|INFO|Microsoft.AspNetCore.ResponseCaching.ResponseCachingMiddleware|No cached response available for this request.
2018-06-27 22:32:01.0266|INFO|Microsoft.AspNetCore.ResponseCaching.ResponseCachingMiddleware|No cached response available for this request.
2018-06-27 22:32:01.0266|INFO|Marvin.Cache.Headers.HttpCacheHeadersMiddleware|Checking for conditional GET/HEAD.
2018-06-27 22:32:01.0452|INFO|Marvin.Cache.Headers.HttpCacheHeadersMiddleware|Checking for conditional GET/HEAD.
2018-06-27 22:32:01.0452|INFO|Marvin.Cache.Headers.HttpCacheHeadersMiddleware|No saved response found in store.
2018-06-27 22:32:01.0644|INFO|Marvin.Cache.Headers.HttpCacheHeadersMiddleware|No saved response found in store.
2018-06-27 22:32:01.0721|INFO|Marvin.Cache.Headers.HttpCacheHeadersMiddleware|Don't generate 304 - Not Modified.  Continue.
2018-06-27 22:32:01.1001|INFO|Marvin.Cache.Headers.HttpCacheHeadersMiddleware|Don't generate 304 - Not Modified.  Continue.
2018-06-27 22:32:01.1051|INFO|Marvin.Cache.Headers.HttpCacheHeadersMiddleware|Checking for conditional PUT/PATCH.
2018-06-27 22:32:01.1391|INFO|Marvin.Cache.Headers.HttpCacheHeadersMiddleware|Checking for conditional PUT/PATCH.
2018-06-27 22:32:01.1690|INFO|Marvin.Cache.Headers.HttpCacheHeadersMiddleware|Not valid - method isn't PUT or PATCH.
2018-06-27 22:32:01.1819|INFO|Marvin.Cache.Headers.HttpCacheHeadersMiddleware|Not valid - method isn't PUT or PATCH.
2018-06-27 22:32:01.1819|INFO|Marvin.Cache.Headers.HttpCacheHeadersMiddleware|Don't generate 412 - Precondition Failed.  Continue.
2018-06-27 22:32:01.2003|INFO|Marvin.Cache.Headers.HttpCacheHeadersMiddleware|Don't generate 412 - Precondition Failed.  Continue.
2018-06-27 22:32:01.2126|INFO|Microsoft.EntityFrameworkCore.Infrastructure|Entity Framework Core 2.0.0-rtm-26452 initialized 'LibraryContext' using provider 'Microsoft.EntityFrameworkCore.SqlServer' with options: None
2018-06-27 22:32:01.2126|INFO|Microsoft.EntityFrameworkCore.Infrastructure|Entity Framework Core 2.0.0-rtm-26452 initialized 'LibraryContext' using provider 'Microsoft.EntityFrameworkCore.SqlServer' with options: None
2018-06-27 22:32:01.2548|INFO|Microsoft.EntityFrameworkCore.Database.Command|Executed DbCommand (1ms) [Parameters=[], CommandType='Text', CommandTimeout='30']
SELECT OBJECT_ID(N'__EFMigrationsHistory');
2018-06-27 22:32:01.2861|INFO|Microsoft.EntityFrameworkCore.Database.Command|Executed DbCommand (1ms) [Parameters=[], CommandType='Text', CommandTimeout='30']
SELECT OBJECT_ID(N'__EFMigrationsHistory');
2018-06-27 22:32:01.2939|INFO|Microsoft.EntityFrameworkCore.Database.Command|Executed DbCommand (0ms) [Parameters=[], CommandType='Text', CommandTimeout='30']
SELECT OBJECT_ID(N'__EFMigrationsHistory');
2018-06-27 22:32:01.2939|INFO|Microsoft.EntityFrameworkCore.Database.Command|Executed DbCommand (0ms) [Parameters=[], CommandType='Text', CommandTimeout='30']
SELECT OBJECT_ID(N'__EFMigrationsHistory');
2018-06-27 22:32:01.3347|INFO|Microsoft.EntityFrameworkCore.Database.Command|Executed DbCommand (1ms) [Parameters=[], CommandType='Text', CommandTimeout='30']
SELECT [MigrationId], [ProductVersion]
FROM [__EFMigrationsHistory]
ORDER BY [MigrationId];
2018-06-27 22:32:01.3476|INFO|Microsoft.EntityFrameworkCore.Database.Command|Executed DbCommand (1ms) [Parameters=[], CommandType='Text', CommandTimeout='30']
SELECT [MigrationId], [ProductVersion]
FROM [__EFMigrationsHistory]
ORDER BY [MigrationId];
2018-06-27 22:32:01.3527|INFO|Microsoft.EntityFrameworkCore.Migrations|No migrations were applied. The database is already up to date.
2018-06-27 22:32:01.3680|INFO|Microsoft.EntityFrameworkCore.Migrations|No migrations were applied. The database is already up to date.
2018-06-27 22:32:01.3830|INFO|Microsoft.AspNetCore.Mvc.Internal.ControllerActionInvoker|Executing action method Library.API.Controllers.UsersController.GetUsers (Library.API) with arguments (Library.API.Helpers.UserResourceParameters, text/html,application/xhtml+xml,application/xml;q=0.9,*/*;q=0.8) - ModelState is Valid
2018-06-27 22:32:01.3830|INFO|Microsoft.AspNetCore.Mvc.Internal.ControllerActionInvoker|Executing action method Library.API.Controllers.UsersController.GetUsers (Library.API) with arguments (Library.API.Helpers.UserResourceParameters, text/html,application/xhtml+xml,application/xml;q=0.9,*/*;q=0.8) - ModelState is Valid
2018-06-27 22:32:01.4103|INFO|Microsoft.EntityFrameworkCore.Database.Command|Executed DbCommand (2ms) [Parameters=[], CommandType='Text', CommandTimeout='30']
SELECT COUNT(*)
FROM [Users] AS [u]
2018-06-27 22:32:01.4204|INFO|Microsoft.EntityFrameworkCore.Database.Command|Executed DbCommand (2ms) [Parameters=[], CommandType='Text', CommandTimeout='30']
SELECT COUNT(*)
FROM [Users] AS [u]
2018-06-27 22:32:01.5710|INFO|Microsoft.EntityFrameworkCore.Database.Command|Executed DbCommand (125ms) [Parameters=[@__p_0='?', @__p_1='?'], CommandType='Text', CommandTimeout='30']
SELECT [u].[Id], [u].[FirstName], [u].[IMEI], [u].[LastName], [u].[Password], [u].[UserName], [u].[UserType]
FROM [Users] AS [u]
ORDER BY [u].[FirstName], [u].[LastName]
OFFSET @__p_0 ROWS FETCH NEXT @__p_1 ROWS ONLY
2018-06-27 22:32:01.5983|INFO|Microsoft.EntityFrameworkCore.Database.Command|Executed DbCommand (125ms) [Parameters=[@__p_0='?', @__p_1='?'], CommandType='Text', CommandTimeout='30']
SELECT [u].[Id], [u].[FirstName], [u].[IMEI], [u].[LastName], [u].[Password], [u].[UserName], [u].[UserType]
FROM [Users] AS [u]
ORDER BY [u].[FirstName], [u].[LastName]
OFFSET @__p_0 ROWS FETCH NEXT @__p_1 ROWS ONLY
2018-06-27 22:32:01.6136|INFO|Microsoft.AspNetCore.Mvc.Internal.ObjectResultExecutor|Executing ObjectResult, writing value Microsoft.AspNetCore.Mvc.ControllerContext.
2018-06-27 22:32:01.6258|INFO|Microsoft.AspNetCore.Mvc.Internal.ObjectResultExecutor|Executing ObjectResult, writing value Microsoft.AspNetCore.Mvc.ControllerContext.
2018-06-27 22:32:01.6525|INFO|Microsoft.AspNetCore.Mvc.Internal.ControllerActionInvoker|Executed action Library.API.Controllers.UsersController.GetUsers (Library.API) in 424.3427ms
2018-06-27 22:32:01.6697|INFO|Microsoft.AspNetCore.Mvc.Internal.ControllerActionInvoker|Executed action Library.API.Controllers.UsersController.GetUsers (Library.API) in 424.3427ms
2018-06-27 22:32:01.6811|INFO|Marvin.Cache.Headers.HttpCacheHeadersMiddleware|Generating expiration headers.
2018-06-27 22:32:01.7090|INFO|Marvin.Cache.Headers.HttpCacheHeadersMiddleware|Generating expiration headers.
2018-06-27 22:32:01.7211|INFO|Marvin.Cache.Headers.HttpCacheHeadersMiddleware|Expiration headers generated. Expires: Thu, 28 Jun 2018 02:42:01 GMT.  Cache-Control: public,max-age=600,must-revalidate.
2018-06-27 22:32:01.7468|INFO|Marvin.Cache.Headers.HttpCacheHeadersMiddleware|Expiration headers generated. Expires: Thu, 28 Jun 2018 02:42:01 GMT.  Cache-Control: public,max-age=600,must-revalidate.
2018-06-27 22:32:01.7468|INFO|Marvin.Cache.Headers.HttpCacheHeadersMiddleware|Generating Validation headers.
2018-06-27 22:32:01.7680|INFO|Marvin.Cache.Headers.HttpCacheHeadersMiddleware|Generating Validation headers.
2018-06-27 22:32:01.7781|INFO|Marvin.Cache.Headers.HttpCacheHeadersMiddleware|Validation headers generated. ETag: 3131E8FE18D998830D3952F16C13C134. Last-Modified: Thu, 28 Jun 2018 02:32:01 GMT
2018-06-27 22:32:01.7984|INFO|Marvin.Cache.Headers.HttpCacheHeadersMiddleware|Validation headers generated. ETag: 3131E8FE18D998830D3952F16C13C134. Last-Modified: Thu, 28 Jun 2018 02:32:01 GMT
2018-06-27 22:32:01.8069|INFO|Marvin.Cache.Headers.HttpCacheHeadersMiddleware|Generating Vary header.
2018-06-27 22:32:01.8200|INFO|Marvin.Cache.Headers.HttpCacheHeadersMiddleware|Generating Vary header.
2018-06-27 22:32:01.8200|INFO|Marvin.Cache.Headers.HttpCacheHeadersMiddleware|Vary header generated: Accept, Accept-Language, Accept-Encoding.
2018-06-27 22:32:01.8434|INFO|Marvin.Cache.Headers.HttpCacheHeadersMiddleware|Vary header generated: Accept, Accept-Language, Accept-Encoding.
2018-06-27 22:32:02.1317|INFO|Microsoft.AspNetCore.ResponseCaching.ResponseCachingMiddleware|The response has been cached.
2018-06-27 22:32:02.1630|INFO|Microsoft.AspNetCore.ResponseCaching.ResponseCachingMiddleware|The response has been cached.
2018-06-27 22:32:02.1855|INFO|Microsoft.AspNetCore.Hosting.Internal.WebHost|Request finished in 1274.5777ms 200 application/json; charset=utf-8
2018-06-27 22:32:02.2005|INFO|Microsoft.AspNetCore.Hosting.Internal.WebHost|Request finished in 1274.5777ms 200 application/json; charset=utf-8
2018-06-27 22:32:14.3819|INFO|Microsoft.AspNetCore.Hosting.Internal.WebHost|Request starting HTTP/1.1 GET http://localhost:44368/favicon.ico  
2018-06-27 22:32:14.4098|INFO|Microsoft.AspNetCore.Hosting.Internal.WebHost|Request starting HTTP/1.1 GET http://localhost:44368/favicon.ico  
2018-06-27 22:32:14.4185|INFO|Microsoft.AspNetCore.ResponseCaching.ResponseCachingMiddleware|No cached response available for this request.
2018-06-27 22:32:14.4306|INFO|Microsoft.AspNetCore.ResponseCaching.ResponseCachingMiddleware|No cached response available for this request.
2018-06-27 22:32:14.4306|INFO|Marvin.Cache.Headers.HttpCacheHeadersMiddleware|Checking for conditional GET/HEAD.
2018-06-27 22:32:14.4557|INFO|Marvin.Cache.Headers.HttpCacheHeadersMiddleware|Checking for conditional GET/HEAD.
2018-06-27 22:32:14.4674|INFO|Marvin.Cache.Headers.HttpCacheHeadersMiddleware|Not valid - no If-None-Match or If-Modified-Since headers.
2018-06-27 22:32:14.4803|INFO|Marvin.Cache.Headers.HttpCacheHeadersMiddleware|Not valid - no If-None-Match or If-Modified-Since headers.
2018-06-27 22:32:14.4803|INFO|Marvin.Cache.Headers.HttpCacheHeadersMiddleware|Don't generate 304 - Not Modified.  Continue.
2018-06-27 22:32:14.5084|INFO|Marvin.Cache.Headers.HttpCacheHeadersMiddleware|Don't generate 304 - Not Modified.  Continue.
2018-06-27 22:32:14.5084|INFO|Marvin.Cache.Headers.HttpCacheHeadersMiddleware|Checking for conditional PUT/PATCH.
2018-06-27 22:32:14.5447|INFO|Marvin.Cache.Headers.HttpCacheHeadersMiddleware|Checking for conditional PUT/PATCH.
2018-06-27 22:32:14.5447|INFO|Marvin.Cache.Headers.HttpCacheHeadersMiddleware|Not valid - method isn't PUT or PATCH.
2018-06-27 22:32:14.5818|INFO|Marvin.Cache.Headers.HttpCacheHeadersMiddleware|Not valid - method isn't PUT or PATCH.
2018-06-27 22:32:14.5872|INFO|Microsoft.AspNetCore.Hosting.Internal.WebHost|Request starting HTTP/1.1 GET http://localhost:44368/favicon.ico  
2018-06-27 22:32:14.6157|INFO|Marvin.Cache.Headers.HttpCacheHeadersMiddleware|Don't generate 412 - Precondition Failed.  Continue.
2018-06-27 22:32:14.6644|INFO|Microsoft.AspNetCore.Hosting.Internal.WebHost|Request starting HTTP/1.1 GET http://localhost:44368/favicon.ico  
2018-06-27 22:32:14.6644|INFO|Marvin.Cache.Headers.HttpCacheHeadersMiddleware|Don't generate 412 - Precondition Failed.  Continue.
2018-06-27 22:32:14.7005|INFO|Microsoft.AspNetCore.ResponseCaching.ResponseCachingMiddleware|No cached response available for this request.
2018-06-27 22:32:14.7263|INFO|Marvin.Cache.Headers.HttpCacheHeadersMiddleware|Generating expiration headers.
2018-06-27 22:32:14.7750|INFO|Microsoft.AspNetCore.ResponseCaching.ResponseCachingMiddleware|No cached response available for this request.
2018-06-27 22:32:14.8063|INFO|Marvin.Cache.Headers.HttpCacheHeadersMiddleware|Generating expiration headers.
2018-06-27 22:32:14.8063|INFO|Marvin.Cache.Headers.HttpCacheHeadersMiddleware|Checking for conditional GET/HEAD.
2018-06-27 22:32:14.8063|INFO|Marvin.Cache.Headers.HttpCacheHeadersMiddleware|Expiration headers generated. Expires: Thu, 28 Jun 2018 02:42:14 GMT.  Cache-Control: public,max-age=600,must-revalidate.
2018-06-27 22:32:14.8488|INFO|Marvin.Cache.Headers.HttpCacheHeadersMiddleware|Checking for conditional GET/HEAD.
2018-06-27 22:32:14.8648|INFO|Marvin.Cache.Headers.HttpCacheHeadersMiddleware|Not valid - no If-None-Match or If-Modified-Since headers.
2018-06-27 22:32:14.9312|INFO|Marvin.Cache.Headers.HttpCacheHeadersMiddleware|Expiration headers generated. Expires: Thu, 28 Jun 2018 02:42:14 GMT.  Cache-Control: public,max-age=600,must-revalidate.
2018-06-27 22:32:14.9312|INFO|Marvin.Cache.Headers.HttpCacheHeadersMiddleware|Not valid - no If-None-Match or If-Modified-Since headers.
2018-06-27 22:32:14.9490|INFO|Marvin.Cache.Headers.HttpCacheHeadersMiddleware|Generating Validation headers.
2018-06-27 22:32:14.9490|INFO|Marvin.Cache.Headers.HttpCacheHeadersMiddleware|Don't generate 304 - Not Modified.  Continue.
2018-06-27 22:32:15.0074|INFO|Marvin.Cache.Headers.HttpCacheHeadersMiddleware|Generating Validation headers.
2018-06-27 22:32:15.0553|INFO|Marvin.Cache.Headers.HttpCacheHeadersMiddleware|Don't generate 304 - Not Modified.  Continue.
2018-06-27 22:32:15.0553|INFO|Marvin.Cache.Headers.HttpCacheHeadersMiddleware|Validation headers generated. ETag: 2947C880B792E3E11D9E495735C7643B. Last-Modified: Thu, 28 Jun 2018 02:32:15 GMT
2018-06-27 22:32:15.1027|INFO|Marvin.Cache.Headers.HttpCacheHeadersMiddleware|Checking for conditional PUT/PATCH.
2018-06-27 22:32:15.1288|INFO|Marvin.Cache.Headers.HttpCacheHeadersMiddleware|Validation headers generated. ETag: 2947C880B792E3E11D9E495735C7643B. Last-Modified: Thu, 28 Jun 2018 02:32:15 GMT
2018-06-27 22:32:15.1861|INFO|Marvin.Cache.Headers.HttpCacheHeadersMiddleware|Checking for conditional PUT/PATCH.
2018-06-27 22:32:15.2194|INFO|Marvin.Cache.Headers.HttpCacheHeadersMiddleware|Generating Vary header.
2018-06-27 22:32:15.2307|INFO|Marvin.Cache.Headers.HttpCacheHeadersMiddleware|Not valid - method isn't PUT or PATCH.
2018-06-27 22:32:15.2848|INFO|Marvin.Cache.Headers.HttpCacheHeadersMiddleware|Generating Vary header.
2018-06-27 22:32:15.3158|INFO|Marvin.Cache.Headers.HttpCacheHeadersMiddleware|Not valid - method isn't PUT or PATCH.
2018-06-27 22:32:15.3446|INFO|Marvin.Cache.Headers.HttpCacheHeadersMiddleware|Vary header generated: Accept, Accept-Language, Accept-Encoding.
2018-06-27 22:32:15.3742|INFO|Marvin.Cache.Headers.HttpCacheHeadersMiddleware|Don't generate 412 - Precondition Failed.  Continue.
2018-06-27 22:32:15.4087|INFO|Marvin.Cache.Headers.HttpCacheHeadersMiddleware|Vary header generated: Accept, Accept-Language, Accept-Encoding.
2018-06-27 22:32:15.4221|INFO|Marvin.Cache.Headers.HttpCacheHeadersMiddleware|Don't generate 412 - Precondition Failed.  Continue.
2018-06-27 22:32:15.4301|INFO|Marvin.Cache.Headers.HttpCacheHeadersMiddleware|Generating expiration headers.
2018-06-27 22:32:15.4666|INFO|Microsoft.AspNetCore.ResponseCaching.ResponseCachingMiddleware|The response could not be cached for this request.
2018-06-27 22:32:15.4766|INFO|Marvin.Cache.Headers.HttpCacheHeadersMiddleware|Generating expiration headers.
2018-06-27 22:32:15.4766|INFO|Microsoft.AspNetCore.ResponseCaching.ResponseCachingMiddleware|The response could not be cached for this request.
2018-06-27 22:32:15.5008|INFO|Marvin.Cache.Headers.HttpCacheHeadersMiddleware|Expiration headers generated. Expires: Thu, 28 Jun 2018 02:42:15 GMT.  Cache-Control: public,max-age=600,must-revalidate.
2018-06-27 22:32:15.5171|INFO|Microsoft.AspNetCore.Hosting.Internal.WebHost|Request finished in 1145.1369ms 404 
2018-06-27 22:32:15.5501|INFO|Marvin.Cache.Headers.HttpCacheHeadersMiddleware|Expiration headers generated. Expires: Thu, 28 Jun 2018 02:42:15 GMT.  Cache-Control: public,max-age=600,must-revalidate.
2018-06-27 22:32:15.5581|INFO|Microsoft.AspNetCore.Hosting.Internal.WebHost|Request finished in 1145.1369ms 404 
2018-06-27 22:32:15.5870|INFO|Marvin.Cache.Headers.HttpCacheHeadersMiddleware|Generating Validation headers.
2018-06-27 22:32:15.6232|INFO|Marvin.Cache.Headers.HttpCacheHeadersMiddleware|Generating Validation headers.
2018-06-27 22:32:15.6232|INFO|Marvin.Cache.Headers.HttpCacheHeadersMiddleware|Validation headers generated. ETag: F6B41B8FBB2857F0482F77CBEA7B5E97. Last-Modified: Thu, 28 Jun 2018 02:32:15 GMT
2018-06-27 22:32:15.6574|INFO|Marvin.Cache.Headers.HttpCacheHeadersMiddleware|Validation headers generated. ETag: F6B41B8FBB2857F0482F77CBEA7B5E97. Last-Modified: Thu, 28 Jun 2018 02:32:15 GMT
2018-06-27 22:32:15.6705|INFO|Marvin.Cache.Headers.HttpCacheHeadersMiddleware|Generating Vary header.
2018-06-27 22:32:15.6827|INFO|Marvin.Cache.Headers.HttpCacheHeadersMiddleware|Generating Vary header.
2018-06-27 22:32:15.6827|INFO|Marvin.Cache.Headers.HttpCacheHeadersMiddleware|Vary header generated: Accept, Accept-Language, Accept-Encoding.
2018-06-27 22:32:15.7037|INFO|Marvin.Cache.Headers.HttpCacheHeadersMiddleware|Vary header generated: Accept, Accept-Language, Accept-Encoding.
2018-06-27 22:32:15.7123|INFO|Microsoft.AspNetCore.ResponseCaching.ResponseCachingMiddleware|The response could not be cached for this request.
2018-06-27 22:32:15.7123|INFO|Microsoft.AspNetCore.ResponseCaching.ResponseCachingMiddleware|The response could not be cached for this request.
2018-06-27 22:32:15.7349|INFO|Microsoft.AspNetCore.Hosting.Internal.WebHost|Request finished in 1142.6864ms 404 
2018-06-27 22:32:15.7455|INFO|Microsoft.AspNetCore.Hosting.Internal.WebHost|Request finished in 1142.6864ms 404 
