2018-06-13 23:01:42.7459|INFO|Microsoft.AspNetCore.DataProtection.KeyManagement.XmlKeyManager|User profile is available. Using 'C:\Users\wanis\AppData\Local\ASP.NET\DataProtection-Keys' as key repository and Windows DPAPI to encrypt keys at rest.
2018-06-13 23:01:45.4093|INFO|Microsoft.EntityFrameworkCore.Infrastructure|Entity Framework Core 2.0.0-rtm-26452 initialized 'LibraryContext' using provider 'Microsoft.EntityFrameworkCore.SqlServer' with options: None
2018-06-13 23:02:03.2964|INFO|Microsoft.EntityFrameworkCore.Database.Command|Executed DbCommand (211ms) [Parameters=[], CommandType='Text', CommandTimeout='30']
SELECT OBJECT_ID(N'__EFMigrationsHistory');
2018-06-13 23:02:03.3487|INFO|Microsoft.EntityFrameworkCore.Database.Command|Executed DbCommand (2ms) [Parameters=[], CommandType='Text', CommandTimeout='30']
SELECT OBJECT_ID(N'__EFMigrationsHistory');
2018-06-13 23:02:03.4722|INFO|Microsoft.EntityFrameworkCore.Database.Command|Executed DbCommand (72ms) [Parameters=[], CommandType='Text', CommandTimeout='30']
SELECT [MigrationId], [ProductVersion]
FROM [__EFMigrationsHistory]
ORDER BY [MigrationId];
2018-06-13 23:02:03.5088|INFO|Microsoft.EntityFrameworkCore.Migrations|No migrations were applied. The database is already up to date.
2018-06-13 23:02:07.3451|INFO|Microsoft.AspNetCore.Hosting.Internal.WebHost|Request starting HTTP/1.1 GET http://localhost:44368/  
2018-06-13 23:02:07.5601|INFO|Microsoft.AspNetCore.Hosting.Internal.WebHost|Request starting HTTP/1.1 GET http://localhost:44368/  
2018-06-13 23:02:07.7866|INFO|Microsoft.AspNetCore.ResponseCaching.ResponseCachingMiddleware|No cached response available for this request.
2018-06-13 23:02:07.7963|INFO|Microsoft.AspNetCore.ResponseCaching.ResponseCachingMiddleware|No cached response available for this request.
2018-06-13 23:02:07.8786|INFO|Marvin.Cache.Headers.HttpCacheHeadersMiddleware|Checking for conditional GET/HEAD.
2018-06-13 23:02:07.9125|INFO|Marvin.Cache.Headers.HttpCacheHeadersMiddleware|Checking for conditional GET/HEAD.
2018-06-13 23:02:07.9362|INFO|Marvin.Cache.Headers.HttpCacheHeadersMiddleware|Not valid - no If-None-Match or If-Modified-Since headers.
2018-06-13 23:02:07.9362|INFO|Marvin.Cache.Headers.HttpCacheHeadersMiddleware|Not valid - no If-None-Match or If-Modified-Since headers.
2018-06-13 23:02:07.9540|INFO|Marvin.Cache.Headers.HttpCacheHeadersMiddleware|Don't generate 304 - Not Modified.  Continue.
2018-06-13 23:02:07.9637|INFO|Marvin.Cache.Headers.HttpCacheHeadersMiddleware|Don't generate 304 - Not Modified.  Continue.
2018-06-13 23:02:07.9959|INFO|Marvin.Cache.Headers.HttpCacheHeadersMiddleware|Checking for conditional PUT/PATCH.
2018-06-13 23:02:07.9959|INFO|Marvin.Cache.Headers.HttpCacheHeadersMiddleware|Checking for conditional PUT/PATCH.
2018-06-13 23:02:08.0099|INFO|Marvin.Cache.Headers.HttpCacheHeadersMiddleware|Not valid - method isn't PUT or PATCH.
2018-06-13 23:02:08.0099|INFO|Marvin.Cache.Headers.HttpCacheHeadersMiddleware|Not valid - method isn't PUT or PATCH.
2018-06-13 23:02:08.0292|INFO|Marvin.Cache.Headers.HttpCacheHeadersMiddleware|Don't generate 412 - Precondition Failed.  Continue.
2018-06-13 23:02:08.0292|INFO|Marvin.Cache.Headers.HttpCacheHeadersMiddleware|Don't generate 412 - Precondition Failed.  Continue.
2018-06-13 23:02:08.5583|INFO|Marvin.Cache.Headers.HttpCacheHeadersMiddleware|Generating expiration headers.
2018-06-13 23:02:08.5843|INFO|Marvin.Cache.Headers.HttpCacheHeadersMiddleware|Generating expiration headers.
2018-06-13 23:02:08.5892|INFO|Marvin.Cache.Headers.HttpCacheHeadersMiddleware|Expiration headers generated. Expires: Thu, 14 Jun 2018 03:12:08 GMT.  Cache-Control: public,max-age=600,must-revalidate.
2018-06-13 23:02:08.6180|INFO|Marvin.Cache.Headers.HttpCacheHeadersMiddleware|Expiration headers generated. Expires: Thu, 14 Jun 2018 03:12:08 GMT.  Cache-Control: public,max-age=600,must-revalidate.
2018-06-13 23:02:08.6452|INFO|Marvin.Cache.Headers.HttpCacheHeadersMiddleware|Generating Validation headers.
2018-06-13 23:02:08.6737|INFO|Marvin.Cache.Headers.HttpCacheHeadersMiddleware|Generating Validation headers.
2018-06-13 23:02:08.6909|INFO|Marvin.Cache.Headers.HttpCacheHeadersMiddleware|Validation headers generated. ETag: C30E0D1E33CA59807FF6B82E6BE6A0D0. Last-Modified: Thu, 14 Jun 2018 03:02:08 GMT
2018-06-13 23:02:08.7223|INFO|Marvin.Cache.Headers.HttpCacheHeadersMiddleware|Validation headers generated. ETag: C30E0D1E33CA59807FF6B82E6BE6A0D0. Last-Modified: Thu, 14 Jun 2018 03:02:08 GMT
2018-06-13 23:02:08.7271|INFO|Marvin.Cache.Headers.HttpCacheHeadersMiddleware|Generating Vary header.
2018-06-13 23:02:08.7528|INFO|Marvin.Cache.Headers.HttpCacheHeadersMiddleware|Generating Vary header.
2018-06-13 23:02:08.7770|INFO|Marvin.Cache.Headers.HttpCacheHeadersMiddleware|Vary header generated: Accept, Accept-Language, Accept-Encoding.
2018-06-13 23:02:08.7770|INFO|Marvin.Cache.Headers.HttpCacheHeadersMiddleware|Vary header generated: Accept, Accept-Language, Accept-Encoding.
2018-06-13 23:02:08.8914|INFO|Microsoft.AspNetCore.ResponseCaching.ResponseCachingMiddleware|The response could not be cached for this request.
2018-06-13 23:02:08.9211|INFO|Microsoft.AspNetCore.ResponseCaching.ResponseCachingMiddleware|The response could not be cached for this request.
2018-06-13 23:02:08.9716|INFO|Microsoft.AspNetCore.Hosting.Internal.WebHost|Request finished in 1631.7107ms 404 
2018-06-13 23:02:09.0013|INFO|Microsoft.AspNetCore.Hosting.Internal.WebHost|Request finished in 1631.7107ms 404 
2018-06-13 23:45:58.5364|INFO|Microsoft.AspNetCore.Hosting.Internal.WebHost|Request starting HTTP/1.1 GET http://localhost:44368/api/users/login  
2018-06-13 23:46:02.3331|INFO|Microsoft.AspNetCore.Hosting.Internal.WebHost|Request starting HTTP/1.1 GET http://localhost:44368/api/users/login  
2018-06-13 23:46:19.0880|INFO|Marvin.Cache.Headers.HttpCacheHeadersMiddleware|Checking for conditional GET/HEAD.
2018-06-13 23:46:19.1049|INFO|Marvin.Cache.Headers.HttpCacheHeadersMiddleware|Checking for conditional GET/HEAD.
2018-06-13 23:46:19.3975|INFO|Marvin.Cache.Headers.HttpCacheHeadersMiddleware|Not valid - no If-None-Match or If-Modified-Since headers.
2018-06-13 23:46:19.4348|INFO|Marvin.Cache.Headers.HttpCacheHeadersMiddleware|Not valid - no If-None-Match or If-Modified-Since headers.
2018-06-13 23:46:19.4348|INFO|Marvin.Cache.Headers.HttpCacheHeadersMiddleware|Don't generate 304 - Not Modified.  Continue.
2018-06-13 23:46:19.9065|INFO|Marvin.Cache.Headers.HttpCacheHeadersMiddleware|Don't generate 304 - Not Modified.  Continue.
2018-06-13 23:46:20.0248|INFO|Marvin.Cache.Headers.HttpCacheHeadersMiddleware|Checking for conditional PUT/PATCH.
2018-06-13 23:46:20.1529|INFO|Marvin.Cache.Headers.HttpCacheHeadersMiddleware|Checking for conditional PUT/PATCH.
2018-06-13 23:46:20.1830|INFO|Marvin.Cache.Headers.HttpCacheHeadersMiddleware|Not valid - method isn't PUT or PATCH.
2018-06-13 23:46:20.1830|INFO|Marvin.Cache.Headers.HttpCacheHeadersMiddleware|Not valid - method isn't PUT or PATCH.
2018-06-13 23:46:20.1830|INFO|Marvin.Cache.Headers.HttpCacheHeadersMiddleware|Don't generate 412 - Precondition Failed.  Continue.
2018-06-13 23:46:20.2046|INFO|Marvin.Cache.Headers.HttpCacheHeadersMiddleware|Don't generate 412 - Precondition Failed.  Continue.
2018-06-13 23:47:19.8446|INFO|Microsoft.EntityFrameworkCore.Infrastructure|Entity Framework Core 2.0.0-rtm-26452 initialized 'LibraryContext' using provider 'Microsoft.EntityFrameworkCore.SqlServer' with options: None
2018-06-13 23:47:20.3763|INFO|Microsoft.EntityFrameworkCore.Infrastructure|Entity Framework Core 2.0.0-rtm-26452 initialized 'LibraryContext' using provider 'Microsoft.EntityFrameworkCore.SqlServer' with options: None
2018-06-13 23:48:06.6349|INFO|Microsoft.AspNetCore.Hosting.Internal.WebHost|Request starting HTTP/1.1 GET http://localhost:44368/api/users/  
2018-06-13 23:48:06.7852|INFO|Microsoft.AspNetCore.Hosting.Internal.WebHost|Request starting HTTP/1.1 GET http://localhost:44368/api/users/  
2018-06-13 23:48:06.9348|INFO|Marvin.Cache.Headers.HttpCacheHeadersMiddleware|Checking for conditional GET/HEAD.
2018-06-13 23:48:07.4561|INFO|Marvin.Cache.Headers.HttpCacheHeadersMiddleware|Checking for conditional GET/HEAD.
2018-06-13 23:48:07.5274|INFO|Marvin.Cache.Headers.HttpCacheHeadersMiddleware|Not valid - no If-None-Match or If-Modified-Since headers.
2018-06-13 23:48:07.5274|INFO|Microsoft.EntityFrameworkCore.Database.Command|Executed DbCommand (493ms) [Parameters=[], CommandType='Text', CommandTimeout='30']
SELECT OBJECT_ID(N'__EFMigrationsHistory');
2018-06-13 23:48:07.5664|INFO|Marvin.Cache.Headers.HttpCacheHeadersMiddleware|Not valid - no If-None-Match or If-Modified-Since headers.
2018-06-13 23:48:07.8672|INFO|Microsoft.EntityFrameworkCore.Database.Command|Executed DbCommand (493ms) [Parameters=[], CommandType='Text', CommandTimeout='30']
SELECT OBJECT_ID(N'__EFMigrationsHistory');
2018-06-13 23:48:08.0245|INFO|Marvin.Cache.Headers.HttpCacheHeadersMiddleware|Don't generate 304 - Not Modified.  Continue.
2018-06-13 23:48:08.3299|INFO|Marvin.Cache.Headers.HttpCacheHeadersMiddleware|Don't generate 304 - Not Modified.  Continue.
2018-06-13 23:48:08.3356|INFO|Marvin.Cache.Headers.HttpCacheHeadersMiddleware|Checking for conditional PUT/PATCH.
2018-06-13 23:48:08.3356|INFO|Marvin.Cache.Headers.HttpCacheHeadersMiddleware|Checking for conditional PUT/PATCH.
2018-06-13 23:48:08.3527|INFO|Marvin.Cache.Headers.HttpCacheHeadersMiddleware|Not valid - method isn't PUT or PATCH.
2018-06-13 23:48:08.3800|INFO|Marvin.Cache.Headers.HttpCacheHeadersMiddleware|Not valid - method isn't PUT or PATCH.
2018-06-13 23:48:08.3849|INFO|Marvin.Cache.Headers.HttpCacheHeadersMiddleware|Don't generate 412 - Precondition Failed.  Continue.
2018-06-13 23:48:08.4127|INFO|Marvin.Cache.Headers.HttpCacheHeadersMiddleware|Don't generate 412 - Precondition Failed.  Continue.
2018-06-13 23:48:08.4277|INFO|Microsoft.EntityFrameworkCore.Infrastructure|Entity Framework Core 2.0.0-rtm-26452 initialized 'LibraryContext' using provider 'Microsoft.EntityFrameworkCore.SqlServer' with options: None
2018-06-13 23:48:08.4550|INFO|Microsoft.EntityFrameworkCore.Infrastructure|Entity Framework Core 2.0.0-rtm-26452 initialized 'LibraryContext' using provider 'Microsoft.EntityFrameworkCore.SqlServer' with options: None
2018-06-13 23:48:08.9116|INFO|Microsoft.EntityFrameworkCore.Database.Command|Executed DbCommand (486ms) [Parameters=[], CommandType='Text', CommandTimeout='30']
SELECT OBJECT_ID(N'__EFMigrationsHistory');
2018-06-13 23:48:08.9398|INFO|Microsoft.EntityFrameworkCore.Database.Command|Executed DbCommand (486ms) [Parameters=[], CommandType='Text', CommandTimeout='30']
SELECT OBJECT_ID(N'__EFMigrationsHistory');
2018-06-13 23:48:09.3515|INFO|Microsoft.EntityFrameworkCore.Database.Command|Executed DbCommand (210ms) [Parameters=[], CommandType='Text', CommandTimeout='30']
SELECT OBJECT_ID(N'__EFMigrationsHistory');
2018-06-13 23:48:09.6394|INFO|Microsoft.EntityFrameworkCore.Database.Command|Executed DbCommand (210ms) [Parameters=[], CommandType='Text', CommandTimeout='30']
SELECT OBJECT_ID(N'__EFMigrationsHistory');
2018-06-13 23:48:09.7136|INFO|Microsoft.EntityFrameworkCore.Database.Command|Executed DbCommand (5ms) [Parameters=[], CommandType='Text', CommandTimeout='30']
SELECT OBJECT_ID(N'__EFMigrationsHistory');
2018-06-13 23:48:09.7136|INFO|Microsoft.EntityFrameworkCore.Database.Command|Executed DbCommand (5ms) [Parameters=[], CommandType='Text', CommandTimeout='30']
SELECT OBJECT_ID(N'__EFMigrationsHistory');
2018-06-13 23:48:10.8046|INFO|Microsoft.EntityFrameworkCore.Database.Command|Executed DbCommand (684ms) [Parameters=[], CommandType='Text', CommandTimeout='30']
SELECT [MigrationId], [ProductVersion]
FROM [__EFMigrationsHistory]
ORDER BY [MigrationId];
2018-06-13 23:48:10.8076|INFO|Microsoft.EntityFrameworkCore.Database.Command|Executed DbCommand (772ms) [Parameters=[], CommandType='Text', CommandTimeout='30']
SELECT [MigrationId], [ProductVersion]
FROM [__EFMigrationsHistory]
ORDER BY [MigrationId];
2018-06-13 23:48:10.8664|INFO|Microsoft.EntityFrameworkCore.Database.Command|Executed DbCommand (684ms) [Parameters=[], CommandType='Text', CommandTimeout='30']
SELECT [MigrationId], [ProductVersion]
FROM [__EFMigrationsHistory]
ORDER BY [MigrationId];
2018-06-13 23:48:10.9524|INFO|Microsoft.EntityFrameworkCore.Database.Command|Executed DbCommand (772ms) [Parameters=[], CommandType='Text', CommandTimeout='30']
SELECT [MigrationId], [ProductVersion]
FROM [__EFMigrationsHistory]
ORDER BY [MigrationId];
2018-06-13 23:48:11.3243|INFO|Microsoft.EntityFrameworkCore.Migrations|No migrations were applied. The database is already up to date.
2018-06-13 23:48:11.3243|INFO|Microsoft.EntityFrameworkCore.Migrations|No migrations were applied. The database is already up to date.
2018-06-13 23:48:11.3372|INFO|Microsoft.EntityFrameworkCore.Migrations|No migrations were applied. The database is already up to date.
2018-06-13 23:48:11.3372|INFO|Microsoft.EntityFrameworkCore.Migrations|No migrations were applied. The database is already up to date.
2018-06-13 23:48:15.4987|INFO|Microsoft.AspNetCore.Mvc.Internal.ControllerActionInvoker|Executing action method Library.API.Controllers.UsersController.GetUsers (Library.API) with arguments (Library.API.Helpers.UserResourceParameters, */*) - ModelState is Valid
2018-06-13 23:48:15.5690|INFO|Microsoft.AspNetCore.Mvc.Internal.ControllerActionInvoker|Executing action method Library.API.Controllers.UsersController.GetUser (Library.API) with arguments (00000000-0000-0000-0000-000000000000, , Library.API.Helpers.UserResourceParameters) - ModelState is Invalid
2018-06-13 23:48:15.6444|INFO|Microsoft.AspNetCore.Mvc.Internal.ControllerActionInvoker|Executing action method Library.API.Controllers.UsersController.GetUser (Library.API) with arguments (00000000-0000-0000-0000-000000000000, , Library.API.Helpers.UserResourceParameters) - ModelState is Invalid
2018-06-13 23:48:15.6480|INFO|Microsoft.AspNetCore.Mvc.Internal.ControllerActionInvoker|Executing action method Library.API.Controllers.UsersController.GetUsers (Library.API) with arguments (Library.API.Helpers.UserResourceParameters, */*) - ModelState is Valid
2018-06-13 23:48:21.4052|INFO|Microsoft.EntityFrameworkCore.Database.Command|Executed DbCommand (475ms) [Parameters=[@__userId_0='?'], CommandType='Text', CommandTimeout='30']
SELECT TOP(1) [a].[Id], [a].[FirstName], [a].[IMEI], [a].[LastName], [a].[Password], [a].[UserName], [a].[UserType]
FROM [Users] AS [a]
WHERE [a].[Id] = @__userId_0
2018-06-13 23:48:21.4203|INFO|Microsoft.EntityFrameworkCore.Database.Command|Executed DbCommand (475ms) [Parameters=[@__userId_0='?'], CommandType='Text', CommandTimeout='30']
SELECT TOP(1) [a].[Id], [a].[FirstName], [a].[IMEI], [a].[LastName], [a].[Password], [a].[UserName], [a].[UserType]
FROM [Users] AS [a]
WHERE [a].[Id] = @__userId_0
2018-06-13 23:48:22.0245|INFO|Microsoft.AspNetCore.Mvc.StatusCodeResult|Executing HttpStatusCodeResult, setting HTTP status code 404
2018-06-13 23:48:22.0388|INFO|Microsoft.AspNetCore.Mvc.StatusCodeResult|Executing HttpStatusCodeResult, setting HTTP status code 404
2018-06-13 23:48:22.1475|INFO|Microsoft.AspNetCore.Mvc.Internal.ControllerActionInvoker|Executed action Library.API.Controllers.UsersController.GetUser (Library.API) in 63220.0586ms
2018-06-13 23:48:22.1617|INFO|Microsoft.AspNetCore.Mvc.Internal.ControllerActionInvoker|Executed action Library.API.Controllers.UsersController.GetUser (Library.API) in 63220.0586ms
2018-06-13 23:48:22.1690|INFO|Marvin.Cache.Headers.HttpCacheHeadersMiddleware|Generating expiration headers.
2018-06-13 23:48:22.1823|INFO|Marvin.Cache.Headers.HttpCacheHeadersMiddleware|Generating expiration headers.
2018-06-13 23:48:22.2761|INFO|Marvin.Cache.Headers.HttpCacheHeadersMiddleware|Expiration headers generated. Expires: Thu, 14 Jun 2018 03:58:22 GMT.  Cache-Control: public,max-age=600,must-revalidate.
2018-06-13 23:48:22.2911|INFO|Marvin.Cache.Headers.HttpCacheHeadersMiddleware|Expiration headers generated. Expires: Thu, 14 Jun 2018 03:58:22 GMT.  Cache-Control: public,max-age=600,must-revalidate.
2018-06-13 23:48:22.2911|INFO|Marvin.Cache.Headers.HttpCacheHeadersMiddleware|Generating Validation headers.
2018-06-13 23:48:22.3051|INFO|Marvin.Cache.Headers.HttpCacheHeadersMiddleware|Generating Validation headers.
2018-06-13 23:48:22.3423|INFO|Marvin.Cache.Headers.HttpCacheHeadersMiddleware|Validation headers generated. ETag: 15345DBF4086DD2443642E30197FB7EB. Last-Modified: Thu, 14 Jun 2018 03:48:22 GMT
2018-06-13 23:48:22.3548|INFO|Marvin.Cache.Headers.HttpCacheHeadersMiddleware|Validation headers generated. ETag: 15345DBF4086DD2443642E30197FB7EB. Last-Modified: Thu, 14 Jun 2018 03:48:22 GMT
2018-06-13 23:48:22.3548|INFO|Marvin.Cache.Headers.HttpCacheHeadersMiddleware|Generating Vary header.
2018-06-13 23:48:22.3749|INFO|Marvin.Cache.Headers.HttpCacheHeadersMiddleware|Generating Vary header.
2018-06-13 23:48:22.3859|INFO|Marvin.Cache.Headers.HttpCacheHeadersMiddleware|Vary header generated: Accept, Accept-Language, Accept-Encoding.
2018-06-13 23:48:22.3859|INFO|Marvin.Cache.Headers.HttpCacheHeadersMiddleware|Vary header generated: Accept, Accept-Language, Accept-Encoding.
2018-06-13 23:48:22.7206|INFO|Microsoft.AspNetCore.Hosting.Internal.WebHost|Request finished in 155614.0939ms 404 
2018-06-13 23:48:22.7351|INFO|Microsoft.AspNetCore.Hosting.Internal.WebHost|Request finished in 155614.0939ms 404 
2018-06-13 23:49:03.7217|INFO|Microsoft.EntityFrameworkCore.Database.Command|Executed DbCommand (299ms) [Parameters=[], CommandType='Text', CommandTimeout='30']
SELECT COUNT(*)
FROM [Users] AS [u]
2018-06-13 23:49:03.7327|INFO|Microsoft.EntityFrameworkCore.Database.Command|Executed DbCommand (299ms) [Parameters=[], CommandType='Text', CommandTimeout='30']
SELECT COUNT(*)
FROM [Users] AS [u]
2018-06-13 23:49:04.0825|INFO|Microsoft.EntityFrameworkCore.Database.Command|Executed DbCommand (198ms) [Parameters=[@__p_0='?', @__p_1='?'], CommandType='Text', CommandTimeout='30']
SELECT [u].[Id], [u].[FirstName], [u].[IMEI], [u].[LastName], [u].[Password], [u].[UserName], [u].[UserType]
FROM [Users] AS [u]
ORDER BY [u].[FirstName], [u].[LastName]
OFFSET @__p_0 ROWS FETCH NEXT @__p_1 ROWS ONLY
2018-06-13 23:49:04.1204|INFO|Microsoft.EntityFrameworkCore.Database.Command|Executed DbCommand (198ms) [Parameters=[@__p_0='?', @__p_1='?'], CommandType='Text', CommandTimeout='30']
SELECT [u].[Id], [u].[FirstName], [u].[IMEI], [u].[LastName], [u].[Password], [u].[UserName], [u].[UserType]
FROM [Users] AS [u]
ORDER BY [u].[FirstName], [u].[LastName]
OFFSET @__p_0 ROWS FETCH NEXT @__p_1 ROWS ONLY
2018-06-13 23:49:05.2697|INFO|Microsoft.AspNetCore.Mvc.Internal.ObjectResultExecutor|Executing ObjectResult, writing value Microsoft.AspNetCore.Mvc.ControllerContext.
2018-06-13 23:49:05.2990|INFO|Microsoft.AspNetCore.Mvc.Internal.ObjectResultExecutor|Executing ObjectResult, writing value Microsoft.AspNetCore.Mvc.ControllerContext.
2018-06-13 23:49:05.7507|INFO|Microsoft.AspNetCore.Mvc.Internal.ControllerActionInvoker|Executed action Library.API.Controllers.UsersController.GetUsers (Library.API) in 57314.527ms
2018-06-13 23:49:05.7671|INFO|Microsoft.AspNetCore.Mvc.Internal.ControllerActionInvoker|Executed action Library.API.Controllers.UsersController.GetUsers (Library.API) in 57314.527ms
2018-06-13 23:49:05.7891|INFO|Marvin.Cache.Headers.HttpCacheHeadersMiddleware|Generating expiration headers.
2018-06-13 23:49:05.8172|INFO|Marvin.Cache.Headers.HttpCacheHeadersMiddleware|Generating expiration headers.
2018-06-13 23:49:05.8253|INFO|Marvin.Cache.Headers.HttpCacheHeadersMiddleware|Expiration headers generated. Expires: Thu, 14 Jun 2018 03:59:05 GMT.  Cache-Control: public,max-age=600,must-revalidate.
2018-06-13 23:49:05.8390|INFO|Marvin.Cache.Headers.HttpCacheHeadersMiddleware|Expiration headers generated. Expires: Thu, 14 Jun 2018 03:59:05 GMT.  Cache-Control: public,max-age=600,must-revalidate.
2018-06-13 23:49:05.8543|INFO|Marvin.Cache.Headers.HttpCacheHeadersMiddleware|Generating Validation headers.
2018-06-13 23:49:05.8712|INFO|Marvin.Cache.Headers.HttpCacheHeadersMiddleware|Generating Validation headers.
2018-06-13 23:49:05.9672|INFO|Marvin.Cache.Headers.HttpCacheHeadersMiddleware|Validation headers generated. ETag: B2A5EDF245F10DDBCB2DFFAC250F1114. Last-Modified: Thu, 14 Jun 2018 03:49:05 GMT
2018-06-13 23:49:05.9985|INFO|Marvin.Cache.Headers.HttpCacheHeadersMiddleware|Validation headers generated. ETag: B2A5EDF245F10DDBCB2DFFAC250F1114. Last-Modified: Thu, 14 Jun 2018 03:49:05 GMT
2018-06-13 23:49:05.9985|INFO|Marvin.Cache.Headers.HttpCacheHeadersMiddleware|Generating Vary header.
2018-06-13 23:49:06.0220|INFO|Marvin.Cache.Headers.HttpCacheHeadersMiddleware|Generating Vary header.
2018-06-13 23:49:06.0339|INFO|Marvin.Cache.Headers.HttpCacheHeadersMiddleware|Vary header generated: Accept, Accept-Language, Accept-Encoding.
2018-06-13 23:49:06.0533|INFO|Marvin.Cache.Headers.HttpCacheHeadersMiddleware|Vary header generated: Accept, Accept-Language, Accept-Encoding.
2018-06-13 23:49:06.0935|INFO|Microsoft.AspNetCore.Hosting.Internal.WebHost|Request finished in 59551.181ms 200 application/json; charset=utf-8
2018-06-13 23:49:06.1060|INFO|Microsoft.AspNetCore.Hosting.Internal.WebHost|Request finished in 59551.181ms 200 application/json; charset=utf-8
