2018-04-11 13:08:53.6875|INFO|Microsoft.AspNetCore.DataProtection.KeyManagement.XmlKeyManager|User profile is available. Using 'C:\Users\wanis\AppData\Local\ASP.NET\DataProtection-Keys' as key repository and Windows DPAPI to encrypt keys at rest.
2018-04-11 13:08:56.4918|INFO|Microsoft.EntityFrameworkCore.Infrastructure|Entity Framework Core 2.0.0-rtm-26452 initialized 'LibraryContext' using provider 'Microsoft.EntityFrameworkCore.SqlServer' with options: None
2018-04-11 13:09:07.0479|INFO|Microsoft.EntityFrameworkCore.Database.Command|Executed DbCommand (70ms) [Parameters=[], CommandType='Text', CommandTimeout='30']
SELECT OBJECT_ID(N'__EFMigrationsHistory');
2018-04-11 13:09:07.1499|INFO|Microsoft.EntityFrameworkCore.Database.Command|Executed DbCommand (1ms) [Parameters=[], CommandType='Text', CommandTimeout='30']
SELECT OBJECT_ID(N'__EFMigrationsHistory');
2018-04-11 13:09:07.3429|INFO|Microsoft.EntityFrameworkCore.Database.Command|Executed DbCommand (7ms) [Parameters=[], CommandType='Text', CommandTimeout='30']
SELECT [MigrationId], [ProductVersion]
FROM [__EFMigrationsHistory]
ORDER BY [MigrationId];
2018-04-11 13:09:07.5429|INFO|Microsoft.EntityFrameworkCore.Migrations|No migrations were applied. The database is already up to date.
2018-04-11 13:09:08.4397|INFO|Microsoft.EntityFrameworkCore.Database.Command|Executed DbCommand (13ms) [Parameters=[], CommandType='Text', CommandTimeout='30']
SELECT [u].[Id], [u].[FirstName], [u].[IMEI], [u].[LastName], [u].[Password], [u].[UserName]
FROM [Users] AS [u]
2018-04-11 13:09:08.4397|INFO|Microsoft.EntityFrameworkCore.Database.Command|Executed DbCommand (13ms) [Parameters=[], CommandType='Text', CommandTimeout='30']
SELECT [u].[Id], [u].[FirstName], [u].[IMEI], [u].[LastName], [u].[Password], [u].[UserName]
FROM [Users] AS [u]
2018-04-11 13:09:09.3430|INFO|Microsoft.EntityFrameworkCore.Database.Command|Executed DbCommand (477ms) [Parameters=[@p0='?', @p1='?', @p2='?', @p3='?', @p4='?', @p5='?'], CommandType='Text', CommandTimeout='30']
SET NOCOUNT ON;
DELETE FROM [Users]
WHERE [Id] = @p0;
SELECT @@ROWCOUNT;

DELETE FROM [Users]
WHERE [Id] = @p1;
SELECT @@ROWCOUNT;

DELETE FROM [Users]
WHERE [Id] = @p2;
SELECT @@ROWCOUNT;

DELETE FROM [Users]
WHERE [Id] = @p3;
SELECT @@ROWCOUNT;

DELETE FROM [Users]
WHERE [Id] = @p4;
SELECT @@ROWCOUNT;

DELETE FROM [Users]
WHERE [Id] = @p5;
SELECT @@ROWCOUNT;
2018-04-11 13:09:09.4841|INFO|Microsoft.EntityFrameworkCore.Database.Command|Executed DbCommand (477ms) [Parameters=[@p0='?', @p1='?', @p2='?', @p3='?', @p4='?', @p5='?'], CommandType='Text', CommandTimeout='30']
SET NOCOUNT ON;
DELETE FROM [Users]
WHERE [Id] = @p0;
SELECT @@ROWCOUNT;

DELETE FROM [Users]
WHERE [Id] = @p1;
SELECT @@ROWCOUNT;

DELETE FROM [Users]
WHERE [Id] = @p2;
SELECT @@ROWCOUNT;

DELETE FROM [Users]
WHERE [Id] = @p3;
SELECT @@ROWCOUNT;

DELETE FROM [Users]
WHERE [Id] = @p4;
SELECT @@ROWCOUNT;

DELETE FROM [Users]
WHERE [Id] = @p5;
SELECT @@ROWCOUNT;
2018-04-11 13:09:09.5709|INFO|Microsoft.EntityFrameworkCore.Database.Command|Executed DbCommand (11ms) [Parameters=[@p0='?', @p1='?' (Size = 50), @p2='?' (Size = 50), @p3='?' (Size = 50), @p4='?' (Size = 50), @p5='?' (Size = 50), @p6='?', @p7='?' (Size = 50), @p8='?' (Size = 50), @p9='?' (Size = 50), @p10='?' (Size = 50), @p11='?' (Size = 50), @p12='?', @p13='?' (Size = 50), @p14='?' (Size = 50), @p15='?' (Size = 50), @p16='?' (Size = 50), @p17='?' (Size = 50), @p18='?', @p19='?' (Size = 50), @p20='?' (Size = 50), @p21='?' (Size = 50), @p22='?' (Size = 50), @p23='?' (Size = 50), @p24='?', @p25='?' (Size = 50), @p26='?' (Size = 50), @p27='?' (Size = 50), @p28='?' (Size = 50), @p29='?' (Size = 50), @p30='?', @p31='?' (Size = 50), @p32='?' (Size = 50), @p33='?' (Size = 50), @p34='?' (Size = 50), @p35='?' (Size = 50)], CommandType='Text', CommandTimeout='30']
SET NOCOUNT ON;
INSERT INTO [Users] ([Id], [FirstName], [IMEI], [LastName], [Password], [UserName])
VALUES (@p0, @p1, @p2, @p3, @p4, @p5),
(@p6, @p7, @p8, @p9, @p10, @p11),
(@p12, @p13, @p14, @p15, @p16, @p17),
(@p18, @p19, @p20, @p21, @p22, @p23),
(@p24, @p25, @p26, @p27, @p28, @p29),
(@p30, @p31, @p32, @p33, @p34, @p35);
2018-04-11 13:09:09.6176|INFO|Microsoft.EntityFrameworkCore.Database.Command|Executed DbCommand (11ms) [Parameters=[@p0='?', @p1='?' (Size = 50), @p2='?' (Size = 50), @p3='?' (Size = 50), @p4='?' (Size = 50), @p5='?' (Size = 50), @p6='?', @p7='?' (Size = 50), @p8='?' (Size = 50), @p9='?' (Size = 50), @p10='?' (Size = 50), @p11='?' (Size = 50), @p12='?', @p13='?' (Size = 50), @p14='?' (Size = 50), @p15='?' (Size = 50), @p16='?' (Size = 50), @p17='?' (Size = 50), @p18='?', @p19='?' (Size = 50), @p20='?' (Size = 50), @p21='?' (Size = 50), @p22='?' (Size = 50), @p23='?' (Size = 50), @p24='?', @p25='?' (Size = 50), @p26='?' (Size = 50), @p27='?' (Size = 50), @p28='?' (Size = 50), @p29='?' (Size = 50), @p30='?', @p31='?' (Size = 50), @p32='?' (Size = 50), @p33='?' (Size = 50), @p34='?' (Size = 50), @p35='?' (Size = 50)], CommandType='Text', CommandTimeout='30']
SET NOCOUNT ON;
INSERT INTO [Users] ([Id], [FirstName], [IMEI], [LastName], [Password], [UserName])
VALUES (@p0, @p1, @p2, @p3, @p4, @p5),
(@p6, @p7, @p8, @p9, @p10, @p11),
(@p12, @p13, @p14, @p15, @p16, @p17),
(@p18, @p19, @p20, @p21, @p22, @p23),
(@p24, @p25, @p26, @p27, @p28, @p29),
(@p30, @p31, @p32, @p33, @p34, @p35);
2018-04-11 13:09:09.6836|INFO|Microsoft.EntityFrameworkCore.Database.Command|Executed DbCommand (50ms) [Parameters=[@p36='?', @p37='?', @p38='?', @p39='?' (Size = 200), @p40='?', @p41='?', @p42='?', @p43='?', @p44='?', @p45='?' (Size = 200), @p46='?', @p47='?', @p48='?', @p49='?', @p50='?', @p51='?' (Size = 200), @p52='?', @p53='?', @p54='?', @p55='?', @p56='?', @p57='?' (Size = 200), @p58='?', @p59='?', @p60='?', @p61='?', @p62='?', @p63='?' (Size = 200), @p64='?', @p65='?', @p66='?', @p67='?', @p68='?', @p69='?' (Size = 200), @p70='?', @p71='?'], CommandType='Text', CommandTimeout='30']
SET NOCOUNT ON;
INSERT INTO [Scores] ([Id], [InstanceScore], [LatestScore], [ScoreComparison], [TimeStamp], [UserId])
VALUES (@p36, @p37, @p38, @p39, @p40, @p41),
(@p42, @p43, @p44, @p45, @p46, @p47),
(@p48, @p49, @p50, @p51, @p52, @p53),
(@p54, @p55, @p56, @p57, @p58, @p59),
(@p60, @p61, @p62, @p63, @p64, @p65),
(@p66, @p67, @p68, @p69, @p70, @p71);
2018-04-11 13:09:09.7115|INFO|Microsoft.EntityFrameworkCore.Database.Command|Executed DbCommand (50ms) [Parameters=[@p36='?', @p37='?', @p38='?', @p39='?' (Size = 200), @p40='?', @p41='?', @p42='?', @p43='?', @p44='?', @p45='?' (Size = 200), @p46='?', @p47='?', @p48='?', @p49='?', @p50='?', @p51='?' (Size = 200), @p52='?', @p53='?', @p54='?', @p55='?', @p56='?', @p57='?' (Size = 200), @p58='?', @p59='?', @p60='?', @p61='?', @p62='?', @p63='?' (Size = 200), @p64='?', @p65='?', @p66='?', @p67='?', @p68='?', @p69='?' (Size = 200), @p70='?', @p71='?'], CommandType='Text', CommandTimeout='30']
SET NOCOUNT ON;
INSERT INTO [Scores] ([Id], [InstanceScore], [LatestScore], [ScoreComparison], [TimeStamp], [UserId])
VALUES (@p36, @p37, @p38, @p39, @p40, @p41),
(@p42, @p43, @p44, @p45, @p46, @p47),
(@p48, @p49, @p50, @p51, @p52, @p53),
(@p54, @p55, @p56, @p57, @p58, @p59),
(@p60, @p61, @p62, @p63, @p64, @p65),
(@p66, @p67, @p68, @p69, @p70, @p71);
2018-04-11 13:09:12.1850|INFO|Microsoft.AspNetCore.Hosting.Internal.WebHost|Request starting HTTP/1.1 GET http://localhost:6058/  
2018-04-11 13:09:12.3255|INFO|Microsoft.AspNetCore.Hosting.Internal.WebHost|Request starting HTTP/1.1 GET http://localhost:6058/  
2018-04-11 13:09:12.5849|INFO|Microsoft.AspNetCore.ResponseCaching.ResponseCachingMiddleware|No cached response available for this request.
2018-04-11 13:09:12.7782|INFO|Microsoft.AspNetCore.ResponseCaching.ResponseCachingMiddleware|No cached response available for this request.
2018-04-11 13:09:12.8712|INFO|Marvin.Cache.Headers.HttpCacheHeadersMiddleware|Checking for conditional GET/HEAD.
2018-04-11 13:09:12.8878|INFO|Marvin.Cache.Headers.HttpCacheHeadersMiddleware|Checking for conditional GET/HEAD.
2018-04-11 13:09:12.9101|INFO|Marvin.Cache.Headers.HttpCacheHeadersMiddleware|Not valid - no If-None-Match or If-Modified-Since headers.
2018-04-11 13:09:12.9303|INFO|Marvin.Cache.Headers.HttpCacheHeadersMiddleware|Not valid - no If-None-Match or If-Modified-Since headers.
2018-04-11 13:09:12.9448|INFO|Marvin.Cache.Headers.HttpCacheHeadersMiddleware|Don't generate 304 - Not Modified.  Continue.
2018-04-11 13:09:12.9646|INFO|Marvin.Cache.Headers.HttpCacheHeadersMiddleware|Don't generate 304 - Not Modified.  Continue.
2018-04-11 13:09:12.9803|INFO|Marvin.Cache.Headers.HttpCacheHeadersMiddleware|Checking for conditional PUT/PATCH.
2018-04-11 13:09:13.0005|INFO|Marvin.Cache.Headers.HttpCacheHeadersMiddleware|Checking for conditional PUT/PATCH.
2018-04-11 13:09:13.0269|INFO|Marvin.Cache.Headers.HttpCacheHeadersMiddleware|Not valid - method isn't PUT or PATCH.
2018-04-11 13:09:13.0417|INFO|Marvin.Cache.Headers.HttpCacheHeadersMiddleware|Not valid - method isn't PUT or PATCH.
2018-04-11 13:09:13.0483|INFO|Marvin.Cache.Headers.HttpCacheHeadersMiddleware|Don't generate 412 - Precondition Failed.  Continue.
2018-04-11 13:09:13.0483|INFO|Marvin.Cache.Headers.HttpCacheHeadersMiddleware|Don't generate 412 - Precondition Failed.  Continue.
2018-04-11 13:09:13.5532|INFO|Marvin.Cache.Headers.HttpCacheHeadersMiddleware|Generating expiration headers.
2018-04-11 13:09:13.5711|INFO|Marvin.Cache.Headers.HttpCacheHeadersMiddleware|Generating expiration headers.
2018-04-11 13:09:13.5801|INFO|Marvin.Cache.Headers.HttpCacheHeadersMiddleware|Expiration headers generated. Expires: Wed, 11 Apr 2018 17:19:13 GMT.  Cache-Control: public,max-age=600,must-revalidate.
2018-04-11 13:09:13.5960|INFO|Marvin.Cache.Headers.HttpCacheHeadersMiddleware|Expiration headers generated. Expires: Wed, 11 Apr 2018 17:19:13 GMT.  Cache-Control: public,max-age=600,must-revalidate.
2018-04-11 13:09:13.6145|INFO|Marvin.Cache.Headers.HttpCacheHeadersMiddleware|Generating Validation headers.
2018-04-11 13:09:13.6409|INFO|Marvin.Cache.Headers.HttpCacheHeadersMiddleware|Generating Validation headers.
2018-04-11 13:09:13.6670|INFO|Marvin.Cache.Headers.HttpCacheHeadersMiddleware|Validation headers generated. ETag: 5120A3C0B326894928354F1CB315F146. Last-Modified: Wed, 11 Apr 2018 17:09:13 GMT
2018-04-11 13:09:13.6779|INFO|Marvin.Cache.Headers.HttpCacheHeadersMiddleware|Validation headers generated. ETag: 5120A3C0B326894928354F1CB315F146. Last-Modified: Wed, 11 Apr 2018 17:09:13 GMT
2018-04-11 13:09:13.6779|INFO|Marvin.Cache.Headers.HttpCacheHeadersMiddleware|Generating Vary header.
2018-04-11 13:09:13.6968|INFO|Marvin.Cache.Headers.HttpCacheHeadersMiddleware|Generating Vary header.
2018-04-11 13:09:13.7045|INFO|Marvin.Cache.Headers.HttpCacheHeadersMiddleware|Vary header generated: Accept, Accept-Language, Accept-Encoding.
2018-04-11 13:09:13.7045|INFO|Marvin.Cache.Headers.HttpCacheHeadersMiddleware|Vary header generated: Accept, Accept-Language, Accept-Encoding.
2018-04-11 13:09:13.7753|INFO|Microsoft.AspNetCore.ResponseCaching.ResponseCachingMiddleware|The response could not be cached for this request.
2018-04-11 13:09:13.7943|INFO|Microsoft.AspNetCore.ResponseCaching.ResponseCachingMiddleware|The response could not be cached for this request.
2018-04-11 13:09:13.8760|INFO|Microsoft.AspNetCore.Hosting.Internal.WebHost|Request finished in 1645.9142ms 404 
2018-04-11 13:09:13.8916|INFO|Microsoft.AspNetCore.Hosting.Internal.WebHost|Request finished in 1645.9142ms 404 
2018-04-11 13:24:29.1301|INFO|Microsoft.AspNetCore.Hosting.Internal.WebHost|Request starting HTTP/1.1 GET http://localhost:6058/api/Account/register application/json 
2018-04-11 13:24:29.2419|INFO|Microsoft.AspNetCore.Hosting.Internal.WebHost|Request starting HTTP/1.1 GET http://localhost:6058/api/Account/register application/json 
2018-04-11 13:24:29.2791|INFO|Microsoft.AspNetCore.ResponseCaching.ResponseCachingMiddleware|No cached response available for this request.
2018-04-11 13:24:29.3037|INFO|Microsoft.AspNetCore.ResponseCaching.ResponseCachingMiddleware|No cached response available for this request.
2018-04-11 13:24:29.3037|INFO|Marvin.Cache.Headers.HttpCacheHeadersMiddleware|Checking for conditional GET/HEAD.
2018-04-11 13:24:29.3381|INFO|Marvin.Cache.Headers.HttpCacheHeadersMiddleware|Checking for conditional GET/HEAD.
2018-04-11 13:24:29.3489|INFO|Marvin.Cache.Headers.HttpCacheHeadersMiddleware|Not valid - no If-None-Match or If-Modified-Since headers.
2018-04-11 13:24:29.3489|INFO|Marvin.Cache.Headers.HttpCacheHeadersMiddleware|Not valid - no If-None-Match or If-Modified-Since headers.
2018-04-11 13:24:29.3641|INFO|Marvin.Cache.Headers.HttpCacheHeadersMiddleware|Don't generate 304 - Not Modified.  Continue.
2018-04-11 13:24:29.3641|INFO|Marvin.Cache.Headers.HttpCacheHeadersMiddleware|Don't generate 304 - Not Modified.  Continue.
2018-04-11 13:24:29.3822|INFO|Marvin.Cache.Headers.HttpCacheHeadersMiddleware|Checking for conditional PUT/PATCH.
2018-04-11 13:24:29.3962|INFO|Marvin.Cache.Headers.HttpCacheHeadersMiddleware|Checking for conditional PUT/PATCH.
2018-04-11 13:24:29.3962|INFO|Marvin.Cache.Headers.HttpCacheHeadersMiddleware|Not valid - method isn't PUT or PATCH.
2018-04-11 13:24:29.4103|INFO|Marvin.Cache.Headers.HttpCacheHeadersMiddleware|Not valid - method isn't PUT or PATCH.
2018-04-11 13:24:29.4103|INFO|Marvin.Cache.Headers.HttpCacheHeadersMiddleware|Don't generate 412 - Precondition Failed.  Continue.
2018-04-11 13:24:29.4430|INFO|Marvin.Cache.Headers.HttpCacheHeadersMiddleware|Don't generate 412 - Precondition Failed.  Continue.
2018-04-11 13:24:29.5100|INFO|Marvin.Cache.Headers.HttpCacheHeadersMiddleware|Generating expiration headers.
2018-04-11 13:24:29.5183|INFO|Marvin.Cache.Headers.HttpCacheHeadersMiddleware|Generating expiration headers.
2018-04-11 13:24:29.5183|INFO|Marvin.Cache.Headers.HttpCacheHeadersMiddleware|Expiration headers generated. Expires: Wed, 11 Apr 2018 17:34:29 GMT.  Cache-Control: public,max-age=600,must-revalidate.
2018-04-11 13:24:29.5524|INFO|Marvin.Cache.Headers.HttpCacheHeadersMiddleware|Expiration headers generated. Expires: Wed, 11 Apr 2018 17:34:29 GMT.  Cache-Control: public,max-age=600,must-revalidate.
2018-04-11 13:24:29.5524|INFO|Marvin.Cache.Headers.HttpCacheHeadersMiddleware|Generating Validation headers.
2018-04-11 13:24:29.5837|INFO|Marvin.Cache.Headers.HttpCacheHeadersMiddleware|Generating Validation headers.
2018-04-11 13:24:29.6069|INFO|Marvin.Cache.Headers.HttpCacheHeadersMiddleware|Validation headers generated. ETag: 5FD5931F21F59B033ABA4E074AB98F32. Last-Modified: Wed, 11 Apr 2018 17:24:29 GMT
2018-04-11 13:24:29.6337|INFO|Marvin.Cache.Headers.HttpCacheHeadersMiddleware|Validation headers generated. ETag: 5FD5931F21F59B033ABA4E074AB98F32. Last-Modified: Wed, 11 Apr 2018 17:24:29 GMT
2018-04-11 13:24:29.6337|INFO|Marvin.Cache.Headers.HttpCacheHeadersMiddleware|Generating Vary header.
2018-04-11 13:24:29.6499|INFO|Marvin.Cache.Headers.HttpCacheHeadersMiddleware|Generating Vary header.
2018-04-11 13:24:29.6627|INFO|Marvin.Cache.Headers.HttpCacheHeadersMiddleware|Vary header generated: Accept, Accept-Language, Accept-Encoding.
2018-04-11 13:24:29.6627|INFO|Marvin.Cache.Headers.HttpCacheHeadersMiddleware|Vary header generated: Accept, Accept-Language, Accept-Encoding.
2018-04-11 13:24:29.6869|INFO|Microsoft.AspNetCore.ResponseCaching.ResponseCachingMiddleware|The response could not be cached for this request.
2018-04-11 13:24:29.6958|INFO|Microsoft.AspNetCore.ResponseCaching.ResponseCachingMiddleware|The response could not be cached for this request.
2018-04-11 13:24:29.6958|INFO|Microsoft.AspNetCore.Hosting.Internal.WebHost|Request finished in 594.206ms 404 
2018-04-11 13:24:29.7305|INFO|Microsoft.AspNetCore.Hosting.Internal.WebHost|Request finished in 594.206ms 404 
2018-04-11 13:24:37.2933|INFO|Microsoft.AspNetCore.Hosting.Internal.WebHost|Request starting HTTP/1.1 POST http://localhost:6058/api/Account/register application/json 94
2018-04-11 13:24:37.3038|INFO|Microsoft.AspNetCore.Hosting.Internal.WebHost|Request starting HTTP/1.1 POST http://localhost:6058/api/Account/register application/json 94
2018-04-11 13:24:37.3038|INFO|Marvin.Cache.Headers.HttpCacheHeadersMiddleware|Checking for conditional GET/HEAD.
2018-04-11 13:24:37.3191|INFO|Marvin.Cache.Headers.HttpCacheHeadersMiddleware|Checking for conditional GET/HEAD.
2018-04-11 13:24:37.3191|INFO|Marvin.Cache.Headers.HttpCacheHeadersMiddleware|Not valid - method isn't GET or HEAD.
2018-04-11 13:24:37.3532|INFO|Marvin.Cache.Headers.HttpCacheHeadersMiddleware|Not valid - method isn't GET or HEAD.
2018-04-11 13:24:37.3532|INFO|Marvin.Cache.Headers.HttpCacheHeadersMiddleware|Don't generate 304 - Not Modified.  Continue.
2018-04-11 13:24:37.3844|INFO|Marvin.Cache.Headers.HttpCacheHeadersMiddleware|Don't generate 304 - Not Modified.  Continue.
2018-04-11 13:24:37.4074|INFO|Marvin.Cache.Headers.HttpCacheHeadersMiddleware|Checking for conditional PUT/PATCH.
2018-04-11 13:24:37.4330|INFO|Marvin.Cache.Headers.HttpCacheHeadersMiddleware|Checking for conditional PUT/PATCH.
2018-04-11 13:24:37.4330|INFO|Marvin.Cache.Headers.HttpCacheHeadersMiddleware|Not valid - method isn't PUT or PATCH.
2018-04-11 13:24:37.4611|INFO|Marvin.Cache.Headers.HttpCacheHeadersMiddleware|Not valid - method isn't PUT or PATCH.
2018-04-11 13:24:37.4611|INFO|Marvin.Cache.Headers.HttpCacheHeadersMiddleware|Don't generate 412 - Precondition Failed.  Continue.
2018-04-11 13:24:37.4912|INFO|Marvin.Cache.Headers.HttpCacheHeadersMiddleware|Don't generate 412 - Precondition Failed.  Continue.
2018-04-11 13:26:18.3259|INFO|Microsoft.AspNetCore.DataProtection.KeyManagement.XmlKeyManager|User profile is available. Using 'C:\Users\wanis\AppData\Local\ASP.NET\DataProtection-Keys' as key repository and Windows DPAPI to encrypt keys at rest.
2018-04-11 13:26:20.1480|INFO|Microsoft.EntityFrameworkCore.Infrastructure|Entity Framework Core 2.0.0-rtm-26452 initialized 'LibraryContext' using provider 'Microsoft.EntityFrameworkCore.SqlServer' with options: None
2018-04-11 13:26:33.6306|INFO|Microsoft.EntityFrameworkCore.Database.Command|Executed DbCommand (388ms) [Parameters=[], CommandType='Text', CommandTimeout='30']
SELECT OBJECT_ID(N'__EFMigrationsHistory');
2018-04-11 13:26:33.6673|INFO|Microsoft.EntityFrameworkCore.Database.Command|Executed DbCommand (24ms) [Parameters=[], CommandType='Text', CommandTimeout='30']
SELECT OBJECT_ID(N'__EFMigrationsHistory');
2018-04-11 13:26:33.8106|INFO|Microsoft.EntityFrameworkCore.Database.Command|Executed DbCommand (103ms) [Parameters=[], CommandType='Text', CommandTimeout='30']
SELECT [MigrationId], [ProductVersion]
FROM [__EFMigrationsHistory]
ORDER BY [MigrationId];
2018-04-11 13:26:33.8881|INFO|Microsoft.EntityFrameworkCore.Migrations|No migrations were applied. The database is already up to date.
2018-04-11 13:26:34.7394|INFO|Microsoft.EntityFrameworkCore.Database.Command|Executed DbCommand (33ms) [Parameters=[], CommandType='Text', CommandTimeout='30']
SELECT [u].[Id], [u].[FirstName], [u].[IMEI], [u].[LastName], [u].[Password], [u].[UserName]
FROM [Users] AS [u]
2018-04-11 13:26:34.7539|INFO|Microsoft.EntityFrameworkCore.Database.Command|Executed DbCommand (33ms) [Parameters=[], CommandType='Text', CommandTimeout='30']
SELECT [u].[Id], [u].[FirstName], [u].[IMEI], [u].[LastName], [u].[Password], [u].[UserName]
FROM [Users] AS [u]
2018-04-11 13:26:35.1037|INFO|Microsoft.EntityFrameworkCore.Database.Command|Executed DbCommand (236ms) [Parameters=[@p0='?', @p1='?', @p2='?', @p3='?', @p4='?', @p5='?'], CommandType='Text', CommandTimeout='30']
SET NOCOUNT ON;
DELETE FROM [Users]
WHERE [Id] = @p0;
SELECT @@ROWCOUNT;

DELETE FROM [Users]
WHERE [Id] = @p1;
SELECT @@ROWCOUNT;

DELETE FROM [Users]
WHERE [Id] = @p2;
SELECT @@ROWCOUNT;

DELETE FROM [Users]
WHERE [Id] = @p3;
SELECT @@ROWCOUNT;

DELETE FROM [Users]
WHERE [Id] = @p4;
SELECT @@ROWCOUNT;

DELETE FROM [Users]
WHERE [Id] = @p5;
SELECT @@ROWCOUNT;
2018-04-11 13:26:35.1183|INFO|Microsoft.EntityFrameworkCore.Database.Command|Executed DbCommand (236ms) [Parameters=[@p0='?', @p1='?', @p2='?', @p3='?', @p4='?', @p5='?'], CommandType='Text', CommandTimeout='30']
SET NOCOUNT ON;
DELETE FROM [Users]
WHERE [Id] = @p0;
SELECT @@ROWCOUNT;

DELETE FROM [Users]
WHERE [Id] = @p1;
SELECT @@ROWCOUNT;

DELETE FROM [Users]
WHERE [Id] = @p2;
SELECT @@ROWCOUNT;

DELETE FROM [Users]
WHERE [Id] = @p3;
SELECT @@ROWCOUNT;

DELETE FROM [Users]
WHERE [Id] = @p4;
SELECT @@ROWCOUNT;

DELETE FROM [Users]
WHERE [Id] = @p5;
SELECT @@ROWCOUNT;
2018-04-11 13:26:35.1852|INFO|Microsoft.EntityFrameworkCore.Database.Command|Executed DbCommand (4ms) [Parameters=[@p0='?', @p1='?' (Size = 50), @p2='?' (Size = 50), @p3='?' (Size = 50), @p4='?' (Size = 50), @p5='?' (Size = 50), @p6='?', @p7='?' (Size = 50), @p8='?' (Size = 50), @p9='?' (Size = 50), @p10='?' (Size = 50), @p11='?' (Size = 50), @p12='?', @p13='?' (Size = 50), @p14='?' (Size = 50), @p15='?' (Size = 50), @p16='?' (Size = 50), @p17='?' (Size = 50), @p18='?', @p19='?' (Size = 50), @p20='?' (Size = 50), @p21='?' (Size = 50), @p22='?' (Size = 50), @p23='?' (Size = 50), @p24='?', @p25='?' (Size = 50), @p26='?' (Size = 50), @p27='?' (Size = 50), @p28='?' (Size = 50), @p29='?' (Size = 50), @p30='?', @p31='?' (Size = 50), @p32='?' (Size = 50), @p33='?' (Size = 50), @p34='?' (Size = 50), @p35='?' (Size = 50)], CommandType='Text', CommandTimeout='30']
SET NOCOUNT ON;
INSERT INTO [Users] ([Id], [FirstName], [IMEI], [LastName], [Password], [UserName])
VALUES (@p0, @p1, @p2, @p3, @p4, @p5),
(@p6, @p7, @p8, @p9, @p10, @p11),
(@p12, @p13, @p14, @p15, @p16, @p17),
(@p18, @p19, @p20, @p21, @p22, @p23),
(@p24, @p25, @p26, @p27, @p28, @p29),
(@p30, @p31, @p32, @p33, @p34, @p35);
2018-04-11 13:26:35.2026|INFO|Microsoft.EntityFrameworkCore.Database.Command|Executed DbCommand (4ms) [Parameters=[@p0='?', @p1='?' (Size = 50), @p2='?' (Size = 50), @p3='?' (Size = 50), @p4='?' (Size = 50), @p5='?' (Size = 50), @p6='?', @p7='?' (Size = 50), @p8='?' (Size = 50), @p9='?' (Size = 50), @p10='?' (Size = 50), @p11='?' (Size = 50), @p12='?', @p13='?' (Size = 50), @p14='?' (Size = 50), @p15='?' (Size = 50), @p16='?' (Size = 50), @p17='?' (Size = 50), @p18='?', @p19='?' (Size = 50), @p20='?' (Size = 50), @p21='?' (Size = 50), @p22='?' (Size = 50), @p23='?' (Size = 50), @p24='?', @p25='?' (Size = 50), @p26='?' (Size = 50), @p27='?' (Size = 50), @p28='?' (Size = 50), @p29='?' (Size = 50), @p30='?', @p31='?' (Size = 50), @p32='?' (Size = 50), @p33='?' (Size = 50), @p34='?' (Size = 50), @p35='?' (Size = 50)], CommandType='Text', CommandTimeout='30']
SET NOCOUNT ON;
INSERT INTO [Users] ([Id], [FirstName], [IMEI], [LastName], [Password], [UserName])
VALUES (@p0, @p1, @p2, @p3, @p4, @p5),
(@p6, @p7, @p8, @p9, @p10, @p11),
(@p12, @p13, @p14, @p15, @p16, @p17),
(@p18, @p19, @p20, @p21, @p22, @p23),
(@p24, @p25, @p26, @p27, @p28, @p29),
(@p30, @p31, @p32, @p33, @p34, @p35);
2018-04-11 13:26:35.2541|INFO|Microsoft.EntityFrameworkCore.Database.Command|Executed DbCommand (27ms) [Parameters=[@p36='?', @p37='?', @p38='?', @p39='?' (Size = 200), @p40='?', @p41='?', @p42='?', @p43='?', @p44='?', @p45='?' (Size = 200), @p46='?', @p47='?', @p48='?', @p49='?', @p50='?', @p51='?' (Size = 200), @p52='?', @p53='?', @p54='?', @p55='?', @p56='?', @p57='?' (Size = 200), @p58='?', @p59='?', @p60='?', @p61='?', @p62='?', @p63='?' (Size = 200), @p64='?', @p65='?', @p66='?', @p67='?', @p68='?', @p69='?' (Size = 200), @p70='?', @p71='?'], CommandType='Text', CommandTimeout='30']
SET NOCOUNT ON;
INSERT INTO [Scores] ([Id], [InstanceScore], [LatestScore], [ScoreComparison], [TimeStamp], [UserId])
VALUES (@p36, @p37, @p38, @p39, @p40, @p41),
(@p42, @p43, @p44, @p45, @p46, @p47),
(@p48, @p49, @p50, @p51, @p52, @p53),
(@p54, @p55, @p56, @p57, @p58, @p59),
(@p60, @p61, @p62, @p63, @p64, @p65),
(@p66, @p67, @p68, @p69, @p70, @p71);
2018-04-11 13:26:35.2794|INFO|Microsoft.EntityFrameworkCore.Database.Command|Executed DbCommand (27ms) [Parameters=[@p36='?', @p37='?', @p38='?', @p39='?' (Size = 200), @p40='?', @p41='?', @p42='?', @p43='?', @p44='?', @p45='?' (Size = 200), @p46='?', @p47='?', @p48='?', @p49='?', @p50='?', @p51='?' (Size = 200), @p52='?', @p53='?', @p54='?', @p55='?', @p56='?', @p57='?' (Size = 200), @p58='?', @p59='?', @p60='?', @p61='?', @p62='?', @p63='?' (Size = 200), @p64='?', @p65='?', @p66='?', @p67='?', @p68='?', @p69='?' (Size = 200), @p70='?', @p71='?'], CommandType='Text', CommandTimeout='30']
SET NOCOUNT ON;
INSERT INTO [Scores] ([Id], [InstanceScore], [LatestScore], [ScoreComparison], [TimeStamp], [UserId])
VALUES (@p36, @p37, @p38, @p39, @p40, @p41),
(@p42, @p43, @p44, @p45, @p46, @p47),
(@p48, @p49, @p50, @p51, @p52, @p53),
(@p54, @p55, @p56, @p57, @p58, @p59),
(@p60, @p61, @p62, @p63, @p64, @p65),
(@p66, @p67, @p68, @p69, @p70, @p71);
2018-04-11 13:26:36.4383|INFO|Microsoft.AspNetCore.Hosting.Internal.WebHost|Request starting HTTP/1.1 GET http://localhost:6058/  
2018-04-11 13:26:36.4383|INFO|Microsoft.AspNetCore.Hosting.Internal.WebHost|Request starting HTTP/1.1 GET http://localhost:6058/api/users/f74d6899-9ed2-4137-9876-66b070553f8f/scores/e57b605f-8b3c-4089-b672-6ce9e6d6c23f  
2018-04-11 13:26:36.5472|INFO|Microsoft.AspNetCore.Hosting.Internal.WebHost|Request starting HTTP/1.1 GET http://localhost:6058/  
2018-04-11 13:26:36.5472|INFO|Microsoft.AspNetCore.Hosting.Internal.WebHost|Request starting HTTP/1.1 GET http://localhost:6058/api/users/f74d6899-9ed2-4137-9876-66b070553f8f/scores/e57b605f-8b3c-4089-b672-6ce9e6d6c23f  
2018-04-11 13:26:36.6951|INFO|Microsoft.AspNetCore.ResponseCaching.ResponseCachingMiddleware|No cached response available for this request.
2018-04-11 13:26:36.6951|INFO|Microsoft.AspNetCore.ResponseCaching.ResponseCachingMiddleware|No cached response available for this request.
2018-04-11 13:26:36.7143|INFO|Microsoft.AspNetCore.ResponseCaching.ResponseCachingMiddleware|No cached response available for this request.
2018-04-11 13:26:36.7323|INFO|Microsoft.AspNetCore.ResponseCaching.ResponseCachingMiddleware|No cached response available for this request.
2018-04-11 13:26:36.8351|INFO|Marvin.Cache.Headers.HttpCacheHeadersMiddleware|Checking for conditional GET/HEAD.
2018-04-11 13:26:36.8351|INFO|Marvin.Cache.Headers.HttpCacheHeadersMiddleware|Checking for conditional GET/HEAD.
2018-04-11 13:26:36.9168|INFO|Marvin.Cache.Headers.HttpCacheHeadersMiddleware|Checking for conditional GET/HEAD.
2018-04-11 13:26:36.9917|INFO|Marvin.Cache.Headers.HttpCacheHeadersMiddleware|Checking for conditional GET/HEAD.
2018-04-11 13:26:37.0494|INFO|Marvin.Cache.Headers.HttpCacheHeadersMiddleware|Not valid - no If-None-Match or If-Modified-Since headers.
2018-04-11 13:26:37.1025|INFO|Marvin.Cache.Headers.HttpCacheHeadersMiddleware|Not valid - no If-None-Match or If-Modified-Since headers.
2018-04-11 13:26:37.2098|INFO|Marvin.Cache.Headers.HttpCacheHeadersMiddleware|Not valid - no If-None-Match or If-Modified-Since headers.
2018-04-11 13:26:37.2237|INFO|Marvin.Cache.Headers.HttpCacheHeadersMiddleware|Don't generate 304 - Not Modified.  Continue.
2018-04-11 13:26:37.2498|INFO|Marvin.Cache.Headers.HttpCacheHeadersMiddleware|Don't generate 304 - Not Modified.  Continue.
2018-04-11 13:26:37.2841|INFO|Marvin.Cache.Headers.HttpCacheHeadersMiddleware|Checking for conditional PUT/PATCH.
2018-04-11 13:26:37.3543|INFO|Marvin.Cache.Headers.HttpCacheHeadersMiddleware|Checking for conditional PUT/PATCH.
2018-04-11 13:26:37.3593|INFO|Marvin.Cache.Headers.HttpCacheHeadersMiddleware|Not valid - method isn't PUT or PATCH.
2018-04-11 13:26:37.3780|INFO|Marvin.Cache.Headers.HttpCacheHeadersMiddleware|Not valid - method isn't PUT or PATCH.
2018-04-11 13:26:37.3780|INFO|Marvin.Cache.Headers.HttpCacheHeadersMiddleware|Don't generate 412 - Precondition Failed.  Continue.
2018-04-11 13:26:37.4281|INFO|Marvin.Cache.Headers.HttpCacheHeadersMiddleware|Not valid - no If-None-Match or If-Modified-Since headers.
2018-04-11 13:26:37.4545|INFO|Marvin.Cache.Headers.HttpCacheHeadersMiddleware|Don't generate 304 - Not Modified.  Continue.
2018-04-11 13:26:37.4729|INFO|Marvin.Cache.Headers.HttpCacheHeadersMiddleware|Don't generate 412 - Precondition Failed.  Continue.
2018-04-11 13:26:37.4911|INFO|Marvin.Cache.Headers.HttpCacheHeadersMiddleware|Don't generate 304 - Not Modified.  Continue.
2018-04-11 13:26:37.5024|INFO|Marvin.Cache.Headers.HttpCacheHeadersMiddleware|Checking for conditional PUT/PATCH.
2018-04-11 13:26:37.5024|INFO|Marvin.Cache.Headers.HttpCacheHeadersMiddleware|Checking for conditional PUT/PATCH.
2018-04-11 13:26:37.5690|INFO|Marvin.Cache.Headers.HttpCacheHeadersMiddleware|Not valid - method isn't PUT or PATCH.
2018-04-11 13:26:37.7596|INFO|Marvin.Cache.Headers.HttpCacheHeadersMiddleware|Not valid - method isn't PUT or PATCH.
2018-04-11 13:26:37.7748|INFO|Marvin.Cache.Headers.HttpCacheHeadersMiddleware|Don't generate 412 - Precondition Failed.  Continue.
2018-04-11 13:26:37.8483|INFO|Marvin.Cache.Headers.HttpCacheHeadersMiddleware|Don't generate 412 - Precondition Failed.  Continue.
2018-04-11 13:26:38.1508|INFO|Marvin.Cache.Headers.HttpCacheHeadersMiddleware|Generating expiration headers.
2018-04-11 13:26:38.1608|INFO|Marvin.Cache.Headers.HttpCacheHeadersMiddleware|Generating expiration headers.
2018-04-11 13:26:38.1608|INFO|Marvin.Cache.Headers.HttpCacheHeadersMiddleware|Expiration headers generated. Expires: Wed, 11 Apr 2018 17:36:38 GMT.  Cache-Control: public,max-age=600,must-revalidate.
2018-04-11 13:26:38.1802|INFO|Marvin.Cache.Headers.HttpCacheHeadersMiddleware|Expiration headers generated. Expires: Wed, 11 Apr 2018 17:36:38 GMT.  Cache-Control: public,max-age=600,must-revalidate.
2018-04-11 13:26:38.1802|INFO|Marvin.Cache.Headers.HttpCacheHeadersMiddleware|Generating Validation headers.
2018-04-11 13:26:38.2035|INFO|Marvin.Cache.Headers.HttpCacheHeadersMiddleware|Generating Validation headers.
2018-04-11 13:26:38.2220|INFO|Marvin.Cache.Headers.HttpCacheHeadersMiddleware|Validation headers generated. ETag: 5120A3C0B326894928354F1CB315F146. Last-Modified: Wed, 11 Apr 2018 17:26:38 GMT
2018-04-11 13:26:38.2220|INFO|Marvin.Cache.Headers.HttpCacheHeadersMiddleware|Validation headers generated. ETag: 5120A3C0B326894928354F1CB315F146. Last-Modified: Wed, 11 Apr 2018 17:26:38 GMT
2018-04-11 13:26:38.2407|INFO|Marvin.Cache.Headers.HttpCacheHeadersMiddleware|Generating Vary header.
2018-04-11 13:26:38.2506|INFO|Marvin.Cache.Headers.HttpCacheHeadersMiddleware|Generating Vary header.
2018-04-11 13:26:38.2506|INFO|Marvin.Cache.Headers.HttpCacheHeadersMiddleware|Vary header generated: Accept, Accept-Language, Accept-Encoding.
2018-04-11 13:26:38.2665|INFO|Marvin.Cache.Headers.HttpCacheHeadersMiddleware|Vary header generated: Accept, Accept-Language, Accept-Encoding.
2018-04-11 13:26:38.3663|INFO|Microsoft.EntityFrameworkCore.Infrastructure|Entity Framework Core 2.0.0-rtm-26452 initialized 'LibraryContext' using provider 'Microsoft.EntityFrameworkCore.SqlServer' with options: None
2018-04-11 13:26:38.3773|INFO|Microsoft.EntityFrameworkCore.Infrastructure|Entity Framework Core 2.0.0-rtm-26452 initialized 'LibraryContext' using provider 'Microsoft.EntityFrameworkCore.SqlServer' with options: None
2018-04-11 13:26:38.3773|INFO|Microsoft.AspNetCore.ResponseCaching.ResponseCachingMiddleware|The response could not be cached for this request.
2018-04-11 13:26:38.4098|INFO|Microsoft.AspNetCore.ResponseCaching.ResponseCachingMiddleware|The response could not be cached for this request.
2018-04-11 13:26:38.4098|INFO|Microsoft.EntityFrameworkCore.Database.Command|Executed DbCommand (2ms) [Parameters=[], CommandType='Text', CommandTimeout='30']
SELECT OBJECT_ID(N'__EFMigrationsHistory');
2018-04-11 13:26:38.4274|INFO|Microsoft.EntityFrameworkCore.Database.Command|Executed DbCommand (2ms) [Parameters=[], CommandType='Text', CommandTimeout='30']
SELECT OBJECT_ID(N'__EFMigrationsHistory');
2018-04-11 13:26:38.4397|INFO|Microsoft.AspNetCore.Hosting.Internal.WebHost|Request finished in 2035.2789ms 404 
2018-04-11 13:26:38.4397|INFO|Microsoft.EntityFrameworkCore.Database.Command|Executed DbCommand (5ms) [Parameters=[], CommandType='Text', CommandTimeout='30']
SELECT OBJECT_ID(N'__EFMigrationsHistory');
2018-04-11 13:26:38.4640|INFO|Microsoft.AspNetCore.Hosting.Internal.WebHost|Request finished in 2035.2789ms 404 
2018-04-11 13:26:38.4775|INFO|Microsoft.EntityFrameworkCore.Database.Command|Executed DbCommand (5ms) [Parameters=[], CommandType='Text', CommandTimeout='30']
SELECT OBJECT_ID(N'__EFMigrationsHistory');
2018-04-11 13:26:38.4870|INFO|Microsoft.EntityFrameworkCore.Database.Command|Executed DbCommand (1ms) [Parameters=[], CommandType='Text', CommandTimeout='30']
SELECT [MigrationId], [ProductVersion]
FROM [__EFMigrationsHistory]
ORDER BY [MigrationId];
2018-04-11 13:26:38.4870|INFO|Microsoft.EntityFrameworkCore.Database.Command|Executed DbCommand (1ms) [Parameters=[], CommandType='Text', CommandTimeout='30']
SELECT [MigrationId], [ProductVersion]
FROM [__EFMigrationsHistory]
ORDER BY [MigrationId];
2018-04-11 13:26:38.5042|INFO|Microsoft.EntityFrameworkCore.Migrations|No migrations were applied. The database is already up to date.
2018-04-11 13:26:38.5042|INFO|Microsoft.EntityFrameworkCore.Migrations|No migrations were applied. The database is already up to date.
2018-04-11 13:26:38.6363|INFO|Microsoft.AspNetCore.Mvc.Internal.ControllerActionInvoker|Executing action method Library.API.Controllers.ScoresController.GetScoreForUser (Library.API) with arguments (f74d6899-9ed2-4137-9876-66b070553f8f, e57b605f-8b3c-4089-b672-6ce9e6d6c23f) - ModelState is Valid
2018-04-11 13:26:38.6645|INFO|Microsoft.AspNetCore.Mvc.Internal.ControllerActionInvoker|Executing action method Library.API.Controllers.ScoresController.GetScoreForUser (Library.API) with arguments (f74d6899-9ed2-4137-9876-66b070553f8f, e57b605f-8b3c-4089-b672-6ce9e6d6c23f) - ModelState is Valid
2018-04-11 13:26:38.9153|INFO|Microsoft.EntityFrameworkCore.Database.Command|Executed DbCommand (1ms) [Parameters=[@__userId_0='?'], CommandType='Text', CommandTimeout='30']
SELECT CASE
    WHEN EXISTS (
        SELECT 1
        FROM [Users] AS [a]
        WHERE [a].[Id] = @__userId_0)
    THEN CAST(1 AS BIT) ELSE CAST(0 AS BIT)
END
2018-04-11 13:26:38.9281|INFO|Microsoft.EntityFrameworkCore.Database.Command|Executed DbCommand (1ms) [Parameters=[@__userId_0='?'], CommandType='Text', CommandTimeout='30']
SELECT CASE
    WHEN EXISTS (
        SELECT 1
        FROM [Users] AS [a]
        WHERE [a].[Id] = @__userId_0)
    THEN CAST(1 AS BIT) ELSE CAST(0 AS BIT)
END
2018-04-11 13:26:38.9742|INFO|Microsoft.EntityFrameworkCore.Database.Command|Executed DbCommand (1ms) [Parameters=[@__userId_0='?', @__scoreId_1='?'], CommandType='Text', CommandTimeout='30']
SELECT TOP(1) [b].[Id], [b].[InstanceScore], [b].[LatestScore], [b].[ScoreComparison], [b].[TimeStamp], [b].[UserId]
FROM [Scores] AS [b]
WHERE ([b].[UserId] = @__userId_0) AND ([b].[Id] = @__scoreId_1)
2018-04-11 13:26:38.9869|INFO|Microsoft.EntityFrameworkCore.Database.Command|Executed DbCommand (1ms) [Parameters=[@__userId_0='?', @__scoreId_1='?'], CommandType='Text', CommandTimeout='30']
SELECT TOP(1) [b].[Id], [b].[InstanceScore], [b].[LatestScore], [b].[ScoreComparison], [b].[TimeStamp], [b].[UserId]
FROM [Scores] AS [b]
WHERE ([b].[UserId] = @__userId_0) AND ([b].[Id] = @__scoreId_1)
2018-04-11 13:26:39.3350|INFO|Microsoft.AspNetCore.Mvc.Internal.ObjectResultExecutor|Executing ObjectResult, writing value Microsoft.AspNetCore.Mvc.ControllerContext.
2018-04-11 13:26:39.3481|INFO|Microsoft.AspNetCore.Mvc.Internal.ObjectResultExecutor|Executing ObjectResult, writing value Microsoft.AspNetCore.Mvc.ControllerContext.
2018-04-11 13:26:42.3604|INFO|Microsoft.AspNetCore.Mvc.Internal.ControllerActionInvoker|Executed action Library.API.Controllers.ScoresController.GetScoreForUser (Library.API) in 4041.7114ms
2018-04-11 13:26:42.3825|INFO|Microsoft.AspNetCore.Mvc.Internal.ControllerActionInvoker|Executed action Library.API.Controllers.ScoresController.GetScoreForUser (Library.API) in 4041.7114ms
2018-04-11 13:26:42.3825|INFO|Marvin.Cache.Headers.HttpCacheHeadersMiddleware|Generating expiration headers.
2018-04-11 13:26:42.3982|INFO|Marvin.Cache.Headers.HttpCacheHeadersMiddleware|Generating expiration headers.
2018-04-11 13:26:42.3982|INFO|Marvin.Cache.Headers.HttpCacheHeadersMiddleware|Expiration headers generated. Expires: Wed, 11 Apr 2018 17:36:42 GMT.  Cache-Control: public,max-age=600,must-revalidate.
2018-04-11 13:26:42.4110|INFO|Marvin.Cache.Headers.HttpCacheHeadersMiddleware|Expiration headers generated. Expires: Wed, 11 Apr 2018 17:36:42 GMT.  Cache-Control: public,max-age=600,must-revalidate.
2018-04-11 13:26:42.4110|INFO|Marvin.Cache.Headers.HttpCacheHeadersMiddleware|Generating Validation headers.
2018-04-11 13:26:42.4256|INFO|Marvin.Cache.Headers.HttpCacheHeadersMiddleware|Generating Validation headers.
2018-04-11 13:26:42.4256|INFO|Marvin.Cache.Headers.HttpCacheHeadersMiddleware|Validation headers generated. ETag: ABF728D489A03BF66C98CAA3692019A5. Last-Modified: Wed, 11 Apr 2018 17:26:42 GMT
2018-04-11 13:26:42.4395|INFO|Marvin.Cache.Headers.HttpCacheHeadersMiddleware|Validation headers generated. ETag: ABF728D489A03BF66C98CAA3692019A5. Last-Modified: Wed, 11 Apr 2018 17:26:42 GMT
2018-04-11 13:26:42.4395|INFO|Marvin.Cache.Headers.HttpCacheHeadersMiddleware|Generating Vary header.
2018-04-11 13:26:42.4537|INFO|Marvin.Cache.Headers.HttpCacheHeadersMiddleware|Generating Vary header.
2018-04-11 13:26:42.4537|INFO|Marvin.Cache.Headers.HttpCacheHeadersMiddleware|Vary header generated: Accept, Accept-Language, Accept-Encoding.
2018-04-11 13:26:42.4537|INFO|Marvin.Cache.Headers.HttpCacheHeadersMiddleware|Vary header generated: Accept, Accept-Language, Accept-Encoding.
2018-04-11 13:26:42.5940|INFO|Microsoft.AspNetCore.ResponseCaching.ResponseCachingMiddleware|The response has been cached.
2018-04-11 13:26:42.5940|INFO|Microsoft.AspNetCore.ResponseCaching.ResponseCachingMiddleware|The response has been cached.
2018-04-11 13:26:42.6177|INFO|Microsoft.AspNetCore.Hosting.Internal.WebHost|Request finished in 6220.4267ms 200 application/json; charset=utf-8
2018-04-11 13:26:42.7165|INFO|Microsoft.AspNetCore.Hosting.Internal.WebHost|Request finished in 6220.4267ms 200 application/json; charset=utf-8
2018-04-11 13:26:45.3233|INFO|Microsoft.AspNetCore.Hosting.Internal.WebHost|Request starting HTTP/1.1 GET http://localhost:6058/api/users/f74d6899-9ed2-4137-9876-66b070553f8f/scores/e57b605f-8b3c-4089-b672-6ce9e6d6c23f  
2018-04-11 13:26:45.3357|INFO|Microsoft.AspNetCore.Hosting.Internal.WebHost|Request starting HTTP/1.1 GET http://localhost:6058/api/users/f74d6899-9ed2-4137-9876-66b070553f8f/scores/e57b605f-8b3c-4089-b672-6ce9e6d6c23f  
2018-04-11 13:26:45.3444|INFO|Microsoft.AspNetCore.ResponseCaching.ResponseCachingMiddleware|Serving response from cache.
2018-04-11 13:26:45.3444|INFO|Microsoft.AspNetCore.ResponseCaching.ResponseCachingMiddleware|Serving response from cache.
2018-04-11 13:26:45.3703|INFO|Microsoft.AspNetCore.Hosting.Internal.WebHost|Request finished in 69.4825ms 200 application/json; charset=utf-8
2018-04-11 13:26:45.3782|INFO|Microsoft.AspNetCore.Hosting.Internal.WebHost|Request finished in 69.4825ms 200 application/json; charset=utf-8
2018-04-11 13:26:51.1633|INFO|Microsoft.AspNetCore.Hosting.Internal.WebHost|Request starting HTTP/1.1 POST http://localhost:6058/api/Account/register application/json 94
2018-04-11 13:26:51.1835|INFO|Microsoft.AspNetCore.Hosting.Internal.WebHost|Request starting HTTP/1.1 POST http://localhost:6058/api/Account/register application/json 94
2018-04-11 13:26:51.1909|INFO|Marvin.Cache.Headers.HttpCacheHeadersMiddleware|Checking for conditional GET/HEAD.
2018-04-11 13:26:51.2036|INFO|Marvin.Cache.Headers.HttpCacheHeadersMiddleware|Checking for conditional GET/HEAD.
2018-04-11 13:26:51.2036|INFO|Marvin.Cache.Headers.HttpCacheHeadersMiddleware|Not valid - method isn't GET or HEAD.
2018-04-11 13:26:51.2219|INFO|Marvin.Cache.Headers.HttpCacheHeadersMiddleware|Not valid - method isn't GET or HEAD.
2018-04-11 13:26:51.2219|INFO|Marvin.Cache.Headers.HttpCacheHeadersMiddleware|Don't generate 304 - Not Modified.  Continue.
2018-04-11 13:26:51.2365|INFO|Marvin.Cache.Headers.HttpCacheHeadersMiddleware|Don't generate 304 - Not Modified.  Continue.
2018-04-11 13:26:51.2365|INFO|Marvin.Cache.Headers.HttpCacheHeadersMiddleware|Checking for conditional PUT/PATCH.
2018-04-11 13:26:51.2584|INFO|Marvin.Cache.Headers.HttpCacheHeadersMiddleware|Checking for conditional PUT/PATCH.
2018-04-11 13:26:51.2686|INFO|Marvin.Cache.Headers.HttpCacheHeadersMiddleware|Not valid - method isn't PUT or PATCH.
2018-04-11 13:26:51.2686|INFO|Marvin.Cache.Headers.HttpCacheHeadersMiddleware|Not valid - method isn't PUT or PATCH.
2018-04-11 13:26:51.2879|INFO|Marvin.Cache.Headers.HttpCacheHeadersMiddleware|Don't generate 412 - Precondition Failed.  Continue.
2018-04-11 13:26:51.3006|INFO|Marvin.Cache.Headers.HttpCacheHeadersMiddleware|Don't generate 412 - Precondition Failed.  Continue.
2018-04-11 13:29:38.2386|INFO|Microsoft.AspNetCore.Mvc.Internal.ControllerActionInvoker|Executed action Library.API.Controllers.AccountController.Register (Library.API) in 166869.3704ms
2018-04-11 13:29:38.2587|INFO|Microsoft.AspNetCore.Mvc.Internal.ControllerActionInvoker|Executed action Library.API.Controllers.AccountController.Register (Library.API) in 166869.3704ms
2018-04-11 13:29:47.6673|ERROR|Microsoft.AspNetCore.Diagnostics.ExceptionHandlerMiddleware|An unhandled exception has occurred: The type initializer for 'System.Data.Entity.Internal.AppConfig' threw an exception.
2018-04-11 13:29:47.8102|ERROR|Microsoft.AspNetCore.Diagnostics.ExceptionHandlerMiddleware|An unhandled exception has occurred: The type initializer for 'System.Data.Entity.Internal.AppConfig' threw an exception.
2018-04-11 13:29:47.8457|ERROR|Global exception logger|The type initializer for 'System.Data.Entity.Internal.AppConfig' threw an exception.
2018-04-11 13:29:47.8995|ERROR|Global exception logger|The type initializer for 'System.Data.Entity.Internal.AppConfig' threw an exception.
2018-04-11 13:29:50.2790|ERROR|Microsoft.AspNetCore.Diagnostics.ExceptionHandlerMiddleware|An exception was thrown attempting to execute the error handler.
2018-04-11 13:29:50.3310|ERROR|Microsoft.AspNetCore.Diagnostics.ExceptionHandlerMiddleware|An exception was thrown attempting to execute the error handler.
2018-04-11 13:29:50.4763|ERROR|Microsoft.AspNetCore.Server.Kestrel|Connection id "0HLCVQ5GAU2EG", Request id "0HLCVQ5GAU2EG:00000002": An unhandled exception was thrown by the application.
2018-04-11 13:29:50.6107|ERROR|Microsoft.AspNetCore.Server.Kestrel|Connection id "0HLCVQ5GAU2EG", Request id "0HLCVQ5GAU2EG:00000002": An unhandled exception was thrown by the application.
2018-04-11 13:29:50.6107|INFO|Microsoft.AspNetCore.Hosting.Internal.WebHost|Request finished in 179460.3235ms 0 
2018-04-11 13:29:50.6527|INFO|Microsoft.AspNetCore.Hosting.Internal.WebHost|Request finished in 179460.3235ms 0 
2018-04-11 19:58:04.5833|INFO|Microsoft.AspNetCore.DataProtection.KeyManagement.XmlKeyManager|User profile is available. Using 'C:\Users\wanis\AppData\Local\ASP.NET\DataProtection-Keys' as key repository and Windows DPAPI to encrypt keys at rest.
2018-04-11 19:58:05.8466|INFO|Microsoft.EntityFrameworkCore.Infrastructure|Entity Framework Core 2.0.0-rtm-26452 initialized 'LibraryContext' using provider 'Microsoft.EntityFrameworkCore.SqlServer' with options: None
2018-04-11 19:58:12.0342|INFO|Microsoft.EntityFrameworkCore.Database.Command|Executed DbCommand (180ms) [Parameters=[], CommandType='Text', CommandTimeout='30']
SELECT OBJECT_ID(N'__EFMigrationsHistory');
2018-04-11 19:58:12.0598|INFO|Microsoft.EntityFrameworkCore.Database.Command|Executed DbCommand (2ms) [Parameters=[], CommandType='Text', CommandTimeout='30']
SELECT OBJECT_ID(N'__EFMigrationsHistory');
2018-04-11 19:58:12.1129|INFO|Microsoft.EntityFrameworkCore.Database.Command|Executed DbCommand (23ms) [Parameters=[], CommandType='Text', CommandTimeout='30']
SELECT [MigrationId], [ProductVersion]
FROM [__EFMigrationsHistory]
ORDER BY [MigrationId];
2018-04-11 19:58:12.1760|INFO|Microsoft.EntityFrameworkCore.Migrations|No migrations were applied. The database is already up to date.
2018-04-11 19:58:12.8939|INFO|Microsoft.EntityFrameworkCore.Database.Command|Executed DbCommand (15ms) [Parameters=[], CommandType='Text', CommandTimeout='30']
SELECT [u].[Id], [u].[FirstName], [u].[IMEI], [u].[LastName], [u].[Password], [u].[UserName]
FROM [Users] AS [u]
2018-04-11 19:58:12.9074|INFO|Microsoft.EntityFrameworkCore.Database.Command|Executed DbCommand (15ms) [Parameters=[], CommandType='Text', CommandTimeout='30']
SELECT [u].[Id], [u].[FirstName], [u].[IMEI], [u].[LastName], [u].[Password], [u].[UserName]
FROM [Users] AS [u]
2018-04-11 19:58:13.0829|INFO|Microsoft.EntityFrameworkCore.Database.Command|Executed DbCommand (67ms) [Parameters=[@p0='?', @p1='?', @p2='?', @p3='?', @p4='?', @p5='?', @p6='?'], CommandType='Text', CommandTimeout='30']
SET NOCOUNT ON;
DELETE FROM [Users]
WHERE [Id] = @p0;
SELECT @@ROWCOUNT;

DELETE FROM [Users]
WHERE [Id] = @p1;
SELECT @@ROWCOUNT;

DELETE FROM [Users]
WHERE [Id] = @p2;
SELECT @@ROWCOUNT;

DELETE FROM [Users]
WHERE [Id] = @p3;
SELECT @@ROWCOUNT;

DELETE FROM [Users]
WHERE [Id] = @p4;
SELECT @@ROWCOUNT;

DELETE FROM [Users]
WHERE [Id] = @p5;
SELECT @@ROWCOUNT;

DELETE FROM [Users]
WHERE [Id] = @p6;
SELECT @@ROWCOUNT;
2018-04-11 19:58:13.0959|INFO|Microsoft.EntityFrameworkCore.Database.Command|Executed DbCommand (67ms) [Parameters=[@p0='?', @p1='?', @p2='?', @p3='?', @p4='?', @p5='?', @p6='?'], CommandType='Text', CommandTimeout='30']
SET NOCOUNT ON;
DELETE FROM [Users]
WHERE [Id] = @p0;
SELECT @@ROWCOUNT;

DELETE FROM [Users]
WHERE [Id] = @p1;
SELECT @@ROWCOUNT;

DELETE FROM [Users]
WHERE [Id] = @p2;
SELECT @@ROWCOUNT;

DELETE FROM [Users]
WHERE [Id] = @p3;
SELECT @@ROWCOUNT;

DELETE FROM [Users]
WHERE [Id] = @p4;
SELECT @@ROWCOUNT;

DELETE FROM [Users]
WHERE [Id] = @p5;
SELECT @@ROWCOUNT;

DELETE FROM [Users]
WHERE [Id] = @p6;
SELECT @@ROWCOUNT;
2018-04-11 19:58:13.1834|INFO|Microsoft.EntityFrameworkCore.Database.Command|Executed DbCommand (4ms) [Parameters=[@p0='?', @p1='?' (Size = 50), @p2='?' (Size = 50), @p3='?' (Size = 50), @p4='?' (Size = 50), @p5='?' (Size = 50), @p6='?', @p7='?' (Size = 50), @p8='?' (Size = 50), @p9='?' (Size = 50), @p10='?' (Size = 50), @p11='?' (Size = 50), @p12='?', @p13='?' (Size = 50), @p14='?' (Size = 50), @p15='?' (Size = 50), @p16='?' (Size = 50), @p17='?' (Size = 50), @p18='?', @p19='?' (Size = 50), @p20='?' (Size = 50), @p21='?' (Size = 50), @p22='?' (Size = 50), @p23='?' (Size = 50), @p24='?', @p25='?' (Size = 50), @p26='?' (Size = 50), @p27='?' (Size = 50), @p28='?' (Size = 50), @p29='?' (Size = 50), @p30='?', @p31='?' (Size = 50), @p32='?' (Size = 50), @p33='?' (Size = 50), @p34='?' (Size = 50), @p35='?' (Size = 50)], CommandType='Text', CommandTimeout='30']
SET NOCOUNT ON;
INSERT INTO [Users] ([Id], [FirstName], [IMEI], [LastName], [Password], [UserName])
VALUES (@p0, @p1, @p2, @p3, @p4, @p5),
(@p6, @p7, @p8, @p9, @p10, @p11),
(@p12, @p13, @p14, @p15, @p16, @p17),
(@p18, @p19, @p20, @p21, @p22, @p23),
(@p24, @p25, @p26, @p27, @p28, @p29),
(@p30, @p31, @p32, @p33, @p34, @p35);
2018-04-11 19:58:13.1973|INFO|Microsoft.EntityFrameworkCore.Database.Command|Executed DbCommand (4ms) [Parameters=[@p0='?', @p1='?' (Size = 50), @p2='?' (Size = 50), @p3='?' (Size = 50), @p4='?' (Size = 50), @p5='?' (Size = 50), @p6='?', @p7='?' (Size = 50), @p8='?' (Size = 50), @p9='?' (Size = 50), @p10='?' (Size = 50), @p11='?' (Size = 50), @p12='?', @p13='?' (Size = 50), @p14='?' (Size = 50), @p15='?' (Size = 50), @p16='?' (Size = 50), @p17='?' (Size = 50), @p18='?', @p19='?' (Size = 50), @p20='?' (Size = 50), @p21='?' (Size = 50), @p22='?' (Size = 50), @p23='?' (Size = 50), @p24='?', @p25='?' (Size = 50), @p26='?' (Size = 50), @p27='?' (Size = 50), @p28='?' (Size = 50), @p29='?' (Size = 50), @p30='?', @p31='?' (Size = 50), @p32='?' (Size = 50), @p33='?' (Size = 50), @p34='?' (Size = 50), @p35='?' (Size = 50)], CommandType='Text', CommandTimeout='30']
SET NOCOUNT ON;
INSERT INTO [Users] ([Id], [FirstName], [IMEI], [LastName], [Password], [UserName])
VALUES (@p0, @p1, @p2, @p3, @p4, @p5),
(@p6, @p7, @p8, @p9, @p10, @p11),
(@p12, @p13, @p14, @p15, @p16, @p17),
(@p18, @p19, @p20, @p21, @p22, @p23),
(@p24, @p25, @p26, @p27, @p28, @p29),
(@p30, @p31, @p32, @p33, @p34, @p35);
2018-04-11 19:58:13.2301|INFO|Microsoft.EntityFrameworkCore.Database.Command|Executed DbCommand (6ms) [Parameters=[@p36='?', @p37='?', @p38='?', @p39='?' (Size = 200), @p40='?', @p41='?', @p42='?', @p43='?', @p44='?', @p45='?' (Size = 200), @p46='?', @p47='?', @p48='?', @p49='?', @p50='?', @p51='?' (Size = 200), @p52='?', @p53='?', @p54='?', @p55='?', @p56='?', @p57='?' (Size = 200), @p58='?', @p59='?', @p60='?', @p61='?', @p62='?', @p63='?' (Size = 200), @p64='?', @p65='?', @p66='?', @p67='?', @p68='?', @p69='?' (Size = 200), @p70='?', @p71='?'], CommandType='Text', CommandTimeout='30']
SET NOCOUNT ON;
INSERT INTO [Scores] ([Id], [InstanceScore], [LatestScore], [ScoreComparison], [TimeStamp], [UserId])
VALUES (@p36, @p37, @p38, @p39, @p40, @p41),
(@p42, @p43, @p44, @p45, @p46, @p47),
(@p48, @p49, @p50, @p51, @p52, @p53),
(@p54, @p55, @p56, @p57, @p58, @p59),
(@p60, @p61, @p62, @p63, @p64, @p65),
(@p66, @p67, @p68, @p69, @p70, @p71);
2018-04-11 19:58:13.2546|INFO|Microsoft.EntityFrameworkCore.Database.Command|Executed DbCommand (6ms) [Parameters=[@p36='?', @p37='?', @p38='?', @p39='?' (Size = 200), @p40='?', @p41='?', @p42='?', @p43='?', @p44='?', @p45='?' (Size = 200), @p46='?', @p47='?', @p48='?', @p49='?', @p50='?', @p51='?' (Size = 200), @p52='?', @p53='?', @p54='?', @p55='?', @p56='?', @p57='?' (Size = 200), @p58='?', @p59='?', @p60='?', @p61='?', @p62='?', @p63='?' (Size = 200), @p64='?', @p65='?', @p66='?', @p67='?', @p68='?', @p69='?' (Size = 200), @p70='?', @p71='?'], CommandType='Text', CommandTimeout='30']
SET NOCOUNT ON;
INSERT INTO [Scores] ([Id], [InstanceScore], [LatestScore], [ScoreComparison], [TimeStamp], [UserId])
VALUES (@p36, @p37, @p38, @p39, @p40, @p41),
(@p42, @p43, @p44, @p45, @p46, @p47),
(@p48, @p49, @p50, @p51, @p52, @p53),
(@p54, @p55, @p56, @p57, @p58, @p59),
(@p60, @p61, @p62, @p63, @p64, @p65),
(@p66, @p67, @p68, @p69, @p70, @p71);
2018-04-11 19:58:13.8743|INFO|Microsoft.AspNetCore.Hosting.Internal.WebHost|Request starting HTTP/1.1 GET http://localhost:6058/  
2018-04-11 19:58:13.9032|INFO|Microsoft.AspNetCore.Hosting.Internal.WebHost|Request starting HTTP/1.1 GET http://localhost:6058/  
2018-04-11 19:58:14.0447|INFO|Microsoft.AspNetCore.ResponseCaching.ResponseCachingMiddleware|No cached response available for this request.
2018-04-11 19:58:14.0910|INFO|Microsoft.AspNetCore.ResponseCaching.ResponseCachingMiddleware|No cached response available for this request.
2018-04-11 19:58:14.1430|INFO|Marvin.Cache.Headers.HttpCacheHeadersMiddleware|Checking for conditional GET/HEAD.
2018-04-11 19:58:14.1591|INFO|Marvin.Cache.Headers.HttpCacheHeadersMiddleware|Checking for conditional GET/HEAD.
2018-04-11 19:58:14.1591|INFO|Marvin.Cache.Headers.HttpCacheHeadersMiddleware|Not valid - no If-None-Match or If-Modified-Since headers.
2018-04-11 19:58:14.1742|INFO|Marvin.Cache.Headers.HttpCacheHeadersMiddleware|Not valid - no If-None-Match or If-Modified-Since headers.
2018-04-11 19:58:14.1742|INFO|Marvin.Cache.Headers.HttpCacheHeadersMiddleware|Don't generate 304 - Not Modified.  Continue.
2018-04-11 19:58:14.1882|INFO|Marvin.Cache.Headers.HttpCacheHeadersMiddleware|Don't generate 304 - Not Modified.  Continue.
2018-04-11 19:58:14.1882|INFO|Marvin.Cache.Headers.HttpCacheHeadersMiddleware|Checking for conditional PUT/PATCH.
2018-04-11 19:58:14.2294|INFO|Marvin.Cache.Headers.HttpCacheHeadersMiddleware|Checking for conditional PUT/PATCH.
2018-04-11 19:58:14.2294|INFO|Marvin.Cache.Headers.HttpCacheHeadersMiddleware|Not valid - method isn't PUT or PATCH.
2018-04-11 19:58:14.2437|INFO|Marvin.Cache.Headers.HttpCacheHeadersMiddleware|Not valid - method isn't PUT or PATCH.
2018-04-11 19:58:14.2437|INFO|Marvin.Cache.Headers.HttpCacheHeadersMiddleware|Don't generate 412 - Precondition Failed.  Continue.
2018-04-11 19:58:14.2608|INFO|Marvin.Cache.Headers.HttpCacheHeadersMiddleware|Don't generate 412 - Precondition Failed.  Continue.
2018-04-11 19:58:14.6578|INFO|Marvin.Cache.Headers.HttpCacheHeadersMiddleware|Generating expiration headers.
2018-04-11 19:58:14.6578|INFO|Marvin.Cache.Headers.HttpCacheHeadersMiddleware|Generating expiration headers.
2018-04-11 19:58:14.6747|INFO|Marvin.Cache.Headers.HttpCacheHeadersMiddleware|Expiration headers generated. Expires: Thu, 12 Apr 2018 00:08:14 GMT.  Cache-Control: public,max-age=600,must-revalidate.
2018-04-11 19:58:14.7030|INFO|Marvin.Cache.Headers.HttpCacheHeadersMiddleware|Expiration headers generated. Expires: Thu, 12 Apr 2018 00:08:14 GMT.  Cache-Control: public,max-age=600,must-revalidate.
2018-04-11 19:58:14.7116|INFO|Marvin.Cache.Headers.HttpCacheHeadersMiddleware|Generating Validation headers.
2018-04-11 19:58:14.7220|INFO|Marvin.Cache.Headers.HttpCacheHeadersMiddleware|Generating Validation headers.
2018-04-11 19:58:14.7496|INFO|Marvin.Cache.Headers.HttpCacheHeadersMiddleware|Validation headers generated. ETag: 5120A3C0B326894928354F1CB315F146. Last-Modified: Wed, 11 Apr 2018 23:58:14 GMT
2018-04-11 19:58:14.7672|INFO|Marvin.Cache.Headers.HttpCacheHeadersMiddleware|Validation headers generated. ETag: 5120A3C0B326894928354F1CB315F146. Last-Modified: Wed, 11 Apr 2018 23:58:14 GMT
2018-04-11 19:58:14.7779|INFO|Marvin.Cache.Headers.HttpCacheHeadersMiddleware|Generating Vary header.
2018-04-11 19:58:14.7924|INFO|Marvin.Cache.Headers.HttpCacheHeadersMiddleware|Generating Vary header.
2018-04-11 19:58:14.8030|INFO|Marvin.Cache.Headers.HttpCacheHeadersMiddleware|Vary header generated: Accept, Accept-Language, Accept-Encoding.
2018-04-11 19:58:14.8358|INFO|Marvin.Cache.Headers.HttpCacheHeadersMiddleware|Vary header generated: Accept, Accept-Language, Accept-Encoding.
2018-04-11 19:58:14.8804|INFO|Microsoft.AspNetCore.ResponseCaching.ResponseCachingMiddleware|The response could not be cached for this request.
2018-04-11 19:58:14.9008|INFO|Microsoft.AspNetCore.ResponseCaching.ResponseCachingMiddleware|The response could not be cached for this request.
2018-04-11 19:58:14.9217|INFO|Microsoft.AspNetCore.Hosting.Internal.WebHost|Request finished in 1046.2528ms 404 
2018-04-11 19:58:14.9684|INFO|Microsoft.AspNetCore.Hosting.Internal.WebHost|Request finished in 1046.2528ms 404 
2018-04-11 19:59:07.5623|INFO|Microsoft.AspNetCore.Hosting.Internal.WebHost|Request starting HTTP/1.1 POST http://localhost:6058/api/users/578359b7-1967-41d6-8b87-64ab7605587e/scores application/json 29
2018-04-11 19:59:07.5881|INFO|Microsoft.AspNetCore.Hosting.Internal.WebHost|Request starting HTTP/1.1 POST http://localhost:6058/api/users/578359b7-1967-41d6-8b87-64ab7605587e/scores application/json 29
2018-04-11 19:59:07.6031|INFO|Marvin.Cache.Headers.HttpCacheHeadersMiddleware|Checking for conditional GET/HEAD.
2018-04-11 19:59:07.6141|INFO|Marvin.Cache.Headers.HttpCacheHeadersMiddleware|Checking for conditional GET/HEAD.
2018-04-11 19:59:07.6141|INFO|Marvin.Cache.Headers.HttpCacheHeadersMiddleware|Not valid - method isn't GET or HEAD.
2018-04-11 19:59:07.6486|INFO|Marvin.Cache.Headers.HttpCacheHeadersMiddleware|Not valid - method isn't GET or HEAD.
2018-04-11 19:59:07.6486|INFO|Marvin.Cache.Headers.HttpCacheHeadersMiddleware|Don't generate 304 - Not Modified.  Continue.
2018-04-11 19:59:07.6789|INFO|Marvin.Cache.Headers.HttpCacheHeadersMiddleware|Don't generate 304 - Not Modified.  Continue.
2018-04-11 19:59:07.7030|INFO|Marvin.Cache.Headers.HttpCacheHeadersMiddleware|Checking for conditional PUT/PATCH.
2018-04-11 19:59:07.7287|INFO|Marvin.Cache.Headers.HttpCacheHeadersMiddleware|Checking for conditional PUT/PATCH.
2018-04-11 19:59:07.7287|INFO|Marvin.Cache.Headers.HttpCacheHeadersMiddleware|Not valid - method isn't PUT or PATCH.
2018-04-11 19:59:07.7439|INFO|Marvin.Cache.Headers.HttpCacheHeadersMiddleware|Not valid - method isn't PUT or PATCH.
2018-04-11 19:59:07.7513|INFO|Marvin.Cache.Headers.HttpCacheHeadersMiddleware|Don't generate 412 - Precondition Failed.  Continue.
2018-04-11 19:59:07.7513|INFO|Marvin.Cache.Headers.HttpCacheHeadersMiddleware|Don't generate 412 - Precondition Failed.  Continue.
2018-04-11 19:59:07.9217|INFO|Microsoft.EntityFrameworkCore.Infrastructure|Entity Framework Core 2.0.0-rtm-26452 initialized 'LibraryContext' using provider 'Microsoft.EntityFrameworkCore.SqlServer' with options: None
2018-04-11 19:59:07.9324|INFO|Microsoft.EntityFrameworkCore.Infrastructure|Entity Framework Core 2.0.0-rtm-26452 initialized 'LibraryContext' using provider 'Microsoft.EntityFrameworkCore.SqlServer' with options: None
2018-04-11 19:59:07.9427|INFO|Microsoft.EntityFrameworkCore.Database.Command|Executed DbCommand (1ms) [Parameters=[], CommandType='Text', CommandTimeout='30']
SELECT OBJECT_ID(N'__EFMigrationsHistory');
2018-04-11 19:59:07.9550|INFO|Microsoft.EntityFrameworkCore.Database.Command|Executed DbCommand (1ms) [Parameters=[], CommandType='Text', CommandTimeout='30']
SELECT OBJECT_ID(N'__EFMigrationsHistory');
2018-04-11 19:59:07.9550|INFO|Microsoft.EntityFrameworkCore.Database.Command|Executed DbCommand (2ms) [Parameters=[], CommandType='Text', CommandTimeout='30']
SELECT OBJECT_ID(N'__EFMigrationsHistory');
2018-04-11 19:59:07.9723|INFO|Microsoft.EntityFrameworkCore.Database.Command|Executed DbCommand (2ms) [Parameters=[], CommandType='Text', CommandTimeout='30']
SELECT OBJECT_ID(N'__EFMigrationsHistory');
2018-04-11 19:59:07.9723|INFO|Microsoft.EntityFrameworkCore.Database.Command|Executed DbCommand (1ms) [Parameters=[], CommandType='Text', CommandTimeout='30']
SELECT [MigrationId], [ProductVersion]
FROM [__EFMigrationsHistory]
ORDER BY [MigrationId];
2018-04-11 19:59:07.9899|INFO|Microsoft.EntityFrameworkCore.Database.Command|Executed DbCommand (1ms) [Parameters=[], CommandType='Text', CommandTimeout='30']
SELECT [MigrationId], [ProductVersion]
FROM [__EFMigrationsHistory]
ORDER BY [MigrationId];
2018-04-11 19:59:07.9899|INFO|Microsoft.EntityFrameworkCore.Migrations|No migrations were applied. The database is already up to date.
2018-04-11 19:59:08.0032|INFO|Microsoft.EntityFrameworkCore.Migrations|No migrations were applied. The database is already up to date.
2018-04-11 19:59:08.1844|INFO|Microsoft.AspNetCore.Mvc.Internal.ControllerActionInvoker|Executing action method Library.API.Controllers.ScoresController.CreateScoreForUser (Library.API) with arguments (578359b7-1967-41d6-8b87-64ab7605587e, Library.API.Models.ScoreForCreationDto) - ModelState is Valid
2018-04-11 19:59:08.2045|INFO|Microsoft.AspNetCore.Mvc.Internal.ControllerActionInvoker|Executing action method Library.API.Controllers.ScoresController.CreateScoreForUser (Library.API) with arguments (578359b7-1967-41d6-8b87-64ab7605587e, Library.API.Models.ScoreForCreationDto) - ModelState is Valid
2018-04-11 19:59:08.2933|INFO|Microsoft.EntityFrameworkCore.Database.Command|Executed DbCommand (3ms) [Parameters=[@__userId_0='?'], CommandType='Text', CommandTimeout='30']
SELECT CASE
    WHEN EXISTS (
        SELECT 1
        FROM [Users] AS [a]
        WHERE [a].[Id] = @__userId_0)
    THEN CAST(1 AS BIT) ELSE CAST(0 AS BIT)
END
2018-04-11 19:59:08.3085|INFO|Microsoft.EntityFrameworkCore.Database.Command|Executed DbCommand (3ms) [Parameters=[@__userId_0='?'], CommandType='Text', CommandTimeout='30']
SELECT CASE
    WHEN EXISTS (
        SELECT 1
        FROM [Users] AS [a]
        WHERE [a].[Id] = @__userId_0)
    THEN CAST(1 AS BIT) ELSE CAST(0 AS BIT)
END
2018-04-11 19:59:09.3777|INFO|Microsoft.EntityFrameworkCore.Database.Command|Executed DbCommand (1ms) [Parameters=[@__userId_0='?'], CommandType='Text', CommandTimeout='30']
SELECT TOP(1) [a].[Id], [a].[FirstName], [a].[IMEI], [a].[LastName], [a].[Password], [a].[UserName]
FROM [Users] AS [a]
WHERE [a].[Id] = @__userId_0
2018-04-11 19:59:09.8549|INFO|Microsoft.EntityFrameworkCore.Database.Command|Executed DbCommand (1ms) [Parameters=[@__userId_0='?'], CommandType='Text', CommandTimeout='30']
SELECT TOP(1) [a].[Id], [a].[FirstName], [a].[IMEI], [a].[LastName], [a].[Password], [a].[UserName]
FROM [Users] AS [a]
WHERE [a].[Id] = @__userId_0
2018-04-11 19:59:09.8826|INFO|Microsoft.EntityFrameworkCore.Database.Command|Executed DbCommand (16ms) [Parameters=[@__userId_0='?'], CommandType='Text', CommandTimeout='30']
SELECT CASE
    WHEN EXISTS (
        SELECT 1
        FROM [Scores] AS [a]
        WHERE [a].[UserId] = @__userId_0)
    THEN CAST(1 AS BIT) ELSE CAST(0 AS BIT)
END
2018-04-11 19:59:09.8948|INFO|Microsoft.EntityFrameworkCore.Database.Command|Executed DbCommand (16ms) [Parameters=[@__userId_0='?'], CommandType='Text', CommandTimeout='30']
SELECT CASE
    WHEN EXISTS (
        SELECT 1
        FROM [Scores] AS [a]
        WHERE [a].[UserId] = @__userId_0)
    THEN CAST(1 AS BIT) ELSE CAST(0 AS BIT)
END
2018-04-11 19:59:09.9330|INFO|Microsoft.EntityFrameworkCore.Database.Command|Executed DbCommand (4ms) [Parameters=[@__userId_0='?'], CommandType='Text', CommandTimeout='30']
SELECT [a].[Id], [a].[InstanceScore], [a].[LatestScore], [a].[ScoreComparison], [a].[TimeStamp], [a].[UserId]
FROM [Scores] AS [a]
WHERE [a].[UserId] = @__userId_0
2018-04-11 19:59:09.9436|INFO|Microsoft.EntityFrameworkCore.Database.Command|Executed DbCommand (4ms) [Parameters=[@__userId_0='?'], CommandType='Text', CommandTimeout='30']
SELECT [a].[Id], [a].[InstanceScore], [a].[LatestScore], [a].[ScoreComparison], [a].[TimeStamp], [a].[UserId]
FROM [Scores] AS [a]
WHERE [a].[UserId] = @__userId_0
2018-04-11 19:59:09.9553|INFO|Microsoft.EntityFrameworkCore.Database.Command|Executed DbCommand (2ms) [Parameters=[@p0='?', @p1='?', @p2='?', @p3='?' (Size = 200), @p4='?', @p5='?'], CommandType='Text', CommandTimeout='30']
SET NOCOUNT ON;
INSERT INTO [Scores] ([Id], [InstanceScore], [LatestScore], [ScoreComparison], [TimeStamp], [UserId])
VALUES (@p0, @p1, @p2, @p3, @p4, @p5);
2018-04-11 19:59:09.9553|INFO|Microsoft.EntityFrameworkCore.Database.Command|Executed DbCommand (2ms) [Parameters=[@p0='?', @p1='?', @p2='?', @p3='?' (Size = 200), @p4='?', @p5='?'], CommandType='Text', CommandTimeout='30']
SET NOCOUNT ON;
INSERT INTO [Scores] ([Id], [InstanceScore], [LatestScore], [ScoreComparison], [TimeStamp], [UserId])
VALUES (@p0, @p1, @p2, @p3, @p4, @p5);
2018-04-11 19:59:10.0895|WARN|Microsoft.EntityFrameworkCore.Query|The LINQ expression 'where (([a].TimeStamp - DateTime.Now).TotalDays < 30)' could not be translated and will be evaluated locally.
2018-04-11 19:59:10.1178|WARN|Microsoft.EntityFrameworkCore.Query|The LINQ expression 'where (([a].TimeStamp - DateTime.Now).TotalDays < 30)' could not be translated and will be evaluated locally.
2018-04-11 19:59:10.1686|INFO|Microsoft.EntityFrameworkCore.Database.Command|Executed DbCommand (6ms) [Parameters=[], CommandType='Text', CommandTimeout='30']
SELECT [a].[Id], [a].[InstanceScore], [a].[LatestScore], [a].[ScoreComparison], [a].[TimeStamp], [a].[UserId]
FROM [Scores] AS [a]
WHERE [a].[LatestScore] = 1
ORDER BY [a].[InstanceScore] DESC
2018-04-11 19:59:10.1866|INFO|Microsoft.EntityFrameworkCore.Database.Command|Executed DbCommand (6ms) [Parameters=[], CommandType='Text', CommandTimeout='30']
SELECT [a].[Id], [a].[InstanceScore], [a].[LatestScore], [a].[ScoreComparison], [a].[TimeStamp], [a].[UserId]
FROM [Scores] AS [a]
WHERE [a].[LatestScore] = 1
ORDER BY [a].[InstanceScore] DESC
2018-04-11 19:59:10.2033|INFO|Microsoft.EntityFrameworkCore.Database.Command|Executed DbCommand (2ms) [Parameters=[@__userId_0='?'], CommandType='Text', CommandTimeout='30']
SELECT TOP(1) [a].[Id], [a].[FirstName], [a].[IMEI], [a].[LastName], [a].[Password], [a].[UserName]
FROM [Users] AS [a]
WHERE [a].[Id] = @__userId_0
2018-04-11 19:59:10.2183|INFO|Microsoft.EntityFrameworkCore.Database.Command|Executed DbCommand (2ms) [Parameters=[@__userId_0='?'], CommandType='Text', CommandTimeout='30']
SELECT TOP(1) [a].[Id], [a].[FirstName], [a].[IMEI], [a].[LastName], [a].[Password], [a].[UserName]
FROM [Users] AS [a]
WHERE [a].[Id] = @__userId_0
2018-04-11 19:59:10.2321|INFO|Microsoft.EntityFrameworkCore.Database.Command|Executed DbCommand (3ms) [Parameters=[@__userId_0='?'], CommandType='Text', CommandTimeout='30']
SELECT CASE
    WHEN EXISTS (
        SELECT 1
        FROM [Scores] AS [a]
        WHERE [a].[UserId] = @__userId_0)
    THEN CAST(1 AS BIT) ELSE CAST(0 AS BIT)
END
2018-04-11 19:59:10.2916|INFO|Microsoft.EntityFrameworkCore.Database.Command|Executed DbCommand (3ms) [Parameters=[@__userId_0='?'], CommandType='Text', CommandTimeout='30']
SELECT CASE
    WHEN EXISTS (
        SELECT 1
        FROM [Scores] AS [a]
        WHERE [a].[UserId] = @__userId_0)
    THEN CAST(1 AS BIT) ELSE CAST(0 AS BIT)
END
2018-04-11 19:59:10.3153|INFO|Microsoft.EntityFrameworkCore.Database.Command|Executed DbCommand (12ms) [Parameters=[@__userId_0='?'], CommandType='Text', CommandTimeout='30']
SELECT [a].[Id], [a].[InstanceScore], [a].[LatestScore], [a].[ScoreComparison], [a].[TimeStamp], [a].[UserId]
FROM [Scores] AS [a]
WHERE [a].[UserId] = @__userId_0
2018-04-11 19:59:10.3458|INFO|Microsoft.EntityFrameworkCore.Database.Command|Executed DbCommand (12ms) [Parameters=[@__userId_0='?'], CommandType='Text', CommandTimeout='30']
SELECT [a].[Id], [a].[InstanceScore], [a].[LatestScore], [a].[ScoreComparison], [a].[TimeStamp], [a].[UserId]
FROM [Scores] AS [a]
WHERE [a].[UserId] = @__userId_0
2018-04-11 19:59:10.3833|INFO|Microsoft.EntityFrameworkCore.Database.Command|Executed DbCommand (3ms) [Parameters=[@p2='?', @p0='?' (Size = 200), @p1='?'], CommandType='Text', CommandTimeout='30']
SET NOCOUNT ON;
UPDATE [Scores] SET [ScoreComparison] = @p0, [TimeStamp] = @p1
WHERE [Id] = @p2;
SELECT @@ROWCOUNT;
2018-04-11 19:59:10.4048|INFO|Microsoft.EntityFrameworkCore.Database.Command|Executed DbCommand (3ms) [Parameters=[@p2='?', @p0='?' (Size = 200), @p1='?'], CommandType='Text', CommandTimeout='30']
SET NOCOUNT ON;
UPDATE [Scores] SET [ScoreComparison] = @p0, [TimeStamp] = @p1
WHERE [Id] = @p2;
SELECT @@ROWCOUNT;
2018-04-11 19:59:10.4342|INFO|Microsoft.AspNetCore.Mvc.Internal.ObjectResultExecutor|Executing ObjectResult, writing value Microsoft.AspNetCore.Mvc.ControllerContext.
2018-04-11 19:59:10.4450|INFO|Microsoft.AspNetCore.Mvc.Internal.ObjectResultExecutor|Executing ObjectResult, writing value Microsoft.AspNetCore.Mvc.ControllerContext.
2018-04-11 19:59:10.5265|INFO|Microsoft.AspNetCore.Mvc.Internal.ControllerActionInvoker|Executed action Library.API.Controllers.ScoresController.CreateScoreForUser (Library.API) in 2645.1789ms
2018-04-11 19:59:10.5405|INFO|Microsoft.AspNetCore.Mvc.Internal.ControllerActionInvoker|Executed action Library.API.Controllers.ScoresController.CreateScoreForUser (Library.API) in 2645.1789ms
2018-04-11 19:59:10.5483|INFO|Marvin.Cache.Headers.HttpCacheHeadersMiddleware|Generating expiration headers.
2018-04-11 19:59:10.5483|INFO|Marvin.Cache.Headers.HttpCacheHeadersMiddleware|Generating expiration headers.
2018-04-11 19:59:10.5706|INFO|Marvin.Cache.Headers.HttpCacheHeadersMiddleware|Expiration headers generated. Expires: Thu, 12 Apr 2018 00:09:10 GMT.  Cache-Control: public,max-age=600,must-revalidate.
2018-04-11 19:59:10.6994|INFO|Marvin.Cache.Headers.HttpCacheHeadersMiddleware|Expiration headers generated. Expires: Thu, 12 Apr 2018 00:09:10 GMT.  Cache-Control: public,max-age=600,must-revalidate.
2018-04-11 19:59:10.7058|INFO|Marvin.Cache.Headers.HttpCacheHeadersMiddleware|Generating Validation headers.
2018-04-11 19:59:10.7058|INFO|Marvin.Cache.Headers.HttpCacheHeadersMiddleware|Generating Validation headers.
2018-04-11 19:59:10.7200|INFO|Marvin.Cache.Headers.HttpCacheHeadersMiddleware|Validation headers generated. ETag: 57DC05DA2510E681990AC87CB22078B1. Last-Modified: Wed, 11 Apr 2018 23:59:10 GMT
2018-04-11 19:59:10.7200|INFO|Marvin.Cache.Headers.HttpCacheHeadersMiddleware|Validation headers generated. ETag: 57DC05DA2510E681990AC87CB22078B1. Last-Modified: Wed, 11 Apr 2018 23:59:10 GMT
2018-04-11 19:59:10.7352|INFO|Marvin.Cache.Headers.HttpCacheHeadersMiddleware|Generating Vary header.
2018-04-11 19:59:10.7352|INFO|Marvin.Cache.Headers.HttpCacheHeadersMiddleware|Generating Vary header.
2018-04-11 19:59:10.7521|INFO|Marvin.Cache.Headers.HttpCacheHeadersMiddleware|Vary header generated: Accept, Accept-Language, Accept-Encoding.
2018-04-11 19:59:10.7521|INFO|Marvin.Cache.Headers.HttpCacheHeadersMiddleware|Vary header generated: Accept, Accept-Language, Accept-Encoding.
2018-04-11 19:59:10.7769|INFO|Microsoft.AspNetCore.Hosting.Internal.WebHost|Request finished in 3212.1451ms 201 application/json; charset=utf-8
2018-04-11 19:59:10.7907|INFO|Microsoft.AspNetCore.Hosting.Internal.WebHost|Request finished in 3212.1451ms 201 application/json; charset=utf-8
2018-04-11 19:59:28.0276|INFO|Microsoft.AspNetCore.Hosting.Internal.WebHost|Request starting HTTP/1.1 POST http://localhost:6058/api/users/ application/json 113
2018-04-11 19:59:28.0842|INFO|Microsoft.AspNetCore.Hosting.Internal.WebHost|Request starting HTTP/1.1 POST http://localhost:6058/api/users/ application/json 113
2018-04-11 19:59:28.1576|INFO|Marvin.Cache.Headers.HttpCacheHeadersMiddleware|Checking for conditional GET/HEAD.
2018-04-11 19:59:28.1900|INFO|Marvin.Cache.Headers.HttpCacheHeadersMiddleware|Checking for conditional GET/HEAD.
2018-04-11 19:59:28.2346|INFO|Marvin.Cache.Headers.HttpCacheHeadersMiddleware|Not valid - method isn't GET or HEAD.
2018-04-11 19:59:28.3153|INFO|Marvin.Cache.Headers.HttpCacheHeadersMiddleware|Not valid - method isn't GET or HEAD.
2018-04-11 19:59:28.3298|INFO|Marvin.Cache.Headers.HttpCacheHeadersMiddleware|Don't generate 304 - Not Modified.  Continue.
2018-04-11 19:59:28.3298|INFO|Marvin.Cache.Headers.HttpCacheHeadersMiddleware|Don't generate 304 - Not Modified.  Continue.
2018-04-11 19:59:28.3298|INFO|Marvin.Cache.Headers.HttpCacheHeadersMiddleware|Checking for conditional PUT/PATCH.
2018-04-11 19:59:28.3524|INFO|Marvin.Cache.Headers.HttpCacheHeadersMiddleware|Checking for conditional PUT/PATCH.
2018-04-11 19:59:28.3524|INFO|Marvin.Cache.Headers.HttpCacheHeadersMiddleware|Not valid - method isn't PUT or PATCH.
2018-04-11 19:59:28.3655|INFO|Marvin.Cache.Headers.HttpCacheHeadersMiddleware|Not valid - method isn't PUT or PATCH.
2018-04-11 19:59:28.3655|INFO|Marvin.Cache.Headers.HttpCacheHeadersMiddleware|Don't generate 412 - Precondition Failed.  Continue.
2018-04-11 19:59:28.3796|INFO|Marvin.Cache.Headers.HttpCacheHeadersMiddleware|Don't generate 412 - Precondition Failed.  Continue.
2018-04-11 19:59:28.3796|INFO|Microsoft.EntityFrameworkCore.Infrastructure|Entity Framework Core 2.0.0-rtm-26452 initialized 'LibraryContext' using provider 'Microsoft.EntityFrameworkCore.SqlServer' with options: None
2018-04-11 19:59:28.3965|INFO|Microsoft.EntityFrameworkCore.Infrastructure|Entity Framework Core 2.0.0-rtm-26452 initialized 'LibraryContext' using provider 'Microsoft.EntityFrameworkCore.SqlServer' with options: None
2018-04-11 19:59:28.3965|INFO|Microsoft.EntityFrameworkCore.Database.Command|Executed DbCommand (1ms) [Parameters=[], CommandType='Text', CommandTimeout='30']
SELECT OBJECT_ID(N'__EFMigrationsHistory');
2018-04-11 19:59:28.4113|INFO|Microsoft.EntityFrameworkCore.Database.Command|Executed DbCommand (1ms) [Parameters=[], CommandType='Text', CommandTimeout='30']
SELECT OBJECT_ID(N'__EFMigrationsHistory');
2018-04-11 19:59:28.4362|INFO|Microsoft.EntityFrameworkCore.Database.Command|Executed DbCommand (0ms) [Parameters=[], CommandType='Text', CommandTimeout='30']
SELECT OBJECT_ID(N'__EFMigrationsHistory');
2018-04-11 19:59:28.4450|INFO|Microsoft.EntityFrameworkCore.Database.Command|Executed DbCommand (0ms) [Parameters=[], CommandType='Text', CommandTimeout='30']
SELECT OBJECT_ID(N'__EFMigrationsHistory');
2018-04-11 19:59:28.4450|INFO|Microsoft.EntityFrameworkCore.Database.Command|Executed DbCommand (1ms) [Parameters=[], CommandType='Text', CommandTimeout='30']
SELECT [MigrationId], [ProductVersion]
FROM [__EFMigrationsHistory]
ORDER BY [MigrationId];
2018-04-11 19:59:28.4774|INFO|Microsoft.EntityFrameworkCore.Database.Command|Executed DbCommand (1ms) [Parameters=[], CommandType='Text', CommandTimeout='30']
SELECT [MigrationId], [ProductVersion]
FROM [__EFMigrationsHistory]
ORDER BY [MigrationId];
2018-04-11 19:59:28.4774|INFO|Microsoft.EntityFrameworkCore.Migrations|No migrations were applied. The database is already up to date.
2018-04-11 19:59:28.4907|INFO|Microsoft.EntityFrameworkCore.Migrations|No migrations were applied. The database is already up to date.
2018-04-11 19:59:28.8577|INFO|Microsoft.AspNetCore.Mvc.Internal.ControllerActionInvoker|Executing action method Library.API.Controllers.UsersController.CreateUser (Library.API) with arguments (Library.API.Models.UserForCreationDto) - ModelState is Invalid
2018-04-11 19:59:28.8687|INFO|Microsoft.AspNetCore.Mvc.Internal.ControllerActionInvoker|Executing action method Library.API.Controllers.UsersController.CreateUser (Library.API) with arguments (Library.API.Models.UserForCreationDto) - ModelState is Invalid
2018-04-11 19:59:28.8977|INFO|Microsoft.EntityFrameworkCore.Database.Command|Executed DbCommand (2ms) [Parameters=[@p0='?', @p1='?' (Size = 50), @p2='?' (Size = 50), @p3='?' (Size = 50), @p4='?' (Size = 50), @p5='?' (Size = 50)], CommandType='Text', CommandTimeout='30']
SET NOCOUNT ON;
INSERT INTO [Users] ([Id], [FirstName], [IMEI], [LastName], [Password], [UserName])
VALUES (@p0, @p1, @p2, @p3, @p4, @p5);
2018-04-11 19:59:28.9857|INFO|Microsoft.EntityFrameworkCore.Database.Command|Executed DbCommand (2ms) [Parameters=[@p0='?', @p1='?' (Size = 50), @p2='?' (Size = 50), @p3='?' (Size = 50), @p4='?' (Size = 50), @p5='?' (Size = 50)], CommandType='Text', CommandTimeout='30']
SET NOCOUNT ON;
INSERT INTO [Users] ([Id], [FirstName], [IMEI], [LastName], [Password], [UserName])
VALUES (@p0, @p1, @p2, @p3, @p4, @p5);
2018-04-11 19:59:29.0047|INFO|Microsoft.AspNetCore.Mvc.Internal.ObjectResultExecutor|Executing ObjectResult, writing value Microsoft.AspNetCore.Mvc.ControllerContext.
2018-04-11 19:59:29.0444|INFO|Microsoft.AspNetCore.Mvc.Internal.ObjectResultExecutor|Executing ObjectResult, writing value Microsoft.AspNetCore.Mvc.ControllerContext.
2018-04-11 19:59:29.0580|INFO|Microsoft.AspNetCore.Mvc.Internal.ControllerActionInvoker|Executed action Library.API.Controllers.UsersController.CreateUser (Library.API) in 668.2109ms
2018-04-11 19:59:29.0788|INFO|Microsoft.AspNetCore.Mvc.Internal.ControllerActionInvoker|Executed action Library.API.Controllers.UsersController.CreateUser (Library.API) in 668.2109ms
2018-04-11 19:59:29.0788|INFO|Marvin.Cache.Headers.HttpCacheHeadersMiddleware|Generating expiration headers.
2018-04-11 19:59:29.0788|INFO|Marvin.Cache.Headers.HttpCacheHeadersMiddleware|Generating expiration headers.
2018-04-11 19:59:29.1018|INFO|Marvin.Cache.Headers.HttpCacheHeadersMiddleware|Expiration headers generated. Expires: Thu, 12 Apr 2018 00:09:29 GMT.  Cache-Control: public,max-age=600,must-revalidate.
2018-04-11 19:59:29.1330|INFO|Marvin.Cache.Headers.HttpCacheHeadersMiddleware|Expiration headers generated. Expires: Thu, 12 Apr 2018 00:09:29 GMT.  Cache-Control: public,max-age=600,must-revalidate.
2018-04-11 19:59:29.1424|INFO|Marvin.Cache.Headers.HttpCacheHeadersMiddleware|Generating Validation headers.
2018-04-11 19:59:29.1424|INFO|Marvin.Cache.Headers.HttpCacheHeadersMiddleware|Generating Validation headers.
2018-04-11 19:59:29.1616|INFO|Marvin.Cache.Headers.HttpCacheHeadersMiddleware|Validation headers generated. ETag: 7E73ABB5B430755CD6189B40C26F4E6E. Last-Modified: Wed, 11 Apr 2018 23:59:29 GMT
2018-04-11 19:59:29.1616|INFO|Marvin.Cache.Headers.HttpCacheHeadersMiddleware|Validation headers generated. ETag: 7E73ABB5B430755CD6189B40C26F4E6E. Last-Modified: Wed, 11 Apr 2018 23:59:29 GMT
2018-04-11 19:59:29.1773|INFO|Marvin.Cache.Headers.HttpCacheHeadersMiddleware|Generating Vary header.
2018-04-11 19:59:29.1773|INFO|Marvin.Cache.Headers.HttpCacheHeadersMiddleware|Generating Vary header.
2018-04-11 19:59:29.1915|INFO|Marvin.Cache.Headers.HttpCacheHeadersMiddleware|Vary header generated: Accept, Accept-Language, Accept-Encoding.
2018-04-11 19:59:29.1915|INFO|Marvin.Cache.Headers.HttpCacheHeadersMiddleware|Vary header generated: Accept, Accept-Language, Accept-Encoding.
2018-04-11 19:59:29.2163|INFO|Microsoft.AspNetCore.Hosting.Internal.WebHost|Request finished in 1186.7482ms 201 application/json; charset=utf-8
2018-04-11 19:59:29.2312|INFO|Microsoft.AspNetCore.Hosting.Internal.WebHost|Request finished in 1186.7482ms 201 application/json; charset=utf-8
