2018-04-02 14:04:09.3571|INFO|Microsoft.AspNetCore.DataProtection.KeyManagement.XmlKeyManager|User profile is available. Using 'C:\Users\wanis\AppData\Local\ASP.NET\DataProtection-Keys' as key repository and Windows DPAPI to encrypt keys at rest.
2018-04-02 14:04:14.1463|INFO|Microsoft.EntityFrameworkCore.Infrastructure|Entity Framework Core 2.0.0-rtm-26452 initialized 'LibraryContext' using provider 'Microsoft.EntityFrameworkCore.SqlServer' with options: None
2018-04-02 14:04:18.9802|INFO|Microsoft.EntityFrameworkCore.Database.Command|Executed DbCommand (38ms) [Parameters=[], CommandType='Text', CommandTimeout='30']
SELECT OBJECT_ID(N'__EFMigrationsHistory');
2018-04-02 14:04:19.0216|INFO|Microsoft.EntityFrameworkCore.Database.Command|Executed DbCommand (2ms) [Parameters=[], CommandType='Text', CommandTimeout='30']
SELECT OBJECT_ID(N'__EFMigrationsHistory');
2018-04-02 14:04:19.1167|INFO|Microsoft.EntityFrameworkCore.Database.Command|Executed DbCommand (3ms) [Parameters=[], CommandType='Text', CommandTimeout='30']
SELECT [MigrationId], [ProductVersion]
FROM [__EFMigrationsHistory]
ORDER BY [MigrationId];
2018-04-02 14:04:19.1925|INFO|Microsoft.EntityFrameworkCore.Migrations|No migrations were applied. The database is already up to date.
2018-04-02 14:04:20.2165|INFO|Microsoft.EntityFrameworkCore.Database.Command|Executed DbCommand (3ms) [Parameters=[], CommandType='Text', CommandTimeout='30']
SELECT [u].[Id], [u].[FirstName], [u].[IMEI], [u].[LastName], [u].[Password], [u].[UserName]
FROM [Users] AS [u]
2018-04-02 14:04:20.2165|INFO|Microsoft.EntityFrameworkCore.Database.Command|Executed DbCommand (3ms) [Parameters=[], CommandType='Text', CommandTimeout='30']
SELECT [u].[Id], [u].[FirstName], [u].[IMEI], [u].[LastName], [u].[Password], [u].[UserName]
FROM [Users] AS [u]
2018-04-02 14:04:20.5693|INFO|Microsoft.EntityFrameworkCore.Database.Command|Executed DbCommand (118ms) [Parameters=[@p0='?', @p1='?', @p2='?', @p3='?', @p4='?', @p5='?'], CommandType='Text', CommandTimeout='30']
SET NOCOUNT ON;
DELETE FROM [Users]
WHERE [Id] = @p0;
SELECT @@ROWCOUNT;

DELETE FROM [Users]
WHERE [Id] = @p1;
SELECT @@ROWCOUNT;

DELETE FROM [Users]
WHERE [Id] = @p2;
SELECT @@ROWCOUNT;

DELETE FROM [Users]
WHERE [Id] = @p3;
SELECT @@ROWCOUNT;

DELETE FROM [Users]
WHERE [Id] = @p4;
SELECT @@ROWCOUNT;

DELETE FROM [Users]
WHERE [Id] = @p5;
SELECT @@ROWCOUNT;
2018-04-02 14:04:20.6094|INFO|Microsoft.EntityFrameworkCore.Database.Command|Executed DbCommand (118ms) [Parameters=[@p0='?', @p1='?', @p2='?', @p3='?', @p4='?', @p5='?'], CommandType='Text', CommandTimeout='30']
SET NOCOUNT ON;
DELETE FROM [Users]
WHERE [Id] = @p0;
SELECT @@ROWCOUNT;

DELETE FROM [Users]
WHERE [Id] = @p1;
SELECT @@ROWCOUNT;

DELETE FROM [Users]
WHERE [Id] = @p2;
SELECT @@ROWCOUNT;

DELETE FROM [Users]
WHERE [Id] = @p3;
SELECT @@ROWCOUNT;

DELETE FROM [Users]
WHERE [Id] = @p4;
SELECT @@ROWCOUNT;

DELETE FROM [Users]
WHERE [Id] = @p5;
SELECT @@ROWCOUNT;
2018-04-02 14:04:20.6815|INFO|Microsoft.EntityFrameworkCore.Database.Command|Executed DbCommand (4ms) [Parameters=[@p0='?', @p1='?' (Size = 50), @p2='?' (Size = 50), @p3='?' (Size = 50), @p4='?' (Size = 50), @p5='?' (Size = 50), @p6='?', @p7='?' (Size = 50), @p8='?' (Size = 50), @p9='?' (Size = 50), @p10='?' (Size = 50), @p11='?' (Size = 50), @p12='?', @p13='?' (Size = 50), @p14='?' (Size = 50), @p15='?' (Size = 50), @p16='?' (Size = 50), @p17='?' (Size = 50), @p18='?', @p19='?' (Size = 50), @p20='?' (Size = 50), @p21='?' (Size = 50), @p22='?' (Size = 50), @p23='?' (Size = 50), @p24='?', @p25='?' (Size = 50), @p26='?' (Size = 50), @p27='?' (Size = 50), @p28='?' (Size = 50), @p29='?' (Size = 50), @p30='?', @p31='?' (Size = 50), @p32='?' (Size = 50), @p33='?' (Size = 50), @p34='?' (Size = 50), @p35='?' (Size = 50)], CommandType='Text', CommandTimeout='30']
SET NOCOUNT ON;
INSERT INTO [Users] ([Id], [FirstName], [IMEI], [LastName], [Password], [UserName])
VALUES (@p0, @p1, @p2, @p3, @p4, @p5),
(@p6, @p7, @p8, @p9, @p10, @p11),
(@p12, @p13, @p14, @p15, @p16, @p17),
(@p18, @p19, @p20, @p21, @p22, @p23),
(@p24, @p25, @p26, @p27, @p28, @p29),
(@p30, @p31, @p32, @p33, @p34, @p35);
2018-04-02 14:04:20.7122|INFO|Microsoft.EntityFrameworkCore.Database.Command|Executed DbCommand (4ms) [Parameters=[@p0='?', @p1='?' (Size = 50), @p2='?' (Size = 50), @p3='?' (Size = 50), @p4='?' (Size = 50), @p5='?' (Size = 50), @p6='?', @p7='?' (Size = 50), @p8='?' (Size = 50), @p9='?' (Size = 50), @p10='?' (Size = 50), @p11='?' (Size = 50), @p12='?', @p13='?' (Size = 50), @p14='?' (Size = 50), @p15='?' (Size = 50), @p16='?' (Size = 50), @p17='?' (Size = 50), @p18='?', @p19='?' (Size = 50), @p20='?' (Size = 50), @p21='?' (Size = 50), @p22='?' (Size = 50), @p23='?' (Size = 50), @p24='?', @p25='?' (Size = 50), @p26='?' (Size = 50), @p27='?' (Size = 50), @p28='?' (Size = 50), @p29='?' (Size = 50), @p30='?', @p31='?' (Size = 50), @p32='?' (Size = 50), @p33='?' (Size = 50), @p34='?' (Size = 50), @p35='?' (Size = 50)], CommandType='Text', CommandTimeout='30']
SET NOCOUNT ON;
INSERT INTO [Users] ([Id], [FirstName], [IMEI], [LastName], [Password], [UserName])
VALUES (@p0, @p1, @p2, @p3, @p4, @p5),
(@p6, @p7, @p8, @p9, @p10, @p11),
(@p12, @p13, @p14, @p15, @p16, @p17),
(@p18, @p19, @p20, @p21, @p22, @p23),
(@p24, @p25, @p26, @p27, @p28, @p29),
(@p30, @p31, @p32, @p33, @p34, @p35);
2018-04-02 14:04:20.7442|INFO|Microsoft.EntityFrameworkCore.Database.Command|Executed DbCommand (4ms) [Parameters=[@p36='?', @p37='?', @p38='?', @p39='?', @p40='?', @p41='?', @p42='?', @p43='?', @p44='?', @p45='?', @p46='?', @p47='?', @p48='?', @p49='?', @p50='?', @p51='?', @p52='?', @p53='?', @p54='?', @p55='?', @p56='?', @p57='?', @p58='?', @p59='?'], CommandType='Text', CommandTimeout='30']
SET NOCOUNT ON;
INSERT INTO [Scores] ([Id], [InstanceScore], [TimeStamp], [UserId])
VALUES (@p36, @p37, @p38, @p39),
(@p40, @p41, @p42, @p43),
(@p44, @p45, @p46, @p47),
(@p48, @p49, @p50, @p51),
(@p52, @p53, @p54, @p55),
(@p56, @p57, @p58, @p59);
2018-04-02 14:04:20.7766|INFO|Microsoft.EntityFrameworkCore.Database.Command|Executed DbCommand (4ms) [Parameters=[@p36='?', @p37='?', @p38='?', @p39='?', @p40='?', @p41='?', @p42='?', @p43='?', @p44='?', @p45='?', @p46='?', @p47='?', @p48='?', @p49='?', @p50='?', @p51='?', @p52='?', @p53='?', @p54='?', @p55='?', @p56='?', @p57='?', @p58='?', @p59='?'], CommandType='Text', CommandTimeout='30']
SET NOCOUNT ON;
INSERT INTO [Scores] ([Id], [InstanceScore], [TimeStamp], [UserId])
VALUES (@p36, @p37, @p38, @p39),
(@p40, @p41, @p42, @p43),
(@p44, @p45, @p46, @p47),
(@p48, @p49, @p50, @p51),
(@p52, @p53, @p54, @p55),
(@p56, @p57, @p58, @p59);
2018-04-02 14:04:22.7904|INFO|Microsoft.AspNetCore.Hosting.Internal.WebHost|Request starting HTTP/1.1 GET http://localhost:6058/  
2018-04-02 14:04:22.9162|INFO|Microsoft.AspNetCore.Hosting.Internal.WebHost|Request starting HTTP/1.1 GET http://localhost:6058/  
2018-04-02 14:04:23.2325|INFO|Microsoft.AspNetCore.ResponseCaching.ResponseCachingMiddleware|No cached response available for this request.
2018-04-02 14:04:23.2325|INFO|Microsoft.AspNetCore.ResponseCaching.ResponseCachingMiddleware|No cached response available for this request.
2018-04-02 14:04:23.3129|INFO|Marvin.Cache.Headers.HttpCacheHeadersMiddleware|Checking for conditional GET/HEAD.
2018-04-02 14:04:23.3129|INFO|Marvin.Cache.Headers.HttpCacheHeadersMiddleware|Checking for conditional GET/HEAD.
2018-04-02 14:04:23.4006|INFO|Marvin.Cache.Headers.HttpCacheHeadersMiddleware|Not valid - no If-None-Match or If-Modified-Since headers.
2018-04-02 14:04:23.4335|INFO|Marvin.Cache.Headers.HttpCacheHeadersMiddleware|Not valid - no If-None-Match or If-Modified-Since headers.
2018-04-02 14:04:23.4583|INFO|Marvin.Cache.Headers.HttpCacheHeadersMiddleware|Don't generate 304 - Not Modified.  Continue.
2018-04-02 14:04:23.4847|INFO|Marvin.Cache.Headers.HttpCacheHeadersMiddleware|Don't generate 304 - Not Modified.  Continue.
2018-04-02 14:04:23.5097|INFO|Marvin.Cache.Headers.HttpCacheHeadersMiddleware|Checking for conditional PUT/PATCH.
2018-04-02 14:04:23.5208|INFO|Marvin.Cache.Headers.HttpCacheHeadersMiddleware|Checking for conditional PUT/PATCH.
2018-04-02 14:04:23.5208|INFO|Marvin.Cache.Headers.HttpCacheHeadersMiddleware|Not valid - method isn't PUT or PATCH.
2018-04-02 14:04:23.5356|INFO|Marvin.Cache.Headers.HttpCacheHeadersMiddleware|Not valid - method isn't PUT or PATCH.
2018-04-02 14:04:23.5356|INFO|Marvin.Cache.Headers.HttpCacheHeadersMiddleware|Don't generate 412 - Precondition Failed.  Continue.
2018-04-02 14:04:23.5528|INFO|Marvin.Cache.Headers.HttpCacheHeadersMiddleware|Don't generate 412 - Precondition Failed.  Continue.
2018-04-02 14:04:24.0689|INFO|Marvin.Cache.Headers.HttpCacheHeadersMiddleware|Generating expiration headers.
2018-04-02 14:04:24.0926|INFO|Marvin.Cache.Headers.HttpCacheHeadersMiddleware|Generating expiration headers.
2018-04-02 14:04:24.1189|INFO|Marvin.Cache.Headers.HttpCacheHeadersMiddleware|Expiration headers generated. Expires: Mon, 02 Apr 2018 18:14:24 GMT.  Cache-Control: public,max-age=600,must-revalidate.
2018-04-02 14:04:24.1485|INFO|Marvin.Cache.Headers.HttpCacheHeadersMiddleware|Expiration headers generated. Expires: Mon, 02 Apr 2018 18:14:24 GMT.  Cache-Control: public,max-age=600,must-revalidate.
2018-04-02 14:04:24.1953|INFO|Marvin.Cache.Headers.HttpCacheHeadersMiddleware|Generating Validation headers.
2018-04-02 14:04:24.2417|INFO|Marvin.Cache.Headers.HttpCacheHeadersMiddleware|Generating Validation headers.
2018-04-02 14:04:24.2769|INFO|Marvin.Cache.Headers.HttpCacheHeadersMiddleware|Validation headers generated. ETag: 5120A3C0B326894928354F1CB315F146. Last-Modified: Mon, 02 Apr 2018 18:04:24 GMT
2018-04-02 14:04:24.3025|INFO|Marvin.Cache.Headers.HttpCacheHeadersMiddleware|Validation headers generated. ETag: 5120A3C0B326894928354F1CB315F146. Last-Modified: Mon, 02 Apr 2018 18:04:24 GMT
2018-04-02 14:04:24.3271|INFO|Marvin.Cache.Headers.HttpCacheHeadersMiddleware|Generating Vary header.
2018-04-02 14:04:24.3545|INFO|Marvin.Cache.Headers.HttpCacheHeadersMiddleware|Generating Vary header.
2018-04-02 14:04:24.3835|INFO|Marvin.Cache.Headers.HttpCacheHeadersMiddleware|Vary header generated: Accept, Accept-Language, Accept-Encoding.
2018-04-02 14:04:24.4175|INFO|Marvin.Cache.Headers.HttpCacheHeadersMiddleware|Vary header generated: Accept, Accept-Language, Accept-Encoding.
2018-04-02 14:04:24.5723|INFO|Microsoft.AspNetCore.ResponseCaching.ResponseCachingMiddleware|The response could not be cached for this request.
2018-04-02 14:04:24.6141|INFO|Microsoft.AspNetCore.ResponseCaching.ResponseCachingMiddleware|The response could not be cached for this request.
2018-04-02 14:04:24.6529|INFO|Microsoft.AspNetCore.Hosting.Internal.WebHost|Request finished in 1876.3042ms 404 
2018-04-02 14:04:24.6663|INFO|Microsoft.AspNetCore.Hosting.Internal.WebHost|Request finished in 1876.3042ms 404 
2018-04-02 14:13:16.0253|INFO|Microsoft.AspNetCore.Hosting.Internal.WebHost|Request starting HTTP/1.1 GET http://localhost:6058/api/users?orderBy=name&serchQuery=a&pageNumber=1&pageSize=1  
2018-04-02 14:13:16.0720|INFO|Microsoft.AspNetCore.Hosting.Internal.WebHost|Request starting HTTP/1.1 GET http://localhost:6058/api/users?orderBy=name&serchQuery=a&pageNumber=1&pageSize=1  
2018-04-02 14:13:16.0948|INFO|Microsoft.AspNetCore.ResponseCaching.ResponseCachingMiddleware|No cached response available for this request.
2018-04-02 14:13:16.1638|INFO|Microsoft.AspNetCore.ResponseCaching.ResponseCachingMiddleware|No cached response available for this request.
2018-04-02 14:13:16.1918|INFO|Marvin.Cache.Headers.HttpCacheHeadersMiddleware|Checking for conditional GET/HEAD.
2018-04-02 14:13:16.2337|INFO|Marvin.Cache.Headers.HttpCacheHeadersMiddleware|Checking for conditional GET/HEAD.
2018-04-02 14:13:16.2337|INFO|Marvin.Cache.Headers.HttpCacheHeadersMiddleware|Not valid - no If-None-Match or If-Modified-Since headers.
2018-04-02 14:13:16.2779|INFO|Marvin.Cache.Headers.HttpCacheHeadersMiddleware|Not valid - no If-None-Match or If-Modified-Since headers.
2018-04-02 14:13:16.3056|INFO|Marvin.Cache.Headers.HttpCacheHeadersMiddleware|Don't generate 304 - Not Modified.  Continue.
2018-04-02 14:13:16.3397|INFO|Marvin.Cache.Headers.HttpCacheHeadersMiddleware|Don't generate 304 - Not Modified.  Continue.
2018-04-02 14:13:16.3469|INFO|Marvin.Cache.Headers.HttpCacheHeadersMiddleware|Checking for conditional PUT/PATCH.
2018-04-02 14:13:16.3854|INFO|Marvin.Cache.Headers.HttpCacheHeadersMiddleware|Checking for conditional PUT/PATCH.
2018-04-02 14:13:16.3958|INFO|Marvin.Cache.Headers.HttpCacheHeadersMiddleware|Not valid - method isn't PUT or PATCH.
2018-04-02 14:13:16.4172|INFO|Marvin.Cache.Headers.HttpCacheHeadersMiddleware|Not valid - method isn't PUT or PATCH.
2018-04-02 14:13:16.4275|INFO|Marvin.Cache.Headers.HttpCacheHeadersMiddleware|Don't generate 412 - Precondition Failed.  Continue.
2018-04-02 14:13:16.4583|INFO|Marvin.Cache.Headers.HttpCacheHeadersMiddleware|Don't generate 412 - Precondition Failed.  Continue.
2018-04-02 14:13:16.7190|INFO|Microsoft.EntityFrameworkCore.Infrastructure|Entity Framework Core 2.0.0-rtm-26452 initialized 'LibraryContext' using provider 'Microsoft.EntityFrameworkCore.SqlServer' with options: None
2018-04-02 14:13:16.7602|INFO|Microsoft.EntityFrameworkCore.Infrastructure|Entity Framework Core 2.0.0-rtm-26452 initialized 'LibraryContext' using provider 'Microsoft.EntityFrameworkCore.SqlServer' with options: None
2018-04-02 14:13:17.0635|INFO|Microsoft.EntityFrameworkCore.Database.Command|Executed DbCommand (29ms) [Parameters=[], CommandType='Text', CommandTimeout='30']
SELECT OBJECT_ID(N'__EFMigrationsHistory');
2018-04-02 14:13:17.1178|INFO|Microsoft.EntityFrameworkCore.Database.Command|Executed DbCommand (29ms) [Parameters=[], CommandType='Text', CommandTimeout='30']
SELECT OBJECT_ID(N'__EFMigrationsHistory');
2018-04-02 14:13:17.1307|INFO|Microsoft.EntityFrameworkCore.Database.Command|Executed DbCommand (2ms) [Parameters=[], CommandType='Text', CommandTimeout='30']
SELECT OBJECT_ID(N'__EFMigrationsHistory');
2018-04-02 14:13:17.1707|INFO|Microsoft.EntityFrameworkCore.Database.Command|Executed DbCommand (2ms) [Parameters=[], CommandType='Text', CommandTimeout='30']
SELECT OBJECT_ID(N'__EFMigrationsHistory');
2018-04-02 14:13:17.1863|INFO|Microsoft.EntityFrameworkCore.Database.Command|Executed DbCommand (9ms) [Parameters=[], CommandType='Text', CommandTimeout='30']
SELECT [MigrationId], [ProductVersion]
FROM [__EFMigrationsHistory]
ORDER BY [MigrationId];
2018-04-02 14:13:17.2245|INFO|Microsoft.EntityFrameworkCore.Database.Command|Executed DbCommand (9ms) [Parameters=[], CommandType='Text', CommandTimeout='30']
SELECT [MigrationId], [ProductVersion]
FROM [__EFMigrationsHistory]
ORDER BY [MigrationId];
2018-04-02 14:13:17.2245|INFO|Microsoft.EntityFrameworkCore.Migrations|No migrations were applied. The database is already up to date.
2018-04-02 14:13:17.2419|INFO|Microsoft.EntityFrameworkCore.Migrations|No migrations were applied. The database is already up to date.
2018-04-02 14:13:17.3554|INFO|Microsoft.AspNetCore.Mvc.Internal.ControllerActionInvoker|Executing action method Library.API.Controllers.UsersController.GetUsers (Library.API) with arguments (Library.API.Helpers.UserResourceParameters, */*) - ModelState is Valid
2018-04-02 14:13:17.3818|INFO|Microsoft.AspNetCore.Mvc.Internal.ControllerActionInvoker|Executing action method Library.API.Controllers.UsersController.GetUsers (Library.API) with arguments (Library.API.Helpers.UserResourceParameters, */*) - ModelState is Valid
2018-04-02 14:13:19.4463|INFO|Microsoft.EntityFrameworkCore.Database.Command|Executed DbCommand (4ms) [Parameters=[], CommandType='Text', CommandTimeout='30']
SELECT COUNT(*)
FROM [Users] AS [u]
2018-04-02 14:13:19.4954|INFO|Microsoft.EntityFrameworkCore.Database.Command|Executed DbCommand (4ms) [Parameters=[], CommandType='Text', CommandTimeout='30']
SELECT COUNT(*)
FROM [Users] AS [u]
2018-04-02 14:13:19.5652|INFO|Microsoft.EntityFrameworkCore.Database.Command|Executed DbCommand (1ms) [Parameters=[@__p_0='?', @__p_1='?'], CommandType='Text', CommandTimeout='30']
SELECT [u].[Id], [u].[FirstName], [u].[IMEI], [u].[LastName], [u].[Password], [u].[UserName]
FROM [Users] AS [u]
ORDER BY [u].[FirstName], [u].[LastName]
OFFSET @__p_0 ROWS FETCH NEXT @__p_1 ROWS ONLY
2018-04-02 14:13:19.5995|INFO|Microsoft.EntityFrameworkCore.Database.Command|Executed DbCommand (1ms) [Parameters=[@__p_0='?', @__p_1='?'], CommandType='Text', CommandTimeout='30']
SELECT [u].[Id], [u].[FirstName], [u].[IMEI], [u].[LastName], [u].[Password], [u].[UserName]
FROM [Users] AS [u]
ORDER BY [u].[FirstName], [u].[LastName]
OFFSET @__p_0 ROWS FETCH NEXT @__p_1 ROWS ONLY
2018-04-02 14:13:19.8403|INFO|Microsoft.AspNetCore.Mvc.Internal.ObjectResultExecutor|Executing ObjectResult, writing value Microsoft.AspNetCore.Mvc.ControllerContext.
2018-04-02 14:13:19.8519|INFO|Microsoft.AspNetCore.Mvc.Internal.ObjectResultExecutor|Executing ObjectResult, writing value Microsoft.AspNetCore.Mvc.ControllerContext.
2018-04-02 14:13:19.9380|INFO|Microsoft.AspNetCore.Mvc.Internal.ControllerActionInvoker|Executed action Library.API.Controllers.UsersController.GetUsers (Library.API) in 3218.7225ms
2018-04-02 14:13:19.9705|INFO|Microsoft.AspNetCore.Mvc.Internal.ControllerActionInvoker|Executed action Library.API.Controllers.UsersController.GetUsers (Library.API) in 3218.7225ms
2018-04-02 14:13:19.9705|INFO|Marvin.Cache.Headers.HttpCacheHeadersMiddleware|Generating expiration headers.
2018-04-02 14:13:20.0019|INFO|Marvin.Cache.Headers.HttpCacheHeadersMiddleware|Generating expiration headers.
2018-04-02 14:13:20.0019|INFO|Marvin.Cache.Headers.HttpCacheHeadersMiddleware|Expiration headers generated. Expires: Mon, 02 Apr 2018 18:23:20 GMT.  Cache-Control: public,max-age=600,must-revalidate.
2018-04-02 14:13:20.0399|INFO|Marvin.Cache.Headers.HttpCacheHeadersMiddleware|Expiration headers generated. Expires: Mon, 02 Apr 2018 18:23:20 GMT.  Cache-Control: public,max-age=600,must-revalidate.
2018-04-02 14:13:20.0501|INFO|Marvin.Cache.Headers.HttpCacheHeadersMiddleware|Generating Validation headers.
2018-04-02 14:13:20.0853|INFO|Marvin.Cache.Headers.HttpCacheHeadersMiddleware|Generating Validation headers.
2018-04-02 14:13:20.0932|INFO|Marvin.Cache.Headers.HttpCacheHeadersMiddleware|Validation headers generated. ETag: 80A622BF4703125103FD760C313329B1. Last-Modified: Mon, 02 Apr 2018 18:13:20 GMT
2018-04-02 14:13:20.1150|INFO|Marvin.Cache.Headers.HttpCacheHeadersMiddleware|Validation headers generated. ETag: 80A622BF4703125103FD760C313329B1. Last-Modified: Mon, 02 Apr 2018 18:13:20 GMT
2018-04-02 14:13:20.1311|INFO|Marvin.Cache.Headers.HttpCacheHeadersMiddleware|Generating Vary header.
2018-04-02 14:13:20.1612|INFO|Marvin.Cache.Headers.HttpCacheHeadersMiddleware|Generating Vary header.
2018-04-02 14:13:20.1612|INFO|Marvin.Cache.Headers.HttpCacheHeadersMiddleware|Vary header generated: Accept, Accept-Language, Accept-Encoding.
2018-04-02 14:13:20.1993|INFO|Marvin.Cache.Headers.HttpCacheHeadersMiddleware|Vary header generated: Accept, Accept-Language, Accept-Encoding.
2018-04-02 14:13:20.2547|INFO|Microsoft.AspNetCore.ResponseCaching.ResponseCachingMiddleware|The response has been cached.
2018-04-02 14:13:20.2687|INFO|Microsoft.AspNetCore.ResponseCaching.ResponseCachingMiddleware|The response has been cached.
2018-04-02 14:13:20.2822|INFO|Microsoft.AspNetCore.Hosting.Internal.WebHost|Request finished in 4271.7609ms 200 application/json; charset=utf-8
2018-04-02 14:13:20.3050|INFO|Microsoft.AspNetCore.Hosting.Internal.WebHost|Request finished in 4271.7609ms 200 application/json; charset=utf-8
2018-04-02 14:13:42.8541|INFO|Microsoft.AspNetCore.Hosting.Internal.WebHost|Request starting HTTP/1.1 GET http://localhost:6058/api/account  
2018-04-02 14:13:42.8617|INFO|Microsoft.AspNetCore.Hosting.Internal.WebHost|Request starting HTTP/1.1 GET http://localhost:6058/api/account  
2018-04-02 14:13:42.8716|INFO|Microsoft.AspNetCore.ResponseCaching.ResponseCachingMiddleware|No cached response available for this request.
2018-04-02 14:13:42.8716|INFO|Microsoft.AspNetCore.ResponseCaching.ResponseCachingMiddleware|No cached response available for this request.
2018-04-02 14:13:42.8716|INFO|Marvin.Cache.Headers.HttpCacheHeadersMiddleware|Checking for conditional GET/HEAD.
2018-04-02 14:13:42.8903|INFO|Marvin.Cache.Headers.HttpCacheHeadersMiddleware|Checking for conditional GET/HEAD.
2018-04-02 14:13:42.8903|INFO|Marvin.Cache.Headers.HttpCacheHeadersMiddleware|Not valid - no If-None-Match or If-Modified-Since headers.
2018-04-02 14:13:42.9085|INFO|Marvin.Cache.Headers.HttpCacheHeadersMiddleware|Not valid - no If-None-Match or If-Modified-Since headers.
2018-04-02 14:13:42.9329|INFO|Marvin.Cache.Headers.HttpCacheHeadersMiddleware|Don't generate 304 - Not Modified.  Continue.
2018-04-02 14:13:42.9616|INFO|Marvin.Cache.Headers.HttpCacheHeadersMiddleware|Don't generate 304 - Not Modified.  Continue.
2018-04-02 14:13:42.9911|INFO|Marvin.Cache.Headers.HttpCacheHeadersMiddleware|Checking for conditional PUT/PATCH.
2018-04-02 14:13:43.0186|INFO|Marvin.Cache.Headers.HttpCacheHeadersMiddleware|Checking for conditional PUT/PATCH.
2018-04-02 14:13:43.0398|INFO|Marvin.Cache.Headers.HttpCacheHeadersMiddleware|Not valid - method isn't PUT or PATCH.
2018-04-02 14:13:43.0478|INFO|Marvin.Cache.Headers.HttpCacheHeadersMiddleware|Not valid - method isn't PUT or PATCH.
2018-04-02 14:13:43.0728|INFO|Marvin.Cache.Headers.HttpCacheHeadersMiddleware|Don't generate 412 - Precondition Failed.  Continue.
2018-04-02 14:13:43.0974|INFO|Marvin.Cache.Headers.HttpCacheHeadersMiddleware|Don't generate 412 - Precondition Failed.  Continue.
2018-04-02 14:13:43.0974|INFO|Marvin.Cache.Headers.HttpCacheHeadersMiddleware|Generating expiration headers.
2018-04-02 14:13:43.1307|INFO|Marvin.Cache.Headers.HttpCacheHeadersMiddleware|Generating expiration headers.
2018-04-02 14:13:43.1307|INFO|Marvin.Cache.Headers.HttpCacheHeadersMiddleware|Expiration headers generated. Expires: Mon, 02 Apr 2018 18:23:43 GMT.  Cache-Control: public,max-age=600,must-revalidate.
2018-04-02 14:13:43.1642|INFO|Marvin.Cache.Headers.HttpCacheHeadersMiddleware|Expiration headers generated. Expires: Mon, 02 Apr 2018 18:23:43 GMT.  Cache-Control: public,max-age=600,must-revalidate.
2018-04-02 14:13:43.1642|INFO|Marvin.Cache.Headers.HttpCacheHeadersMiddleware|Generating Validation headers.
2018-04-02 14:13:43.1982|INFO|Marvin.Cache.Headers.HttpCacheHeadersMiddleware|Generating Validation headers.
2018-04-02 14:13:43.2277|INFO|Marvin.Cache.Headers.HttpCacheHeadersMiddleware|Validation headers generated. ETag: CF5A1EA594EF74C34422274316F8CCFC. Last-Modified: Mon, 02 Apr 2018 18:13:43 GMT
2018-04-02 14:13:43.2533|INFO|Marvin.Cache.Headers.HttpCacheHeadersMiddleware|Validation headers generated. ETag: CF5A1EA594EF74C34422274316F8CCFC. Last-Modified: Mon, 02 Apr 2018 18:13:43 GMT
2018-04-02 14:13:43.2769|INFO|Marvin.Cache.Headers.HttpCacheHeadersMiddleware|Generating Vary header.
2018-04-02 14:13:43.3026|INFO|Marvin.Cache.Headers.HttpCacheHeadersMiddleware|Generating Vary header.
2018-04-02 14:13:43.3268|INFO|Marvin.Cache.Headers.HttpCacheHeadersMiddleware|Vary header generated: Accept, Accept-Language, Accept-Encoding.
2018-04-02 14:13:43.3419|INFO|Marvin.Cache.Headers.HttpCacheHeadersMiddleware|Vary header generated: Accept, Accept-Language, Accept-Encoding.
2018-04-02 14:13:43.3680|INFO|Microsoft.AspNetCore.ResponseCaching.ResponseCachingMiddleware|The response could not be cached for this request.
2018-04-02 14:13:43.4032|INFO|Microsoft.AspNetCore.ResponseCaching.ResponseCachingMiddleware|The response could not be cached for this request.
2018-04-02 14:13:43.4452|INFO|Microsoft.AspNetCore.Hosting.Internal.WebHost|Request finished in 558.3879ms 404 
2018-04-02 14:13:43.4764|INFO|Microsoft.AspNetCore.Hosting.Internal.WebHost|Request finished in 558.3879ms 404 
2018-04-02 14:14:03.3348|INFO|Microsoft.AspNetCore.Hosting.Internal.WebHost|Request starting HTTP/1.1 GET http://localhost:6058/api/account  
2018-04-02 14:14:03.3419|INFO|Microsoft.AspNetCore.Hosting.Internal.WebHost|Request starting HTTP/1.1 GET http://localhost:6058/api/account  
2018-04-02 14:14:03.3419|INFO|Microsoft.AspNetCore.ResponseCaching.ResponseCachingMiddleware|No cached response available for this request.
2018-04-02 14:14:03.3419|INFO|Microsoft.AspNetCore.ResponseCaching.ResponseCachingMiddleware|No cached response available for this request.
2018-04-02 14:14:03.3841|INFO|Marvin.Cache.Headers.HttpCacheHeadersMiddleware|Checking for conditional GET/HEAD.
2018-04-02 14:14:03.4134|INFO|Marvin.Cache.Headers.HttpCacheHeadersMiddleware|Checking for conditional GET/HEAD.
2018-04-02 14:14:03.4380|INFO|Marvin.Cache.Headers.HttpCacheHeadersMiddleware|Not valid - no If-None-Match or If-Modified-Since headers.
2018-04-02 14:14:03.4380|INFO|Marvin.Cache.Headers.HttpCacheHeadersMiddleware|Not valid - no If-None-Match or If-Modified-Since headers.
2018-04-02 14:14:03.4527|INFO|Marvin.Cache.Headers.HttpCacheHeadersMiddleware|Don't generate 304 - Not Modified.  Continue.
2018-04-02 14:14:03.4794|INFO|Marvin.Cache.Headers.HttpCacheHeadersMiddleware|Don't generate 304 - Not Modified.  Continue.
2018-04-02 14:14:03.5038|INFO|Marvin.Cache.Headers.HttpCacheHeadersMiddleware|Checking for conditional PUT/PATCH.
2018-04-02 14:14:03.5169|INFO|Marvin.Cache.Headers.HttpCacheHeadersMiddleware|Checking for conditional PUT/PATCH.
2018-04-02 14:14:03.5463|INFO|Marvin.Cache.Headers.HttpCacheHeadersMiddleware|Not valid - method isn't PUT or PATCH.
2018-04-02 14:14:03.5722|INFO|Marvin.Cache.Headers.HttpCacheHeadersMiddleware|Not valid - method isn't PUT or PATCH.
2018-04-02 14:14:03.5722|INFO|Marvin.Cache.Headers.HttpCacheHeadersMiddleware|Don't generate 412 - Precondition Failed.  Continue.
2018-04-02 14:14:03.6058|INFO|Marvin.Cache.Headers.HttpCacheHeadersMiddleware|Don't generate 412 - Precondition Failed.  Continue.
2018-04-02 14:14:03.6107|INFO|Marvin.Cache.Headers.HttpCacheHeadersMiddleware|Generating expiration headers.
2018-04-02 14:14:03.6383|INFO|Marvin.Cache.Headers.HttpCacheHeadersMiddleware|Generating expiration headers.
2018-04-02 14:14:03.6383|INFO|Marvin.Cache.Headers.HttpCacheHeadersMiddleware|Expiration headers generated. Expires: Mon, 02 Apr 2018 18:24:03 GMT.  Cache-Control: public,max-age=600,must-revalidate.
2018-04-02 14:14:03.6383|INFO|Marvin.Cache.Headers.HttpCacheHeadersMiddleware|Expiration headers generated. Expires: Mon, 02 Apr 2018 18:24:03 GMT.  Cache-Control: public,max-age=600,must-revalidate.
2018-04-02 14:14:03.6555|INFO|Marvin.Cache.Headers.HttpCacheHeadersMiddleware|Generating Validation headers.
2018-04-02 14:14:03.6826|INFO|Marvin.Cache.Headers.HttpCacheHeadersMiddleware|Generating Validation headers.
2018-04-02 14:14:03.6873|INFO|Marvin.Cache.Headers.HttpCacheHeadersMiddleware|Validation headers generated. ETag: CF5A1EA594EF74C34422274316F8CCFC. Last-Modified: Mon, 02 Apr 2018 18:14:03 GMT
2018-04-02 14:14:03.7275|INFO|Marvin.Cache.Headers.HttpCacheHeadersMiddleware|Validation headers generated. ETag: CF5A1EA594EF74C34422274316F8CCFC. Last-Modified: Mon, 02 Apr 2018 18:14:03 GMT
2018-04-02 14:14:03.7339|INFO|Marvin.Cache.Headers.HttpCacheHeadersMiddleware|Generating Vary header.
2018-04-02 14:14:03.7339|INFO|Marvin.Cache.Headers.HttpCacheHeadersMiddleware|Generating Vary header.
2018-04-02 14:14:03.7483|INFO|Marvin.Cache.Headers.HttpCacheHeadersMiddleware|Vary header generated: Accept, Accept-Language, Accept-Encoding.
2018-04-02 14:14:03.7765|INFO|Marvin.Cache.Headers.HttpCacheHeadersMiddleware|Vary header generated: Accept, Accept-Language, Accept-Encoding.
2018-04-02 14:14:03.8003|INFO|Microsoft.AspNetCore.ResponseCaching.ResponseCachingMiddleware|The response could not be cached for this request.
2018-04-02 14:14:03.8285|INFO|Microsoft.AspNetCore.ResponseCaching.ResponseCachingMiddleware|The response could not be cached for this request.
2018-04-02 14:14:03.8494|INFO|Microsoft.AspNetCore.Hosting.Internal.WebHost|Request finished in 497.3788ms 404 
2018-04-02 14:14:03.8660|INFO|Microsoft.AspNetCore.Hosting.Internal.WebHost|Request finished in 497.3788ms 404 
2018-04-02 14:14:17.5727|INFO|Microsoft.AspNetCore.Hosting.Internal.WebHost|Request starting HTTP/1.1 GET http://localhost:6058/api/account  
2018-04-02 14:14:17.5808|INFO|Microsoft.AspNetCore.Hosting.Internal.WebHost|Request starting HTTP/1.1 GET http://localhost:6058/api/account  
2018-04-02 14:14:17.6061|INFO|Microsoft.AspNetCore.ResponseCaching.ResponseCachingMiddleware|No cached response available for this request.
2018-04-02 14:14:17.6191|INFO|Microsoft.AspNetCore.ResponseCaching.ResponseCachingMiddleware|No cached response available for this request.
2018-04-02 14:14:17.6417|INFO|Marvin.Cache.Headers.HttpCacheHeadersMiddleware|Checking for conditional GET/HEAD.
2018-04-02 14:14:17.6417|INFO|Marvin.Cache.Headers.HttpCacheHeadersMiddleware|Checking for conditional GET/HEAD.
2018-04-02 14:14:17.6721|INFO|Marvin.Cache.Headers.HttpCacheHeadersMiddleware|Not valid - no If-None-Match or If-Modified-Since headers.
2018-04-02 14:14:17.6972|INFO|Marvin.Cache.Headers.HttpCacheHeadersMiddleware|Not valid - no If-None-Match or If-Modified-Since headers.
2018-04-02 14:14:17.7293|INFO|Marvin.Cache.Headers.HttpCacheHeadersMiddleware|Don't generate 304 - Not Modified.  Continue.
2018-04-02 14:14:17.7534|INFO|Marvin.Cache.Headers.HttpCacheHeadersMiddleware|Don't generate 304 - Not Modified.  Continue.
2018-04-02 14:14:17.7534|INFO|Marvin.Cache.Headers.HttpCacheHeadersMiddleware|Checking for conditional PUT/PATCH.
2018-04-02 14:14:17.7835|INFO|Marvin.Cache.Headers.HttpCacheHeadersMiddleware|Checking for conditional PUT/PATCH.
2018-04-02 14:14:17.7835|INFO|Marvin.Cache.Headers.HttpCacheHeadersMiddleware|Not valid - method isn't PUT or PATCH.
2018-04-02 14:14:17.7947|INFO|Marvin.Cache.Headers.HttpCacheHeadersMiddleware|Not valid - method isn't PUT or PATCH.
2018-04-02 14:14:17.8165|INFO|Marvin.Cache.Headers.HttpCacheHeadersMiddleware|Don't generate 412 - Precondition Failed.  Continue.
2018-04-02 14:14:17.8255|INFO|Marvin.Cache.Headers.HttpCacheHeadersMiddleware|Don't generate 412 - Precondition Failed.  Continue.
2018-04-02 14:14:17.8255|INFO|Marvin.Cache.Headers.HttpCacheHeadersMiddleware|Generating expiration headers.
2018-04-02 14:14:17.8255|INFO|Marvin.Cache.Headers.HttpCacheHeadersMiddleware|Generating expiration headers.
2018-04-02 14:14:17.8580|INFO|Marvin.Cache.Headers.HttpCacheHeadersMiddleware|Expiration headers generated. Expires: Mon, 02 Apr 2018 18:24:17 GMT.  Cache-Control: public,max-age=600,must-revalidate.
2018-04-02 14:14:17.8580|INFO|Marvin.Cache.Headers.HttpCacheHeadersMiddleware|Expiration headers generated. Expires: Mon, 02 Apr 2018 18:24:17 GMT.  Cache-Control: public,max-age=600,must-revalidate.
2018-04-02 14:14:17.8725|INFO|Marvin.Cache.Headers.HttpCacheHeadersMiddleware|Generating Validation headers.
2018-04-02 14:14:17.8725|INFO|Marvin.Cache.Headers.HttpCacheHeadersMiddleware|Generating Validation headers.
2018-04-02 14:14:17.8900|INFO|Marvin.Cache.Headers.HttpCacheHeadersMiddleware|Validation headers generated. ETag: CF5A1EA594EF74C34422274316F8CCFC. Last-Modified: Mon, 02 Apr 2018 18:14:17 GMT
2018-04-02 14:14:17.9183|INFO|Marvin.Cache.Headers.HttpCacheHeadersMiddleware|Validation headers generated. ETag: CF5A1EA594EF74C34422274316F8CCFC. Last-Modified: Mon, 02 Apr 2018 18:14:17 GMT
2018-04-02 14:14:17.9230|INFO|Marvin.Cache.Headers.HttpCacheHeadersMiddleware|Generating Vary header.
2018-04-02 14:14:17.9500|INFO|Marvin.Cache.Headers.HttpCacheHeadersMiddleware|Generating Vary header.
2018-04-02 14:14:17.9544|INFO|Marvin.Cache.Headers.HttpCacheHeadersMiddleware|Vary header generated: Accept, Accept-Language, Accept-Encoding.
2018-04-02 14:14:17.9825|INFO|Marvin.Cache.Headers.HttpCacheHeadersMiddleware|Vary header generated: Accept, Accept-Language, Accept-Encoding.
2018-04-02 14:14:17.9825|INFO|Microsoft.AspNetCore.ResponseCaching.ResponseCachingMiddleware|The response could not be cached for this request.
2018-04-02 14:14:17.9825|INFO|Microsoft.AspNetCore.ResponseCaching.ResponseCachingMiddleware|The response could not be cached for this request.
2018-04-02 14:14:18.0022|INFO|Microsoft.AspNetCore.Hosting.Internal.WebHost|Request finished in 428.5795ms 404 
2018-04-02 14:14:18.0156|INFO|Microsoft.AspNetCore.Hosting.Internal.WebHost|Request finished in 428.5795ms 404 
2018-04-02 14:14:43.3835|INFO|Microsoft.AspNetCore.Hosting.Internal.WebHost|Request starting HTTP/1.1 POST http://localhost:6058/api/account text/plain 82
2018-04-02 14:14:43.3903|INFO|Microsoft.AspNetCore.Hosting.Internal.WebHost|Request starting HTTP/1.1 POST http://localhost:6058/api/account text/plain 82
2018-04-02 14:14:43.5161|INFO|Marvin.Cache.Headers.HttpCacheHeadersMiddleware|Checking for conditional GET/HEAD.
2018-04-02 14:14:43.5540|INFO|Marvin.Cache.Headers.HttpCacheHeadersMiddleware|Checking for conditional GET/HEAD.
2018-04-02 14:14:43.5848|INFO|Marvin.Cache.Headers.HttpCacheHeadersMiddleware|Not valid - method isn't GET or HEAD.
2018-04-02 14:14:43.6022|INFO|Marvin.Cache.Headers.HttpCacheHeadersMiddleware|Not valid - method isn't GET or HEAD.
2018-04-02 14:14:43.6022|INFO|Marvin.Cache.Headers.HttpCacheHeadersMiddleware|Don't generate 304 - Not Modified.  Continue.
2018-04-02 14:14:43.6362|INFO|Marvin.Cache.Headers.HttpCacheHeadersMiddleware|Don't generate 304 - Not Modified.  Continue.
2018-04-02 14:14:43.6600|INFO|Marvin.Cache.Headers.HttpCacheHeadersMiddleware|Checking for conditional PUT/PATCH.
2018-04-02 14:14:43.6914|INFO|Marvin.Cache.Headers.HttpCacheHeadersMiddleware|Checking for conditional PUT/PATCH.
2018-04-02 14:14:43.6914|INFO|Marvin.Cache.Headers.HttpCacheHeadersMiddleware|Not valid - method isn't PUT or PATCH.
2018-04-02 14:14:43.7551|INFO|Marvin.Cache.Headers.HttpCacheHeadersMiddleware|Not valid - method isn't PUT or PATCH.
2018-04-02 14:14:43.7946|INFO|Marvin.Cache.Headers.HttpCacheHeadersMiddleware|Don't generate 412 - Precondition Failed.  Continue.
2018-04-02 14:14:43.8148|INFO|Marvin.Cache.Headers.HttpCacheHeadersMiddleware|Don't generate 412 - Precondition Failed.  Continue.
